                  :-) GROMACS - gmx mdrun, 2023.1-Homebrew (-:

Copyright 1991-2023 The GROMACS Authors.
GROMACS is free software; you can redistribute it and/or modify it
under the terms of the GNU Lesser General Public License
as published by the Free Software Foundation; either version 2.1
of the License, or (at your option) any later version.

                         Current GROMACS contributors:
       Mark Abraham           Andrey Alekseenko           Cathrine Bergh      
      Christian Blau            Eliane Briand             Mahesh Doijade      
    Stefan Fleischmann           Vytas Gapsys              Gaurav Garg        
      Sergey Gorelov         Gilles Gouaillardet            Alan Gray         
     M. Eric Irrgang         Farzaneh Jalalypour            Joe Jordan        
    Christoph Junghans        Prashanth Kanduri          Sebastian Keller     
     Carsten Kutzner           Justin A. Lemkul          Magnus Lundborg      
       Pascal Merz              Vedran Miletic            Dmitry Morozov      
       Szilard Pall             Roland Schulz             Michael Shirts      
     Alexey Shvetsov            Balint Soproni         David van der Spoel    
      Philip Turner             Carsten Uphoff           Alessandra Villa     
 Sebastian Wingbermuehle        Artem Zhmurov       

                         Previous GROMACS contributors:
        Emile Apol             Rossen Apostolov           James Barnett       
  Herman J.C. Berendsen          Par Bjelkmar           Viacheslav Bolnykh    
        Kevin Boyd            Aldert van Buuren          Carlo Camilloni      
     Rudi van Drunen            Anton Feenstra           Oliver Fleetwood     
     Gerrit Groenhof            Bert de Groot             Anca Hamuraru       
    Vincent Hindriksen          Victor Holanda           Aleksei Iupinov      
   Dimitrios Karkoulis           Peter Kasson             Sebastian Kehl      
        Jiri Kraus               Per Larsson              Viveca Lindahl      
      Erik Marklund           Pieter Meulenhoff           Teemu Murtola       
       Sander Pronk             Alfons Sijbers            Peter Tieleman      
       Jon Vincent             Teemu Virolainen         Christian Wennberg    
       Maarten Wolf       

                  Coordinated by the GROMACS project leaders:
                    Paul Bauer, Berk Hess, and Erik Lindahl

GROMACS:      gmx mdrun, version 2023.1-Homebrew
Executable:   /usr/local/bin/../Cellar/gromacs/2023.1/bin/gmx
Data prefix:  /usr/local/bin/../Cellar/gromacs/2023.1
Working dir:  /Users/valentina/Desktop/PGT_course/Session2/practical
Process ID:   69068
Command line:
  gmx mdrun -v

GROMACS version:    2023.1-Homebrew
Precision:          mixed
Memory model:       64 bit
MPI library:        thread_mpi
OpenMP support:     enabled (GMX_OPENMP_MAX_THREADS = 128)
GPU support:        disabled
SIMD instructions:  SSE4.1
CPU FFT library:    fftw-3.3.10-sse2-avx-avx2-avx2_128
GPU FFT library:    none
Multi-GPU FFT:      none
RDTSCP usage:       enabled
TNG support:        enabled
Hwloc support:      disabled
Tracing support:    disabled
C compiler:         /usr/local/opt/gcc/bin/gcc-12
C compiler flags:   -fexcess-precision=fast -funroll-all-loops -Wa,-q -msse4.1 -Wno-missing-field-initializers -O3 -DNDEBUG
C++ compiler:       /usr/local/opt/gcc/bin/g++-12
C++ compiler flags: -fexcess-precision=fast -funroll-all-loops -Wa,-q -msse4.1 -Wno-missing-field-initializers -Weverything -Wno-c++98-compat -Wno-c++98-compat-pedantic -Wno-return-std-move-in-c++11 -Wno-source-uses-openmp -Wno-c++17-extensions -Wno-documentation-unknown-command -Wno-covered-switch-default -Wno-switch-enum -Wno-extra-semi-stmt -Wno-weak-vtables -Wno-shadow -Wno-padded -Wno-reserved-id-macro -Wno-double-promotion -Wno-exit-time-destructors -Wno-global-constructors -Wno-documentation -Wno-format-nonliteral -Wno-used-but-marked-unused -Wno-float-equal -Wno-conditional-uninitialized -Wno-conversion -Wno-disabled-macro-expansion -Wno-unused-macros -Wno-unsafe-buffer-usage -Wno-cast-function-type-strict -fopenmp -O3 -DNDEBUG
BLAS library:       External - detected on the system
LAPACK library:     External - detected on the system


Running on 1 node with total 0 processing units
Hardware detected on host Yablochko-2.local:
  CPU info:
    Vendor: Intel
    Brand:  Intel(R) Core(TM) i7-1068NG7 CPU @ 2.30GHz
    Family: 6   Model: 126   Stepping: 5
    Features: aes apic avx avx2 avx512f avx512cd avx512bw avx512vl clfsh cmov cx8 cx16 f16c fma htt intel lahf mmx msr nonstop_tsc pcid pclmuldq pdcm pdpe1gb popcnt pse rdrnd rdtscp sha sse2 sse3 sse4.1 sse4.2 ssse3 tdt x2apic
    Number of AVX-512 FMA units: Cannot run AVX-512 detection - assuming 2
  Hardware topology: Only logical processor count
    CPU limit set by OS: -1   Recommended max number of threads: 8

Highest SIMD level supported by all nodes in run: AVX_512
SIMD instructions selected at compile time:       SSE4.1
This program was compiled for different hardware than you are running on,
which could influence performance.

++++ PLEASE READ AND CITE THE FOLLOWING REFERENCE ++++
M. J. Abraham, T. Murtola, R. Schulz, S. Páll, J. C. Smith, B. Hess, E.
Lindahl
GROMACS: High performance molecular simulations through multi-level
parallelism from laptops to supercomputers
SoftwareX 1 (2015) pp. 19-25
-------- -------- --- Thank You --- -------- --------


++++ PLEASE READ AND CITE THE FOLLOWING REFERENCE ++++
S. Páll, M. J. Abraham, C. Kutzner, B. Hess, E. Lindahl
Tackling Exascale Software Challenges in Molecular Dynamics Simulations with
GROMACS
In S. Markidis & E. Laure (Eds.), Solving Software Challenges for Exascale 8759 (2015) pp. 3-27
-------- -------- --- Thank You --- -------- --------


++++ PLEASE READ AND CITE THE FOLLOWING REFERENCE ++++
S. Pronk, S. Páll, R. Schulz, P. Larsson, P. Bjelkmar, R. Apostolov, M. R.
Shirts, J. C. Smith, P. M. Kasson, D. van der Spoel, B. Hess, and E. Lindahl
GROMACS 4.5: a high-throughput and highly parallel open source molecular
simulation toolkit
Bioinformatics 29 (2013) pp. 845-54
-------- -------- --- Thank You --- -------- --------


++++ PLEASE READ AND CITE THE FOLLOWING REFERENCE ++++
B. Hess and C. Kutzner and D. van der Spoel and E. Lindahl
GROMACS 4: Algorithms for highly efficient, load-balanced, and scalable
molecular simulation
J. Chem. Theory Comput. 4 (2008) pp. 435-447
-------- -------- --- Thank You --- -------- --------


++++ PLEASE READ AND CITE THE FOLLOWING REFERENCE ++++
D. van der Spoel, E. Lindahl, B. Hess, G. Groenhof, A. E. Mark and H. J. C.
Berendsen
GROMACS: Fast, Flexible and Free
J. Comp. Chem. 26 (2005) pp. 1701-1719
-------- -------- --- Thank You --- -------- --------


++++ PLEASE READ AND CITE THE FOLLOWING REFERENCE ++++
E. Lindahl and B. Hess and D. van der Spoel
GROMACS 3.0: A package for molecular simulation and trajectory analysis
J. Mol. Mod. 7 (2001) pp. 306-317
-------- -------- --- Thank You --- -------- --------


++++ PLEASE READ AND CITE THE FOLLOWING REFERENCE ++++
H. J. C. Berendsen, D. van der Spoel and R. van Drunen
GROMACS: A message-passing parallel molecular dynamics implementation
Comp. Phys. Comm. 91 (1995) pp. 43-56
-------- -------- --- Thank You --- -------- --------

Multiple energy groups is not implemented for GPUs, falling back to the CPU. For better performance, run on the GPU without energy groups and then do gmx mdrun -rerun option on the trajectory with an energy group .tpr file.
Input Parameters:
   integrator                     = md
   tinit                          = 0
   dt                             = 0.001
   nsteps                         = 50000
   init-step                      = 0
   simulation-part                = 1
   mts                            = false
   comm-mode                      = Linear
   nstcomm                        = 100
   bd-fric                        = 0
   ld-seed                        = -18887315
   emtol                          = 10
   emstep                         = 0.01
   niter                          = 20
   fcstep                         = 0
   nstcgsteep                     = 1000
   nbfgscorr                      = 10
   rtpi                           = 0.05
   nstxout                        = 1000
   nstvout                        = 1000
   nstfout                        = 0
   nstlog                         = 1000
   nstcalcenergy                  = 100
   nstenergy                      = 1000
   nstxout-compressed             = 1000
   compressed-x-precision         = 1000
   cutoff-scheme                  = Verlet
   nstlist                        = 10
   pbc                            = xyz
   periodic-molecules             = false
   verlet-buffer-tolerance        = 0.005
   rlist                          = 1.2
   coulombtype                    = PME
   coulomb-modifier               = Potential-shift
   rcoulomb-switch                = 0
   rcoulomb                       = 1.2
   epsilon-r                      = 1
   epsilon-rf                     = inf
   vdw-type                       = Cut-off
   vdw-modifier                   = Potential-shift
   rvdw-switch                    = 0
   rvdw                           = 1.2
   DispCorr                       = No
   table-extension                = 1
   fourierspacing                 = 0.12
   fourier-nx                     = 64
   fourier-ny                     = 64
   fourier-nz                     = 64
   pme-order                      = 4
   ewald-rtol                     = 1e-05
   ewald-rtol-lj                  = 0.001
   lj-pme-comb-rule               = Geometric
   ewald-geometry                 = 3d
   epsilon-surface                = 0
   ensemble-temperature-setting   = constant
   ensemble-temperature           = 300
   tcoupl                         = V-rescale
   nsttcouple                     = 20
   nh-chain-length                = 0
   print-nose-hoover-chain-variables = false
   pcoupl                         = C-rescale
   pcoupltype                     = Isotropic
   nstpcouple                     = 100
   tau-p                          = 1
   compressibility (3x3):
      compressibility[    0]={ 4.50000e-05,  0.00000e+00,  0.00000e+00}
      compressibility[    1]={ 0.00000e+00,  4.50000e-05,  0.00000e+00}
      compressibility[    2]={ 0.00000e+00,  0.00000e+00,  4.50000e-05}
   ref-p (3x3):
      ref-p[    0]={ 1.00000e+00,  0.00000e+00,  0.00000e+00}
      ref-p[    1]={ 0.00000e+00,  1.00000e+00,  0.00000e+00}
      ref-p[    2]={ 0.00000e+00,  0.00000e+00,  1.00000e+00}
   refcoord-scaling               = No
   posres-com (3):
      posres-com[0]= 0.00000e+00
      posres-com[1]= 0.00000e+00
      posres-com[2]= 0.00000e+00
   posres-comB (3):
      posres-comB[0]= 0.00000e+00
      posres-comB[1]= 0.00000e+00
      posres-comB[2]= 0.00000e+00
   QMMM                           = false
qm-opts:
   ngQM                           = 0
   constraint-algorithm           = Lincs
   continuation                   = false
   Shake-SOR                      = false
   shake-tol                      = 0.0001
   lincs-order                    = 4
   lincs-iter                     = 1
   lincs-warnangle                = 30
   nwall                          = 0
   wall-type                      = 9-3
   wall-r-linpot                  = -1
   wall-atomtype[0]               = -1
   wall-atomtype[1]               = -1
   wall-density[0]                = 0
   wall-density[1]                = 0
   wall-ewald-zfac                = 3
   pull                           = false
   awh                            = false
   rotation                       = false
   interactiveMD                  = false
   disre                          = No
   disre-weighting                = Conservative
   disre-mixed                    = false
   dr-fc                          = 1000
   dr-tau                         = 0
   nstdisreout                    = 100
   orire-fc                       = 0
   orire-tau                      = 0
   nstorireout                    = 100
   free-energy                    = no
   cos-acceleration               = 0
   deform (3x3):
      deform[    0]={ 0.00000e+00,  0.00000e+00,  0.00000e+00}
      deform[    1]={ 0.00000e+00,  0.00000e+00,  0.00000e+00}
      deform[    2]={ 0.00000e+00,  0.00000e+00,  0.00000e+00}
   simulated-tempering            = false
   swapcoords                     = no
   userint1                       = 0
   userint2                       = 0
   userint3                       = 0
   userint4                       = 0
   userreal1                      = 0
   userreal2                      = 0
   userreal3                      = 0
   userreal4                      = 0
   applied-forces:
     electric-field:
       x:
         E0                       = 0
         omega                    = 0
         t0                       = 0
         sigma                    = 0
       y:
         E0                       = 0
         omega                    = 0
         t0                       = 0
         sigma                    = 0
       z:
         E0                       = 0
         omega                    = 0
         t0                       = 0
         sigma                    = 0
     density-guided-simulation:
       active                     = false
       group                      = protein
       similarity-measure         = inner-product
       atom-spreading-weight      = unity
       force-constant             = 1e+09
       gaussian-transform-spreading-width = 0.2
       gaussian-transform-spreading-range-in-multiples-of-width = 4
       reference-density-filename = reference.mrc
       nst                        = 1
       normalize-densities        = true
       adaptive-force-scaling     = false
       adaptive-force-scaling-time-constant = 4
       shift-vector               = 
       transformation-matrix      = 
     qmmm-cp2k:
       active                     = false
       qmgroup                    = System
       qmmethod                   = PBE
       qmfilenames                = 
       qmcharge                   = 0
       qmmultiplicity             = 1
grpopts:
   nrdf:     4476.78     55263.2
   ref-t:         300         300
   tau-t:         0.1         0.1
annealing:          No          No
annealing-npoints:           0           0
   acc:	           0           0           0
   nfreeze:           N           N           N
   energygrp-flags[  0]: 0 0
   energygrp-flags[  1]: 0 0

Changing nstlist from 10 to 100, rlist from 1.2 to 1.3


Update task can not run on the GPU, because the following condition(s) were not satisfied:

Either PME or short-ranged non-bonded interaction tasks must run on the GPU.
Compatible GPUs must have been found.
Only CUDA and SYCL builds are supported.
The number of coupled constraints is higher than supported in the GPU LINCS code.
Chosen GPU implementation does not support constraints.

Initializing Domain Decomposition on 1 ranks
Dynamic load balancing: auto
Using update groups, nr 10159, average size 2.9 atoms, max. radius 0.139 nm
Minimum cell size due to atom displacement: 0.395 nm
Initial maximum distances in bonded interactions:
    two-body bonded interactions: 0.430 nm, LJ-14, atoms 510 518
  multi-body bonded interactions: 0.492 nm, CMAP Dih., atoms 671 694
Minimum cell size due to bonded interactions: 0.541 nm
Using 0 separate PME ranks because: there are too few total ranks for efficient splitting
Optimizing the DD grid for 1 cells with a minimum initial size of 0.541 nm
The maximum allowed number of cells is: X 11 Y 11 Z 9
Domain decomposition grid 1 x 1 x 1, separate PME ranks 0
PME domain decomposition: 1 x 1 x 1

The initial number of communication pulses is:
The initial domain decomposition cell size is:

The maximum allowed distance for atom groups involved in interactions is:
                 non-bonded interactions           1.578 nm
(the following are initial values, they could change due to box deformation)
            two-body bonded interactions  (-rdd)   1.578 nm
          multi-body bonded interactions  (-rdd)   1.578 nm

When dynamic load balancing gets turned on, these settings will change to:
The maximum number of communication pulses is:
The minimum size for domain decomposition cells is 1.578 nm
The requested allowed shrink of DD cells (option -dds) is: 0.80
The allowed shrink of domain decomposition cells is:
The maximum allowed distance for atom groups involved in interactions is:
                 non-bonded interactions           1.578 nm
            two-body bonded interactions  (-rdd)   1.578 nm
          multi-body bonded interactions  (-rdd)   1.578 nm

Using 1 MPI thread
Using 8 OpenMP threads 

System total charge: 0.000
Will do PME sum in reciprocal space for electrostatic interactions.

++++ PLEASE READ AND CITE THE FOLLOWING REFERENCE ++++
U. Essmann, L. Perera, M. L. Berkowitz, T. Darden, H. Lee and L. G. Pedersen 
A smooth particle mesh Ewald method
J. Chem. Phys. 103 (1995) pp. 8577-8592
-------- -------- --- Thank You --- -------- --------

Using a Gaussian width (1/beta) of 0.384195 nm for Ewald
Potential shift: LJ r^-12: -1.122e-01 r^-6: -3.349e-01, Ewald -8.333e-06
Initialized non-bonded Coulomb Ewald tables, spacing: 1.02e-03 size: 1176

Generated table with 1150 data points for 1-4 COUL.
Tabscale = 500 points/nm
Generated table with 1150 data points for 1-4 LJ6.
Tabscale = 500 points/nm
Generated table with 1150 data points for 1-4 LJ12.
Tabscale = 500 points/nm


Using SIMD 4x4 nonbonded short-range kernels

Using a dual 4x4 pair-list setup updated with dynamic pruning:
  outer list: updated every 100 steps, buffer 0.100 nm, rlist 1.300 nm
  inner list: updated every  25 steps, buffer 0.002 nm, rlist 1.202 nm
At tolerance 0.005 kJ/mol/ps per atom, equivalent classical 1x1 list would be:
  outer list: updated every 100 steps, buffer 0.233 nm, rlist 1.433 nm
  inner list: updated every  25 steps, buffer 0.051 nm, rlist 1.251 nm

Using Lorentz-Berthelot Lennard-Jones combination rule
Removing pbc first time

Linking all bonded interactions to atoms


Initializing LINear Constraint Solver

++++ PLEASE READ AND CITE THE FOLLOWING REFERENCE ++++
B. Hess and H. Bekker and H. J. C. Berendsen and J. G. E. M. Fraaije
LINCS: A Linear Constraint Solver for molecular simulations
J. Comp. Chem. 18 (1997) pp. 1463-1472
-------- -------- --- Thank You --- -------- --------

The number of constraints is 860

++++ PLEASE READ AND CITE THE FOLLOWING REFERENCE ++++
S. Miyamoto and P. A. Kollman
SETTLE: An Analytical Version of the SHAKE and RATTLE Algorithms for Rigid
Water Models
J. Comp. Chem. 13 (1992) pp. 952-962
-------- -------- --- Thank You --- -------- --------


++++ PLEASE READ AND CITE THE FOLLOWING REFERENCE ++++
G. Bussi, D. Donadio and M. Parrinello
Canonical sampling through velocity rescaling
J. Chem. Phys. 126 (2007) pp. 014101
-------- -------- --- Thank You --- -------- --------


++++ PLEASE READ AND CITE THE FOLLOWING REFERENCE ++++
M. Bernetti, G. Bussi
Pressure control using stochastic cell rescaling
J. Chem. Phys. 153 (2020) pp. 114107
-------- -------- --- Thank You --- -------- --------

There are: 29383 Atoms

Atom distribution over 1 domains: av 29383 stddev 0 min 29383 max 29383

Constraining the starting coordinates (step 0)

Constraining the coordinates at t0-dt (step 0)
Center of mass motion removal mode is Linear
We have the following groups for center of mass motion removal:
  0:  rest
RMS relative constraint deviation after constraining: 1.82e-06
Initial temperature: 298.442 K

Started mdrun on rank 0 Mon Dec 18 19:54:46 2023

           Step           Time
              0        0.00000

   Energies (kJ/mol)
           Bond            U-B    Proper Dih.  Improper Dih.      CMAP Dih.
    1.47958e+03    4.02552e+03    2.41572e+03    2.70117e+02   -6.40659e+02
          LJ-14     Coulomb-14        LJ (SR)   Coulomb (SR)   Coul. recip.
    1.55980e+03    1.26292e+04    6.29420e+04   -5.06302e+05    1.47982e+03
      Potential    Kinetic En.   Total Energy  Conserved En.    Temperature
   -4.20141e+05    7.41580e+04   -3.45983e+05   -3.45842e+05    2.98599e+02
 Pressure (bar)   Constr. rmsd
   -2.00195e+02    1.85727e-06

           Step           Time
           1000        1.00000

   Energies (kJ/mol)
           Bond            U-B    Proper Dih.  Improper Dih.      CMAP Dih.
    1.36358e+03    4.17921e+03    2.47984e+03    3.00005e+02   -6.39315e+02
          LJ-14     Coulomb-14        LJ (SR)   Coulomb (SR)   Coul. recip.
    1.62292e+03    1.29632e+04    6.30214e+04   -5.06575e+05    1.49886e+03
      Potential    Kinetic En.   Total Energy  Conserved En.    Temperature
   -4.19785e+05    7.45105e+04   -3.45274e+05   -3.45772e+05    3.00019e+02
 Pressure (bar)   Constr. rmsd
    7.38369e+01    1.78355e-06

           Step           Time
           2000        2.00000

   Energies (kJ/mol)
           Bond            U-B    Proper Dih.  Improper Dih.      CMAP Dih.
    1.54596e+03    4.02113e+03    2.49263e+03    2.71120e+02   -6.28155e+02
          LJ-14     Coulomb-14        LJ (SR)   Coulomb (SR)   Coul. recip.
    1.56392e+03    1.28670e+04    6.38700e+04   -5.07577e+05    1.47755e+03
      Potential    Kinetic En.   Total Energy  Conserved En.    Temperature
   -4.20096e+05    7.44509e+04   -3.45645e+05   -3.45791e+05    2.99778e+02
 Pressure (bar)   Constr. rmsd
   -1.40277e+01    1.77083e-06

           Step           Time
           3000        3.00000

   Energies (kJ/mol)
           Bond            U-B    Proper Dih.  Improper Dih.      CMAP Dih.
    1.39603e+03    4.07795e+03    2.44553e+03    2.89123e+02   -6.68833e+02
          LJ-14     Coulomb-14        LJ (SR)   Coulomb (SR)   Coul. recip.
    1.57130e+03    1.26946e+04    6.36009e+04   -5.08042e+05    1.45182e+03
      Potential    Kinetic En.   Total Energy  Conserved En.    Temperature
   -4.21184e+05    7.39556e+04   -3.47228e+05   -3.45611e+05    2.97784e+02
 Pressure (bar)   Constr. rmsd
    8.37804e+01    1.83608e-06

           Step           Time
           4000        4.00000

   Energies (kJ/mol)
           Bond            U-B    Proper Dih.  Improper Dih.      CMAP Dih.
    1.48912e+03    4.15585e+03    2.43947e+03    2.68831e+02   -6.60125e+02
          LJ-14     Coulomb-14        LJ (SR)   Coulomb (SR)   Coul. recip.
    1.53981e+03    1.24814e+04    6.38875e+04   -5.08534e+05    1.48150e+03
      Potential    Kinetic En.   Total Energy  Conserved En.    Temperature
   -4.21450e+05    7.51473e+04   -3.46303e+05   -3.45527e+05    3.02583e+02
 Pressure (bar)   Constr. rmsd
    4.75545e+01    1.85640e-06

           Step           Time
           5000        5.00000

   Energies (kJ/mol)
           Bond            U-B    Proper Dih.  Improper Dih.      CMAP Dih.
    1.55805e+03    4.14906e+03    2.45177e+03    2.40244e+02   -6.63363e+02
          LJ-14     Coulomb-14        LJ (SR)   Coulomb (SR)   Coul. recip.
    1.56519e+03    1.26032e+04    6.24492e+04   -5.06633e+05    1.44225e+03
      Potential    Kinetic En.   Total Energy  Conserved En.    Temperature
   -4.20837e+05    7.50757e+04   -3.45761e+05   -3.45502e+05    3.02294e+02
 Pressure (bar)   Constr. rmsd
   -3.22068e+02    1.84059e-06

           Step           Time
           6000        6.00000

   Energies (kJ/mol)
           Bond            U-B    Proper Dih.  Improper Dih.      CMAP Dih.
    1.57995e+03    4.07552e+03    2.38606e+03    2.41186e+02   -6.40993e+02
          LJ-14     Coulomb-14        LJ (SR)   Coulomb (SR)   Coul. recip.
    1.59060e+03    1.26030e+04    6.32696e+04   -5.07411e+05    1.39517e+03
      Potential    Kinetic En.   Total Energy  Conserved En.    Temperature
   -4.20911e+05    7.52234e+04   -3.45688e+05   -3.45452e+05    3.02889e+02
 Pressure (bar)   Constr. rmsd
    4.88262e+01    1.79135e-06

           Step           Time
           7000        7.00000

   Energies (kJ/mol)
           Bond            U-B    Proper Dih.  Improper Dih.      CMAP Dih.
    1.56360e+03    4.02565e+03    2.41635e+03    3.10625e+02   -6.49756e+02
          LJ-14     Coulomb-14        LJ (SR)   Coulomb (SR)   Coul. recip.
    1.57072e+03    1.26505e+04    6.29561e+04   -5.06803e+05    1.44074e+03
      Potential    Kinetic En.   Total Energy  Conserved En.    Temperature
   -4.20518e+05    7.48681e+04   -3.45650e+05   -3.45463e+05    3.01458e+02
 Pressure (bar)   Constr. rmsd
   -1.74215e+02    1.76585e-06

           Step           Time
           8000        8.00000

   Energies (kJ/mol)
           Bond            U-B    Proper Dih.  Improper Dih.      CMAP Dih.
    1.45425e+03    3.98405e+03    2.43350e+03    2.59897e+02   -6.99535e+02
          LJ-14     Coulomb-14        LJ (SR)   Coulomb (SR)   Coul. recip.
    1.59933e+03    1.27520e+04    6.32388e+04   -5.08348e+05    1.40352e+03
      Potential    Kinetic En.   Total Energy  Conserved En.    Temperature
   -4.21922e+05    7.43677e+04   -3.47554e+05   -3.45368e+05    2.99443e+02
 Pressure (bar)   Constr. rmsd
   -2.79436e+01    1.88536e-06

           Step           Time
           9000        9.00000

   Energies (kJ/mol)
           Bond            U-B    Proper Dih.  Improper Dih.      CMAP Dih.
    1.62045e+03    4.10949e+03    2.39374e+03    2.91403e+02   -6.52479e+02
          LJ-14     Coulomb-14        LJ (SR)   Coulomb (SR)   Coul. recip.
    1.58956e+03    1.28226e+04    6.28104e+04   -5.06895e+05    1.50536e+03
      Potential    Kinetic En.   Total Energy  Conserved En.    Temperature
   -4.20405e+05    7.50056e+04   -3.45399e+05   -3.45304e+05    3.02012e+02
 Pressure (bar)   Constr. rmsd
   -8.65261e+01    1.82503e-06

           Step           Time
          10000       10.00000

   Energies (kJ/mol)
           Bond            U-B    Proper Dih.  Improper Dih.      CMAP Dih.
    1.53193e+03    4.05589e+03    2.50124e+03    2.26595e+02   -6.72099e+02
          LJ-14     Coulomb-14        LJ (SR)   Coulomb (SR)   Coul. recip.
    1.57989e+03    1.27171e+04    6.42488e+04   -5.08242e+05    1.46028e+03
      Potential    Kinetic En.   Total Energy  Conserved En.    Temperature
   -4.20592e+05    7.41147e+04   -3.46477e+05   -3.45252e+05    2.98425e+02
 Pressure (bar)   Constr. rmsd
    1.60780e+02    1.80432e-06

           Step           Time
          11000       11.00000

   Energies (kJ/mol)
           Bond            U-B    Proper Dih.  Improper Dih.      CMAP Dih.
    1.53275e+03    4.09073e+03    2.50639e+03    2.50664e+02   -6.76558e+02
          LJ-14     Coulomb-14        LJ (SR)   Coulomb (SR)   Coul. recip.
    1.61029e+03    1.28605e+04    6.28684e+04   -5.06714e+05    1.46869e+03
      Potential    Kinetic En.   Total Energy  Conserved En.    Temperature
   -4.20202e+05    7.49972e+04   -3.45205e+05   -3.45583e+05    3.01978e+02
 Pressure (bar)   Constr. rmsd
   -1.31855e+02    1.85434e-06

           Step           Time
          12000       12.00000

   Energies (kJ/mol)
           Bond            U-B    Proper Dih.  Improper Dih.      CMAP Dih.
    1.45909e+03    4.09358e+03    2.50801e+03    2.41199e+02   -6.61420e+02
          LJ-14     Coulomb-14        LJ (SR)   Coulomb (SR)   Coul. recip.
    1.56897e+03    1.26567e+04    6.35182e+04   -5.06442e+05    1.51912e+03
      Potential    Kinetic En.   Total Energy  Conserved En.    Temperature
   -4.19538e+05    7.48362e+04   -3.44702e+05   -3.45433e+05    3.01330e+02
 Pressure (bar)   Constr. rmsd
    1.07319e+02    1.74444e-06

           Step           Time
          13000       13.00000

   Energies (kJ/mol)
           Bond            U-B    Proper Dih.  Improper Dih.      CMAP Dih.
    1.47539e+03    4.13054e+03    2.49930e+03    2.85881e+02   -7.04939e+02
          LJ-14     Coulomb-14        LJ (SR)   Coulomb (SR)   Coul. recip.
    1.55176e+03    1.26296e+04    6.32827e+04   -5.07148e+05    1.49432e+03
      Potential    Kinetic En.   Total Energy  Conserved En.    Temperature
   -4.20504e+05    7.47347e+04   -3.45769e+05   -3.45380e+05    3.00921e+02
 Pressure (bar)   Constr. rmsd
    4.42837e+01    1.70621e-06

           Step           Time
          14000       14.00000

   Energies (kJ/mol)
           Bond            U-B    Proper Dih.  Improper Dih.      CMAP Dih.
    1.56209e+03    4.05674e+03    2.44437e+03    2.58688e+02   -6.82032e+02
          LJ-14     Coulomb-14        LJ (SR)   Coulomb (SR)   Coul. recip.
    1.59754e+03    1.27563e+04    6.27217e+04   -5.07006e+05    1.39590e+03
      Potential    Kinetic En.   Total Energy  Conserved En.    Temperature
   -4.20894e+05    7.47429e+04   -3.46151e+05   -3.45378e+05    3.00954e+02
 Pressure (bar)   Constr. rmsd
   -8.59634e+01    1.75416e-06

Writing checkpoint, step 14100 at Mon Dec 18 20:09:49 2023


           Step           Time
          15000       15.00000

   Energies (kJ/mol)
           Bond            U-B    Proper Dih.  Improper Dih.      CMAP Dih.
    1.50222e+03    3.91958e+03    2.40350e+03    2.67646e+02   -6.46254e+02
          LJ-14     Coulomb-14        LJ (SR)   Coulomb (SR)   Coul. recip.
    1.61204e+03    1.27838e+04    6.40424e+04   -5.08433e+05    1.46260e+03
      Potential    Kinetic En.   Total Energy  Conserved En.    Temperature
   -4.21086e+05    7.37991e+04   -3.47287e+05   -3.45508e+05    2.97154e+02
 Pressure (bar)   Constr. rmsd
    5.12584e+01    1.79522e-06

           Step           Time
          16000       16.00000

   Energies (kJ/mol)
           Bond            U-B    Proper Dih.  Improper Dih.      CMAP Dih.
    1.51030e+03    4.11059e+03    2.47188e+03    2.62232e+02   -6.89521e+02
          LJ-14     Coulomb-14        LJ (SR)   Coulomb (SR)   Coul. recip.
    1.59370e+03    1.24800e+04    6.49444e+04   -5.09374e+05    1.48725e+03
      Potential    Kinetic En.   Total Energy  Conserved En.    Temperature
   -4.21203e+05    7.42946e+04   -3.46908e+05   -3.45376e+05    2.99149e+02
 Pressure (bar)   Constr. rmsd
    1.78268e+02    1.75141e-06

           Step           Time
          17000       17.00000

   Energies (kJ/mol)
           Bond            U-B    Proper Dih.  Improper Dih.      CMAP Dih.
    1.55049e+03    4.16974e+03    2.38856e+03    2.35813e+02   -6.81481e+02
          LJ-14     Coulomb-14        LJ (SR)   Coulomb (SR)   Coul. recip.
    1.54110e+03    1.26316e+04    6.30203e+04   -5.07010e+05    1.41967e+03
      Potential    Kinetic En.   Total Energy  Conserved En.    Temperature
   -4.20734e+05    7.39450e+04   -3.46789e+05   -3.45440e+05    2.97742e+02
 Pressure (bar)   Constr. rmsd
   -3.40687e+01    1.86103e-06

           Step           Time
          18000       18.00000

   Energies (kJ/mol)
           Bond            U-B    Proper Dih.  Improper Dih.      CMAP Dih.
    1.50445e+03    4.01001e+03    2.46840e+03    2.14112e+02   -6.98706e+02
          LJ-14     Coulomb-14        LJ (SR)   Coulomb (SR)   Coul. recip.
    1.63981e+03    1.27090e+04    6.30551e+04   -5.06040e+05    1.44895e+03
      Potential    Kinetic En.   Total Energy  Conserved En.    Temperature
   -4.19689e+05    7.46019e+04   -3.45087e+05   -3.45452e+05    3.00386e+02
 Pressure (bar)   Constr. rmsd
   -1.15619e+02    1.82893e-06

           Step           Time
          19000       19.00000

   Energies (kJ/mol)
           Bond            U-B    Proper Dih.  Improper Dih.      CMAP Dih.
    1.53174e+03    4.01377e+03    2.40111e+03    3.05985e+02   -6.98835e+02
          LJ-14     Coulomb-14        LJ (SR)   Coulomb (SR)   Coul. recip.
    1.61040e+03    1.27957e+04    6.38571e+04   -5.08821e+05    1.45728e+03
      Potential    Kinetic En.   Total Energy  Conserved En.    Temperature
   -4.21546e+05    7.51388e+04   -3.46408e+05   -3.45451e+05    3.02548e+02
 Pressure (bar)   Constr. rmsd
   -1.20537e+02    1.81075e-06

           Step           Time
          20000       20.00000

   Energies (kJ/mol)
           Bond            U-B    Proper Dih.  Improper Dih.      CMAP Dih.
    1.50706e+03    4.15062e+03    2.38130e+03    2.27895e+02   -6.52078e+02
          LJ-14     Coulomb-14        LJ (SR)   Coulomb (SR)   Coul. recip.
    1.50931e+03    1.27291e+04    6.39353e+04   -5.08471e+05    1.41943e+03
      Potential    Kinetic En.   Total Energy  Conserved En.    Temperature
   -4.21263e+05    7.37102e+04   -3.47553e+05   -3.45075e+05    2.96796e+02
 Pressure (bar)   Constr. rmsd
   -1.81204e+01    1.83711e-06

           Step           Time
          21000       21.00000

   Energies (kJ/mol)
           Bond            U-B    Proper Dih.  Improper Dih.      CMAP Dih.
    1.57257e+03    3.91780e+03    2.46705e+03    2.58769e+02   -6.67579e+02
          LJ-14     Coulomb-14        LJ (SR)   Coulomb (SR)   Coul. recip.
    1.55134e+03    1.27906e+04    6.40967e+04   -5.08774e+05    1.44005e+03
      Potential    Kinetic En.   Total Energy  Conserved En.    Temperature
   -4.21347e+05    7.47405e+04   -3.46606e+05   -3.45064e+05    3.00945e+02
 Pressure (bar)   Constr. rmsd
    7.66504e+00    1.83592e-06

           Step           Time
          22000       22.00000

   Energies (kJ/mol)
           Bond            U-B    Proper Dih.  Improper Dih.      CMAP Dih.
    1.57334e+03    4.05248e+03    2.36705e+03    2.46503e+02   -6.56944e+02
          LJ-14     Coulomb-14        LJ (SR)   Coulomb (SR)   Coul. recip.
    1.58881e+03    1.27358e+04    6.41144e+04   -5.09572e+05    1.48081e+03
      Potential    Kinetic En.   Total Energy  Conserved En.    Temperature
   -4.22069e+05    7.60819e+04   -3.45987e+05   -3.45106e+05    3.06346e+02
 Pressure (bar)   Constr. rmsd
   -2.00163e+01    1.78999e-06

           Step           Time
          23000       23.00000

   Energies (kJ/mol)
           Bond            U-B    Proper Dih.  Improper Dih.      CMAP Dih.
    1.56183e+03    4.06607e+03    2.40379e+03    2.29018e+02   -6.60073e+02
          LJ-14     Coulomb-14        LJ (SR)   Coulomb (SR)   Coul. recip.
    1.55601e+03    1.25578e+04    6.33482e+04   -5.07068e+05    1.47693e+03
      Potential    Kinetic En.   Total Energy  Conserved En.    Temperature
   -4.20528e+05    7.40545e+04   -3.46474e+05   -3.45135e+05    2.98183e+02
 Pressure (bar)   Constr. rmsd
    5.57855e+01    1.78257e-06

           Step           Time
          24000       24.00000

   Energies (kJ/mol)
           Bond            U-B    Proper Dih.  Improper Dih.      CMAP Dih.
    1.63055e+03    4.08322e+03    2.36393e+03    2.13214e+02   -6.24372e+02
          LJ-14     Coulomb-14        LJ (SR)   Coulomb (SR)   Coul. recip.
    1.58703e+03    1.27537e+04    6.25263e+04   -5.06886e+05    1.40295e+03
      Potential    Kinetic En.   Total Energy  Conserved En.    Temperature
   -4.20950e+05    7.47420e+04   -3.46208e+05   -3.45111e+05    3.00951e+02
 Pressure (bar)   Constr. rmsd
   -1.41700e+02    1.76227e-06

           Step           Time
          25000       25.00000

   Energies (kJ/mol)
           Bond            U-B    Proper Dih.  Improper Dih.      CMAP Dih.
    1.39876e+03    4.09192e+03    2.49321e+03    2.90188e+02   -6.76210e+02
          LJ-14     Coulomb-14        LJ (SR)   Coulomb (SR)   Coul. recip.
    1.63103e+03    1.26287e+04    6.42086e+04   -5.08865e+05    1.43112e+03
      Potential    Kinetic En.   Total Energy  Conserved En.    Temperature
   -4.21368e+05    7.48266e+04   -3.46541e+05   -3.45028e+05    3.01291e+02
 Pressure (bar)   Constr. rmsd
    1.57479e+02    1.86696e-06

           Step           Time
          26000       26.00000

   Energies (kJ/mol)
           Bond            U-B    Proper Dih.  Improper Dih.      CMAP Dih.
    1.56353e+03    4.05911e+03    2.49531e+03    2.61150e+02   -6.46950e+02
          LJ-14     Coulomb-14        LJ (SR)   Coulomb (SR)   Coul. recip.
    1.62949e+03    1.26331e+04    6.37942e+04   -5.07582e+05    1.45318e+03
      Potential    Kinetic En.   Total Energy  Conserved En.    Temperature
   -4.20340e+05    7.53293e+04   -3.45011e+05   -3.45060e+05    3.03316e+02
 Pressure (bar)   Constr. rmsd
    6.54467e+01    1.80349e-06

           Step           Time
          27000       27.00000

   Energies (kJ/mol)
           Bond            U-B    Proper Dih.  Improper Dih.      CMAP Dih.
    1.51946e+03    4.10414e+03    2.38947e+03    2.74142e+02   -6.33327e+02
          LJ-14     Coulomb-14        LJ (SR)   Coulomb (SR)   Coul. recip.
    1.62337e+03    1.27629e+04    6.25810e+04   -5.06512e+05    1.50039e+03
      Potential    Kinetic En.   Total Energy  Conserved En.    Temperature
   -4.20391e+05    7.41444e+04   -3.46246e+05   -3.45017e+05    2.98544e+02
 Pressure (bar)   Constr. rmsd
   -2.12633e+02    1.75936e-06

           Step           Time
          28000       28.00000

   Energies (kJ/mol)
           Bond            U-B    Proper Dih.  Improper Dih.      CMAP Dih.
    1.50217e+03    4.10808e+03    2.44879e+03    2.63859e+02   -6.17881e+02
          LJ-14     Coulomb-14        LJ (SR)   Coulomb (SR)   Coul. recip.
    1.63045e+03    1.26279e+04    6.45700e+04   -5.09003e+05    1.39037e+03
      Potential    Kinetic En.   Total Energy  Conserved En.    Temperature
   -4.21079e+05    7.35990e+04   -3.47480e+05   -3.45175e+05    2.96348e+02
 Pressure (bar)   Constr. rmsd
    2.63067e+02    1.76725e-06

Writing checkpoint, step 28700 at Mon Dec 18 20:24:53 2023


           Step           Time
          29000       29.00000

   Energies (kJ/mol)
           Bond            U-B    Proper Dih.  Improper Dih.      CMAP Dih.
    1.43789e+03    4.07016e+03    2.40240e+03    2.52066e+02   -6.35896e+02
          LJ-14     Coulomb-14        LJ (SR)   Coulomb (SR)   Coul. recip.
    1.62741e+03    1.24656e+04    6.35531e+04   -5.07971e+05    1.47607e+03
      Potential    Kinetic En.   Total Energy  Conserved En.    Temperature
   -4.21322e+05    7.48366e+04   -3.46485e+05   -3.45214e+05    3.01332e+02
 Pressure (bar)   Constr. rmsd
    1.17917e+01    1.80266e-06

           Step           Time
          30000       30.00000

   Energies (kJ/mol)
           Bond            U-B    Proper Dih.  Improper Dih.      CMAP Dih.
    1.49438e+03    4.07902e+03    2.44544e+03    2.59203e+02   -6.33148e+02
          LJ-14     Coulomb-14        LJ (SR)   Coulomb (SR)   Coul. recip.
    1.60243e+03    1.26295e+04    6.37026e+04   -5.07916e+05    1.50713e+03
      Potential    Kinetic En.   Total Energy  Conserved En.    Temperature
   -4.20829e+05    7.46168e+04   -3.46212e+05   -3.44928e+05    3.00447e+02
 Pressure (bar)   Constr. rmsd
   -1.09332e+01    1.74364e-06

           Step           Time
          31000       31.00000

   Energies (kJ/mol)
           Bond            U-B    Proper Dih.  Improper Dih.      CMAP Dih.
    1.47793e+03    3.96543e+03    2.43921e+03    2.30075e+02   -6.03990e+02
          LJ-14     Coulomb-14        LJ (SR)   Coulomb (SR)   Coul. recip.
    1.61946e+03    1.26745e+04    6.39177e+04   -5.09100e+05    1.42560e+03
      Potential    Kinetic En.   Total Energy  Conserved En.    Temperature
   -4.21954e+05    7.46038e+04   -3.47351e+05   -3.44962e+05    3.00394e+02
 Pressure (bar)   Constr. rmsd
    1.08219e+02    1.77458e-06

           Step           Time
          32000       32.00000

   Energies (kJ/mol)
           Bond            U-B    Proper Dih.  Improper Dih.      CMAP Dih.
    1.54740e+03    4.00590e+03    2.43234e+03    2.29518e+02   -6.23798e+02
          LJ-14     Coulomb-14        LJ (SR)   Coulomb (SR)   Coul. recip.
    1.54184e+03    1.28642e+04    6.34667e+04   -5.08676e+05    1.43758e+03
      Potential    Kinetic En.   Total Energy  Conserved En.    Temperature
   -4.21775e+05    7.45270e+04   -3.47248e+05   -3.44729e+05    3.00085e+02
 Pressure (bar)   Constr. rmsd
   -8.22957e+01    1.87821e-06

           Step           Time
          33000       33.00000

   Energies (kJ/mol)
           Bond            U-B    Proper Dih.  Improper Dih.      CMAP Dih.
    1.46991e+03    3.98885e+03    2.44532e+03    2.88512e+02   -6.73295e+02
          LJ-14     Coulomb-14        LJ (SR)   Coulomb (SR)   Coul. recip.
    1.60523e+03    1.25650e+04    6.32263e+04   -5.07626e+05    1.43586e+03
      Potential    Kinetic En.   Total Energy  Conserved En.    Temperature
   -4.21274e+05    7.55773e+04   -3.45697e+05   -3.44923e+05    3.04314e+02
 Pressure (bar)   Constr. rmsd
    9.91202e+01    1.81297e-06

           Step           Time
          34000       34.00000

   Energies (kJ/mol)
           Bond            U-B    Proper Dih.  Improper Dih.      CMAP Dih.
    1.42807e+03    4.21929e+03    2.39641e+03    2.41520e+02   -6.30728e+02
          LJ-14     Coulomb-14        LJ (SR)   Coulomb (SR)   Coul. recip.
    1.57507e+03    1.25813e+04    6.35212e+04   -5.07668e+05    1.44511e+03
      Potential    Kinetic En.   Total Energy  Conserved En.    Temperature
   -4.20890e+05    7.41875e+04   -3.46703e+05   -3.44766e+05    2.98718e+02
 Pressure (bar)   Constr. rmsd
    5.73220e+01    1.79811e-06

           Step           Time
          35000       35.00000

   Energies (kJ/mol)
           Bond            U-B    Proper Dih.  Improper Dih.      CMAP Dih.
    1.60103e+03    3.91773e+03    2.47868e+03    2.68956e+02   -6.28731e+02
          LJ-14     Coulomb-14        LJ (SR)   Coulomb (SR)   Coul. recip.
    1.54096e+03    1.26584e+04    6.34702e+04   -5.08526e+05    1.54564e+03
      Potential    Kinetic En.   Total Energy  Conserved En.    Temperature
   -4.21673e+05    7.50090e+04   -3.46664e+05   -3.44642e+05    3.02026e+02
 Pressure (bar)   Constr. rmsd
   -5.02430e+01    1.79280e-06

           Step           Time
          36000       36.00000

   Energies (kJ/mol)
           Bond            U-B    Proper Dih.  Improper Dih.      CMAP Dih.
    1.51630e+03    3.94118e+03    2.45298e+03    2.83300e+02   -6.50956e+02
          LJ-14     Coulomb-14        LJ (SR)   Coulomb (SR)   Coul. recip.
    1.48168e+03    1.27849e+04    6.45404e+04   -5.09251e+05    1.39427e+03
      Potential    Kinetic En.   Total Energy  Conserved En.    Temperature
   -4.21507e+05    7.47829e+04   -3.46724e+05   -3.44408e+05    3.01115e+02
 Pressure (bar)   Constr. rmsd
    1.31477e+02    1.90971e-06

           Step           Time
          37000       37.00000

   Energies (kJ/mol)
           Bond            U-B    Proper Dih.  Improper Dih.      CMAP Dih.
    1.58273e+03    4.09269e+03    2.42057e+03    2.89078e+02   -6.07493e+02
          LJ-14     Coulomb-14        LJ (SR)   Coulomb (SR)   Coul. recip.
    1.50542e+03    1.26224e+04    6.35137e+04   -5.08013e+05    1.42177e+03
      Potential    Kinetic En.   Total Energy  Conserved En.    Temperature
   -4.21173e+05    7.41760e+04   -3.46997e+05   -3.44557e+05    2.98672e+02
 Pressure (bar)   Constr. rmsd
   -1.48781e+02    1.78064e-06

           Step           Time
          38000       38.00000

   Energies (kJ/mol)
           Bond            U-B    Proper Dih.  Improper Dih.      CMAP Dih.
    1.33470e+03    4.08524e+03    2.46585e+03    2.45651e+02   -6.41503e+02
          LJ-14     Coulomb-14        LJ (SR)   Coulomb (SR)   Coul. recip.
    1.63603e+03    1.27908e+04    6.25375e+04   -5.07178e+05    1.48909e+03
      Potential    Kinetic En.   Total Energy  Conserved En.    Temperature
   -4.21234e+05    7.32233e+04   -3.48011e+05   -3.44854e+05    2.94836e+02
 Pressure (bar)   Constr. rmsd
   -2.06815e+02    1.76255e-06

           Step           Time
          39000       39.00000

   Energies (kJ/mol)
           Bond            U-B    Proper Dih.  Improper Dih.      CMAP Dih.
    1.40099e+03    4.07575e+03    2.37022e+03    2.71613e+02   -6.51269e+02
          LJ-14     Coulomb-14        LJ (SR)   Coulomb (SR)   Coul. recip.
    1.62658e+03    1.27620e+04    6.35906e+04   -5.08308e+05    1.45488e+03
      Potential    Kinetic En.   Total Energy  Conserved En.    Temperature
   -4.21407e+05    7.47931e+04   -3.46614e+05   -3.44795e+05    3.01157e+02
 Pressure (bar)   Constr. rmsd
    5.26604e+01    1.77856e-06

           Step           Time
          40000       40.00000

   Energies (kJ/mol)
           Bond            U-B    Proper Dih.  Improper Dih.      CMAP Dih.
    1.53533e+03    4.10215e+03    2.44015e+03    2.85078e+02   -6.44255e+02
          LJ-14     Coulomb-14        LJ (SR)   Coulomb (SR)   Coul. recip.
    1.66056e+03    1.26114e+04    6.41471e+04   -5.08763e+05    1.53207e+03
      Potential    Kinetic En.   Total Energy  Conserved En.    Temperature
   -4.21094e+05    7.45545e+04   -3.46539e+05   -3.44508e+05    3.00196e+02
 Pressure (bar)   Constr. rmsd
    2.28264e+02    1.78280e-06

           Step           Time
          41000       41.00000

   Energies (kJ/mol)
           Bond            U-B    Proper Dih.  Improper Dih.      CMAP Dih.
    1.54880e+03    3.84508e+03    2.38695e+03    2.85512e+02   -6.38754e+02
          LJ-14     Coulomb-14        LJ (SR)   Coulomb (SR)   Coul. recip.
    1.57387e+03    1.26838e+04    6.30528e+04   -5.07091e+05    1.53149e+03
      Potential    Kinetic En.   Total Energy  Conserved En.    Temperature
   -4.20821e+05    7.37920e+04   -3.47029e+05   -3.44493e+05    2.97125e+02
 Pressure (bar)   Constr. rmsd
   -4.62248e+00    1.72670e-06

           Step           Time
          42000       42.00000

   Energies (kJ/mol)
           Bond            U-B    Proper Dih.  Improper Dih.      CMAP Dih.
    1.46433e+03    4.19707e+03    2.46610e+03    2.73620e+02   -6.18133e+02
          LJ-14     Coulomb-14        LJ (SR)   Coulomb (SR)   Coul. recip.
    1.67957e+03    1.25696e+04    6.48392e+04   -5.09017e+05    1.47461e+03
      Potential    Kinetic En.   Total Energy  Conserved En.    Temperature
   -4.20671e+05    7.52389e+04   -3.45432e+05   -3.44573e+05    3.02951e+02
 Pressure (bar)   Constr. rmsd
    3.72265e+02    1.79453e-06

           Step           Time
          43000       43.00000

   Energies (kJ/mol)
           Bond            U-B    Proper Dih.  Improper Dih.      CMAP Dih.
    1.58967e+03    4.09802e+03    2.40127e+03    2.66276e+02   -6.10538e+02
          LJ-14     Coulomb-14        LJ (SR)   Coulomb (SR)   Coul. recip.
    1.57929e+03    1.25065e+04    6.40383e+04   -5.08806e+05    1.49552e+03
      Potential    Kinetic En.   Total Energy  Conserved En.    Temperature
   -4.21441e+05    7.42459e+04   -3.47195e+05   -3.44508e+05    2.98953e+02
 Pressure (bar)   Constr. rmsd
    5.52499e+01    1.78041e-06

Writing checkpoint, step 43600 at Mon Dec 18 20:39:53 2023


           Step           Time
          44000       44.00000

   Energies (kJ/mol)
           Bond            U-B    Proper Dih.  Improper Dih.      CMAP Dih.
    1.46557e+03    4.10830e+03    2.39541e+03    2.39634e+02   -6.22981e+02
          LJ-14     Coulomb-14        LJ (SR)   Coulomb (SR)   Coul. recip.
    1.57132e+03    1.25655e+04    6.43896e+04   -5.07850e+05    1.55475e+03
      Potential    Kinetic En.   Total Energy  Conserved En.    Temperature
   -4.20182e+05    7.48784e+04   -3.45304e+05   -3.44511e+05    3.01500e+02
 Pressure (bar)   Constr. rmsd
    3.39845e+02    1.75628e-06

           Step           Time
          45000       45.00000

   Energies (kJ/mol)
           Bond            U-B    Proper Dih.  Improper Dih.      CMAP Dih.
    1.63855e+03    4.16924e+03    2.47753e+03    2.76778e+02   -6.05706e+02
          LJ-14     Coulomb-14        LJ (SR)   Coulomb (SR)   Coul. recip.
    1.60173e+03    1.25026e+04    6.38574e+04   -5.08192e+05    1.42433e+03
      Potential    Kinetic En.   Total Energy  Conserved En.    Temperature
   -4.20849e+05    7.49422e+04   -3.45907e+05   -3.44545e+05    3.01757e+02
 Pressure (bar)   Constr. rmsd
    7.56873e+01    1.83704e-06

           Step           Time
          46000       46.00000

   Energies (kJ/mol)
           Bond            U-B    Proper Dih.  Improper Dih.      CMAP Dih.
    1.65670e+03    4.14825e+03    2.39219e+03    2.31847e+02   -6.40102e+02
          LJ-14     Coulomb-14        LJ (SR)   Coulomb (SR)   Coul. recip.
    1.55225e+03    1.23530e+04    6.40901e+04   -5.08358e+05    1.42383e+03
      Potential    Kinetic En.   Total Energy  Conserved En.    Temperature
   -4.21150e+05    7.35828e+04   -3.47567e+05   -3.44650e+05    2.96283e+02
 Pressure (bar)   Constr. rmsd
   -2.46112e+01    1.81355e-06

           Step           Time
          47000       47.00000

   Energies (kJ/mol)
           Bond            U-B    Proper Dih.  Improper Dih.      CMAP Dih.
    1.59052e+03    3.95493e+03    2.39945e+03    2.27478e+02   -6.21854e+02
          LJ-14     Coulomb-14        LJ (SR)   Coulomb (SR)   Coul. recip.
    1.60232e+03    1.26512e+04    6.39950e+04   -5.07760e+05    1.43950e+03
      Potential    Kinetic En.   Total Energy  Conserved En.    Temperature
   -4.20521e+05    7.49024e+04   -3.45619e+05   -3.44495e+05    3.01597e+02
 Pressure (bar)   Constr. rmsd
    1.33996e+02    1.73499e-06

           Step           Time
          48000       48.00000

   Energies (kJ/mol)
           Bond            U-B    Proper Dih.  Improper Dih.      CMAP Dih.
    1.48842e+03    4.00403e+03    2.40123e+03    2.46655e+02   -6.36630e+02
          LJ-14     Coulomb-14        LJ (SR)   Coulomb (SR)   Coul. recip.
    1.61525e+03    1.28246e+04    6.42301e+04   -5.07696e+05    1.48424e+03
      Potential    Kinetic En.   Total Energy  Conserved En.    Temperature
   -4.20038e+05    7.42642e+04   -3.45774e+05   -3.44516e+05    2.99027e+02
 Pressure (bar)   Constr. rmsd
    3.78637e+01    1.77711e-06

           Step           Time
          49000       49.00000

   Energies (kJ/mol)
           Bond            U-B    Proper Dih.  Improper Dih.      CMAP Dih.
    1.52657e+03    3.96810e+03    2.39849e+03    2.17180e+02   -6.47095e+02
          LJ-14     Coulomb-14        LJ (SR)   Coulomb (SR)   Coul. recip.
    1.54981e+03    1.26627e+04    6.21919e+04   -5.06060e+05    1.44024e+03
      Potential    Kinetic En.   Total Energy  Conserved En.    Temperature
   -4.20752e+05    7.40875e+04   -3.46665e+05   -3.44524e+05    2.98315e+02
 Pressure (bar)   Constr. rmsd
   -1.32735e+02    1.87038e-06

           Step           Time
          50000       50.00000

Writing checkpoint, step 50000 at Mon Dec 18 20:46:23 2023


   Energies (kJ/mol)
           Bond            U-B    Proper Dih.  Improper Dih.      CMAP Dih.
    1.50871e+03    3.91113e+03    2.45109e+03    2.56232e+02   -6.87080e+02
          LJ-14     Coulomb-14        LJ (SR)   Coulomb (SR)   Coul. recip.
    1.55406e+03    1.26822e+04    6.35152e+04   -5.07566e+05    1.46907e+03
      Potential    Kinetic En.   Total Energy  Conserved En.    Temperature
   -4.20906e+05    7.33796e+04   -3.47526e+05   -3.44540e+05    2.95465e+02
 Pressure (bar)   Constr. rmsd
   -2.94220e+01    1.83889e-06


Energy conservation over simulation part #1 of length 50 ps, time 0 to 50 ps
  Conserved energy drift: 8.87e-04 kJ/mol/ps per atom


	<======  ###############  ==>
	<====  A V E R A G E S  ====>
	<==  ###############  ======>

	Statistics over 50001 steps using 501 frames

   Energies (kJ/mol)
           Bond            U-B    Proper Dih.  Improper Dih.      CMAP Dih.
    1.53055e+03    4.05921e+03    2.42737e+03    2.55161e+02   -6.54955e+02
          LJ-14     Coulomb-14        LJ (SR)   Coulomb (SR)   Coul. recip.
    1.58345e+03    1.26590e+04    6.35741e+04   -5.07879e+05    1.45911e+03
      Potential    Kinetic En.   Total Energy  Conserved En.    Temperature
   -4.20986e+05    7.45109e+04   -3.46475e+05   -3.45063e+05    3.00020e+02
 Pressure (bar)   Constr. rmsd
    1.65871e+01    0.00000e+00

          Box-X          Box-Y          Box-Z
    7.50375e+00    7.50375e+00    5.30595e+00

   Total Virial (kJ/mol)
    2.45648e+04   -3.55429e+01    3.00387e+01
   -3.59390e+01    2.48389e+04   -2.38905e+01
    3.04369e+01   -2.37752e+01    2.46644e+04

   Pressure (bar)
    2.81330e+01    1.48290e+00   -3.84040e+00
    1.52689e+00    6.14625e-01    4.66104e+00
   -3.88464e+00    4.64825e+00    2.10138e+01

  Epot (kJ/mol)        Coul-SR          LJ-SR        Coul-14          LJ-14   
Protein-Protein   -2.91781e+04   -2.81475e+03    1.26590e+04    1.58345e+03
    Protein-non-Protein   -1.15511e+04   -7.54232e+02    0.00000e+00    0.00000e+00
        non-Protein-non-Protein   -4.67149e+05    6.71431e+04    0.00000e+00    0.00000e+00

      T-Protein  T-non-Protein
    3.00469e+02    2.99984e+02


	M E G A - F L O P S   A C C O U N T I N G

 NB=Group-cutoff nonbonded kernels    NxN=N-by-N cluster Verlet kernels
 RF=Reaction-Field  VdW=Van der Waals  QSTab=quadratic-spline table
 W3=SPC/TIP3p  W4=TIP4p (single or pairs)
 V&F=Potential and force  V=Potential only  F=Force only

 Computing:                               M-Number         M-Flops  % Flops
-----------------------------------------------------------------------------
 Pair Search distance check            6474.325570       58268.930     0.1
 NxN QSTab Elec. + LJ [F]            581670.692856    23848498.407    51.0
 NxN QSTab Elec. + LJ [V&F]            5887.197912      347344.677     0.7
 NxN QSTab Elec. [F]                 508432.471272    17286704.023    37.0
 NxN QSTab Elec. [V&F]                 5145.933320      210983.266     0.5
 1,4 nonbonded interactions             230.754615       20767.915     0.0
 Calc Weights                          4407.538149      158671.373     0.3
 Spread Q Bspline                     94027.480512      188054.961     0.4
 Gather F Bspline                     94027.480512      564164.883     1.2
 3D-FFT                              471868.637184     3774949.097     8.1
 Solve PME                              204.804096       13107.462     0.0
 Reset In Box                            14.720883          44.163     0.0
 CG-CoM                                  14.750266          44.251     0.0
 Bonds                                   47.000940        2773.055     0.0
 Propers                                191.203824       43785.676     0.1
 Impropers                               16.050321        3338.467     0.0
 Virial                                  14.743428         265.382     0.0
 Stop-CM                                 14.750266         147.503     0.0
 P-Coupling                              14.720883          88.325     0.0
 Calc-Ekin                              146.973766        3968.292     0.0
 Lincs                                   43.002580        2580.155     0.0
 Lincs-Mat                              206.412384         825.650     0.0
 Constraint-V                          1463.358532       13170.227     0.0
 Constraint-Vir                          14.231406         341.554     0.0
 Settle                                 459.127546      169877.192     0.4
 CMAP                                     5.450109        9265.185     0.0
 Urey-Bradley                           160.253205       29326.337     0.1
-----------------------------------------------------------------------------
 Total                                                46751356.407   100.0
-----------------------------------------------------------------------------


    D O M A I N   D E C O M P O S I T I O N   S T A T I S T I C S

 av. #atoms communicated per step for force:  2 x 0.0


      R E A L   C Y C L E   A N D   T I M E   A C C O U N T I N G

On 1 MPI rank, each using 8 OpenMP threads

 Activity:              Num   Num      Call    Wall time         Giga-Cycles
                        Ranks Threads  Count      (s)         total sum    %
--------------------------------------------------------------------------------
 Domain decomp.            1    8        501       2.100         38.711   0.1
 Neighbor search           1    8        501       8.235        151.784   0.3
 Force                     1    8      50001    2865.193      52810.924  92.5
 PME mesh                  1    8      50001     172.239       3174.689   5.6
 NB X/F buffer ops.        1    8      99501      18.416        339.440   0.6
 Write traj.               1    8         54       0.927         17.082   0.0
 Update                    1    8      50001      10.278        189.452   0.3
 Constraints               1    8      50003      17.166        316.400   0.6
 Rest                                              2.561         47.197   0.1
--------------------------------------------------------------------------------
 Total                                          3097.115      57085.678 100.0
--------------------------------------------------------------------------------
 Breakdown of PME mesh activities
--------------------------------------------------------------------------------
 PME spread                1    8      50001      46.009        848.037   1.5
 PME gather                1    8      50001      43.726        805.948   1.4
 PME 3D-FFT                1    8     100002      63.875       1177.337   2.1
 PME solve Elec            1    8      50001      14.221        262.125   0.5
--------------------------------------------------------------------------------

               Core t (s)   Wall t (s)        (%)
       Time:    24776.900     3097.115      800.0
                         51:37
                 (ns/day)    (hour/ns)
Performance:        1.395       17.206
Finished mdrun on rank 0 Mon Dec 18 20:46:24 2023

