                  :-) GROMACS - gmx mdrun, 2022.4-Homebrew (-:

Copyright 1991-2022 The GROMACS Authors.
GROMACS is free software; you can redistribute it and/or modify it
under the terms of the GNU Lesser General Public License
as published by the Free Software Foundation; either version 2.1
of the License, or (at your option) any later version.

                         Current GROMACS contributors:
       Mark Abraham           Andrey Alekseenko           Cathrine Bergh      
      Christian Blau            Eliane Briand               Kevin Boyd        
     Oliver Fleetwood         Stefan Fleischmann           Vytas Gapsys       
       Gaurav Garg           Gilles Gouaillardet            Alan Gray         
      Victor Holanda           M. Eric Irrgang              Joe Jordan        
    Christoph Junghans        Prashanth Kanduri           Sebastian Kehl      
     Sebastian Keller          Carsten Kutzner           Magnus Lundborg      
       Pascal Merz              Dmitry Morozov             Szilard Pall       
      Roland Schulz             Michael Shirts         David van der Spoel    
     Alessandra Villa      Sebastian Wingbermuehle        Artem Zhmurov       

                         Previous GROMACS contributors:
        Emile Apol             Rossen Apostolov           James Barnett       
  Herman J.C. Berendsen          Par Bjelkmar           Viacheslav Bolnykh    
    Aldert van Buuren          Carlo Camilloni           Rudi van Drunen      
      Anton Feenstra           Gerrit Groenhof            Bert de Groot       
      Anca Hamuraru           Vincent Hindriksen         Aleksei Iupinov      
   Dimitrios Karkoulis           Peter Kasson               Jiri Kraus        
       Per Larsson             Justin A. Lemkul           Viveca Lindahl      
      Erik Marklund           Pieter Meulenhoff           Vedran Miletic      
      Teemu Murtola              Sander Pronk            Alexey Shvetsov      
      Alfons Sijbers            Peter Tieleman             Jon Vincent        
     Teemu Virolainen         Christian Wennberg           Maarten Wolf       

                  Coordinated by the GROMACS project leaders:
                    Paul Bauer, Berk Hess, and Erik Lindahl

GROMACS:      gmx mdrun, version 2022.4-Homebrew
Executable:   /usr/local/bin/../Cellar/gromacs/2022.4/bin/gmx
Data prefix:  /usr/local/bin/../Cellar/gromacs/2022.4
Working dir:  /Users/valentina/Desktop/Omar_El/Apigenin/Api4
Process ID:   2713
Command line:
  gmx mdrun -v

GROMACS version:    2022.4-Homebrew
Precision:          mixed
Memory model:       64 bit
MPI library:        thread_mpi
OpenMP support:     enabled (GMX_OPENMP_MAX_THREADS = 128)
GPU support:        disabled
SIMD instructions:  SSE4.1
CPU FFT library:    fftw-3.3.10-sse2-avx-avx2-avx2_128
GPU FFT library:    none
RDTSCP usage:       enabled
TNG support:        enabled
Hwloc support:      disabled
Tracing support:    disabled
C compiler:         /usr/local/opt/gcc/bin/gcc-12
C compiler flags:   -Wa,-q -msse4.1 -Wno-missing-field-initializers -fexcess-precision=fast -funroll-all-loops -O3 -DNDEBUG
C++ compiler:       /usr/local/opt/gcc/bin/g++-12
C++ compiler flags: -Wa,-q -msse4.1 -Wno-missing-field-initializers -fexcess-precision=fast -funroll-all-loops -Weverything -Wno-c++98-compat -Wno-c++98-compat-pedantic -Wno-source-uses-openmp -Wno-c++17-extensions -Wno-documentation-unknown-command -Wno-covered-switch-default -Wno-switch-enum -Wno-extra-semi-stmt -Wno-weak-vtables -Wno-shadow -Wno-padded -Wno-reserved-id-macro -Wno-double-promotion -Wno-exit-time-destructors -Wno-global-constructors -Wno-documentation -Wno-format-nonliteral -Wno-used-but-marked-unused -Wno-float-equal -Wno-conditional-uninitialized -Wno-conversion -Wno-disabled-macro-expansion -Wno-unused-macros -fopenmp -O3 -DNDEBUG


Running on 1 node with total 0 processing units
Hardware detected:
  CPU info:
    Vendor: Intel
    Brand:  Intel(R) Core(TM) i7-1068NG7 CPU @ 2.30GHz
    Family: 6   Model: 126   Stepping: 5
    Features: aes apic avx avx2 avx512f avx512cd avx512bw avx512vl clfsh cmov cx8 cx16 f16c fma htt intel lahf mmx msr nonstop_tsc pcid pclmuldq pdcm pdpe1gb popcnt pse rdrnd rdtscp sha sse2 sse3 sse4.1 sse4.2 ssse3 tdt x2apic
    Number of AVX-512 FMA units: Cannot run AVX-512 detection - assuming 2
  Hardware topology: Only logical processor count
    CPU limit set by OS: -1   Recommended max number of threads: 8

Highest SIMD level supported by all nodes in run: AVX_512
SIMD instructions selected at compile time:       SSE4.1
This program was compiled for different hardware than you are running on,
which could influence performance.

++++ PLEASE READ AND CITE THE FOLLOWING REFERENCE ++++
M. J. Abraham, T. Murtola, R. Schulz, S. Páll, J. C. Smith, B. Hess, E.
Lindahl
GROMACS: High performance molecular simulations through multi-level
parallelism from laptops to supercomputers
SoftwareX 1 (2015) pp. 19-25
-------- -------- --- Thank You --- -------- --------


++++ PLEASE READ AND CITE THE FOLLOWING REFERENCE ++++
S. Páll, M. J. Abraham, C. Kutzner, B. Hess, E. Lindahl
Tackling Exascale Software Challenges in Molecular Dynamics Simulations with
GROMACS
In S. Markidis & E. Laure (Eds.), Solving Software Challenges for Exascale 8759 (2015) pp. 3-27
-------- -------- --- Thank You --- -------- --------


++++ PLEASE READ AND CITE THE FOLLOWING REFERENCE ++++
S. Pronk, S. Páll, R. Schulz, P. Larsson, P. Bjelkmar, R. Apostolov, M. R.
Shirts, J. C. Smith, P. M. Kasson, D. van der Spoel, B. Hess, and E. Lindahl
GROMACS 4.5: a high-throughput and highly parallel open source molecular
simulation toolkit
Bioinformatics 29 (2013) pp. 845-54
-------- -------- --- Thank You --- -------- --------


++++ PLEASE READ AND CITE THE FOLLOWING REFERENCE ++++
B. Hess and C. Kutzner and D. van der Spoel and E. Lindahl
GROMACS 4: Algorithms for highly efficient, load-balanced, and scalable
molecular simulation
J. Chem. Theory Comput. 4 (2008) pp. 435-447
-------- -------- --- Thank You --- -------- --------


++++ PLEASE READ AND CITE THE FOLLOWING REFERENCE ++++
D. van der Spoel, E. Lindahl, B. Hess, G. Groenhof, A. E. Mark and H. J. C.
Berendsen
GROMACS: Fast, Flexible and Free
J. Comp. Chem. 26 (2005) pp. 1701-1719
-------- -------- --- Thank You --- -------- --------


++++ PLEASE READ AND CITE THE FOLLOWING REFERENCE ++++
E. Lindahl and B. Hess and D. van der Spoel
GROMACS 3.0: A package for molecular simulation and trajectory analysis
J. Mol. Mod. 7 (2001) pp. 306-317
-------- -------- --- Thank You --- -------- --------


++++ PLEASE READ AND CITE THE FOLLOWING REFERENCE ++++
H. J. C. Berendsen, D. van der Spoel and R. van Drunen
GROMACS: A message-passing parallel molecular dynamics implementation
Comp. Phys. Comm. 91 (1995) pp. 43-56
-------- -------- --- Thank You --- -------- --------

Input Parameters:
   integrator                     = md
   tinit                          = 0
   dt                             = 0.001
   nsteps                         = 1000000
   init-step                      = 0
   simulation-part                = 1
   mts                            = false
   comm-mode                      = Linear
   nstcomm                        = 100
   bd-fric                        = 0
   ld-seed                        = 2092298871
   emtol                          = 10
   emstep                         = 0.01
   niter                          = 20
   fcstep                         = 0
   nstcgsteep                     = 1000
   nbfgscorr                      = 10
   rtpi                           = 0.05
   nstxout                        = 2000
   nstvout                        = 2000
   nstfout                        = 0
   nstlog                         = 2000
   nstcalcenergy                  = 100
   nstenergy                      = 2000
   nstxout-compressed             = 0
   compressed-x-precision         = 1000
   cutoff-scheme                  = Verlet
   nstlist                        = 10
   pbc                            = xyz
   periodic-molecules             = false
   verlet-buffer-tolerance        = 0.005
   rlist                          = 1.4
   coulombtype                    = PME
   coulomb-modifier               = Potential-shift
   rcoulomb-switch                = 0
   rcoulomb                       = 1.4
   epsilon-r                      = 1
   epsilon-rf                     = inf
   vdw-type                       = PME
   vdw-modifier                   = Potential-shift
   rvdw-switch                    = 0
   rvdw                           = 1.4
   DispCorr                       = EnerPres
   table-extension                = 1
   fourierspacing                 = 0.12
   fourier-nx                     = 42
   fourier-ny                     = 42
   fourier-nz                     = 42
   pme-order                      = 4
   ewald-rtol                     = 1e-05
   ewald-rtol-lj                  = 0.001
   lj-pme-comb-rule               = Geometric
   ewald-geometry                 = 3d
   epsilon-surface                = 0
   tcoupl                         = Nose-Hoover
   nsttcouple                     = 10
   nh-chain-length                = 1
   print-nose-hoover-chain-variables = false
   pcoupl                         = Parrinello-Rahman
   pcoupltype                     = Isotropic
   nstpcouple                     = 10
   tau-p                          = 5
   compressibility (3x3):
      compressibility[    0]={ 4.50000e-05,  0.00000e+00,  0.00000e+00}
      compressibility[    1]={ 0.00000e+00,  4.50000e-05,  0.00000e+00}
      compressibility[    2]={ 0.00000e+00,  0.00000e+00,  4.50000e-05}
   ref-p (3x3):
      ref-p[    0]={ 1.00000e+00,  0.00000e+00,  0.00000e+00}
      ref-p[    1]={ 0.00000e+00,  1.00000e+00,  0.00000e+00}
      ref-p[    2]={ 0.00000e+00,  0.00000e+00,  1.00000e+00}
   refcoord-scaling               = No
   posres-com (3):
      posres-com[0]= 0.00000e+00
      posres-com[1]= 0.00000e+00
      posres-com[2]= 0.00000e+00
   posres-comB (3):
      posres-comB[0]= 0.00000e+00
      posres-comB[1]= 0.00000e+00
      posres-comB[2]= 0.00000e+00
   QMMM                           = false
qm-opts:
   ngQM                           = 0
   constraint-algorithm           = Lincs
   continuation                   = false
   Shake-SOR                      = false
   shake-tol                      = 0.0001
   lincs-order                    = 4
   lincs-iter                     = 1
   lincs-warnangle                = 30
   nwall                          = 0
   wall-type                      = 9-3
   wall-r-linpot                  = -1
   wall-atomtype[0]               = -1
   wall-atomtype[1]               = -1
   wall-density[0]                = 0
   wall-density[1]                = 0
   wall-ewald-zfac                = 3
   pull                           = false
   awh                            = false
   rotation                       = false
   interactiveMD                  = false
   disre                          = No
   disre-weighting                = Conservative
   disre-mixed                    = false
   dr-fc                          = 1000
   dr-tau                         = 0
   nstdisreout                    = 100
   orire-fc                       = 0
   orire-tau                      = 0
   nstorireout                    = 100
   free-energy                    = no
   cos-acceleration               = 0
   deform (3x3):
      deform[    0]={ 0.00000e+00,  0.00000e+00,  0.00000e+00}
      deform[    1]={ 0.00000e+00,  0.00000e+00,  0.00000e+00}
      deform[    2]={ 0.00000e+00,  0.00000e+00,  0.00000e+00}
   simulated-tempering            = false
   swapcoords                     = no
   userint1                       = 0
   userint2                       = 0
   userint3                       = 0
   userint4                       = 0
   userreal1                      = 0
   userreal2                      = 0
   userreal3                      = 0
   userreal4                      = 0
   applied-forces:
     electric-field:
       x:
         E0                       = 0
         omega                    = 0
         t0                       = 0
         sigma                    = 0
       y:
         E0                       = 0
         omega                    = 0
         t0                       = 0
         sigma                    = 0
       z:
         E0                       = 0
         omega                    = 0
         t0                       = 0
         sigma                    = 0
     density-guided-simulation:
       active                     = false
       group                      = protein
       similarity-measure         = inner-product
       atom-spreading-weight      = unity
       force-constant             = 1e+09
       gaussian-transform-spreading-width = 0.2
       gaussian-transform-spreading-range-in-multiples-of-width = 4
       reference-density-filename = reference.mrc
       nst                        = 1
       normalize-densities        = true
       adaptive-force-scaling     = false
       adaptive-force-scaling-time-constant = 4
       shift-vector               = 
       transformation-matrix      = 
     qmmm-cp2k:
       active                     = false
       qmgroup                    = System
       qmmethod                   = PBE
       qmfilenames                = 
       qmcharge                   = 0
       qmmultiplicity             = 1
grpopts:
   nrdf:       24302
   ref-t:         300
   tau-t:         0.5
annealing:          No
annealing-npoints:           0
   acc:	           0           0           0
   nfreeze:           N           N           N
   energygrp-flags[  0]: 0

Changing nstlist from 10 to 100, rlist from 1.4 to 1.494

When checking whether update groups are usable:
  At least one moleculetype does not conform to the requirements for using update groups

Initializing Domain Decomposition on 1 ranks
Dynamic load balancing: auto
Minimum cell size due to atom displacement: 0.437 nm
Initial maximum distances in bonded interactions:
    two-body bonded interactions: 0.387 nm, LJ-14, atoms 4 10
  multi-body bonded interactions: 0.387 nm, Proper Dih., atoms 4 10
Minimum cell size due to bonded interactions: 0.425 nm
Maximum distance for 5 constraints, at 120 deg. angles, all-trans: 0.109 nm
Estimated maximum distance required for P-LINCS: 0.109 nm
Using 0 separate PME ranks because: there are too few total ranks for efficient splitting
Optimizing the DD grid for 1 cells with a minimum initial size of 0.437 nm
The maximum allowed number of cells is: X 11 Y 11 Z 11
Domain decomposition grid 1 x 1 x 1, separate PME ranks 0
PME domain decomposition: 1 x 1 x 1

The initial number of communication pulses is:
The initial domain decomposition cell size is:

The maximum allowed distance for atoms involved in interactions is:
                 non-bonded interactions           1.494 nm
(the following are initial values, they could change due to box deformation)
            two-body bonded interactions  (-rdd)   1.494 nm
          multi-body bonded interactions  (-rdd)   1.494 nm
  atoms separated by up to 5 constraints  (-rcon)  5.000 nm

When dynamic load balancing gets turned on, these settings will change to:
The maximum number of communication pulses is:
The minimum size for domain decomposition cells is 1.494 nm
The requested allowed shrink of DD cells (option -dds) is: 0.80
The allowed shrink of domain decomposition cells is:
The maximum allowed distance for atoms involved in interactions is:
                 non-bonded interactions           1.494 nm
            two-body bonded interactions  (-rdd)   1.494 nm
          multi-body bonded interactions  (-rdd)   1.494 nm
  atoms separated by up to 5 constraints  (-rcon)  1.494 nm

Using 1 MPI thread
Using 8 OpenMP threads 

System total charge: -0.000
Will do PME sum in reciprocal space for LJ dispersion interactions.

++++ PLEASE READ AND CITE THE FOLLOWING REFERENCE ++++
U. Essmann, L. Perera, M. L. Berkowitz, T. Darden, H. Lee and L. G. Pedersen 
A smooth particle mesh Ewald method
J. Chem. Phys. 103 (1995) pp. 8577-8592
-------- -------- --- Thank You --- -------- --------

Using a Gaussian width (1/beta) of 0.417792 nm for LJ Ewald
Will do PME sum in reciprocal space for electrostatic interactions.

++++ PLEASE READ AND CITE THE FOLLOWING REFERENCE ++++
U. Essmann, L. Perera, M. L. Berkowitz, T. Darden, H. Lee and L. G. Pedersen 
A smooth particle mesh Ewald method
J. Chem. Phys. 103 (1995) pp. 8577-8592
-------- -------- --- Thank You --- -------- --------

Using a Gaussian width (1/beta) of 0.448228 nm for Ewald
Potential shift: LJ r^-12: -1.764e-02 r^-6: -1.328e-04, Ewald -7.143e-06
Initialized non-bonded Coulomb Ewald tables, spacing: 1.10e-03 size: 1270

Using shifted Lennard-Jones, switch between 0 and 1.4 nm
Generated table with 1247 data points for 1-4 COUL.
Tabscale = 500 points/nm
Generated table with 1247 data points for 1-4 LJ6.
Tabscale = 500 points/nm
Generated table with 1247 data points for 1-4 LJ12.
Tabscale = 500 points/nm
Long Range LJ corr.: <C6> 3.4949e-08


Using SIMD 4x4 nonbonded short-range kernels

Using a dual 4x4 pair-list setup updated with dynamic pruning:
  outer list: updated every 100 steps, buffer 0.094 nm, rlist 1.494 nm
  inner list: updated every  25 steps, buffer 0.001 nm, rlist 1.401 nm
At tolerance 0.005 kJ/mol/ps per atom, equivalent classical 1x1 list would be:
  outer list: updated every 100 steps, buffer 0.230 nm, rlist 1.630 nm
  inner list: updated every  25 steps, buffer 0.052 nm, rlist 1.452 nm
Removing pbc first time

Linking all bonded interactions to atoms


Initializing Parallel LINear Constraint Solver

++++ PLEASE READ AND CITE THE FOLLOWING REFERENCE ++++
B. Hess
P-LINCS: A Parallel Linear Constraint Solver for molecular simulation
J. Chem. Theory Comput. 4 (2008) pp. 116-122
-------- -------- --- Thank You --- -------- --------

The number of constraints is 7
There are constraints between atoms in different decomposition domains,
will communicate selected coordinates each lincs iteration

++++ PLEASE READ AND CITE THE FOLLOWING REFERENCE ++++
S. Miyamoto and P. A. Kollman
SETTLE: An Analytical Version of the SHAKE and RATTLE Algorithms for Rigid
Water Models
J. Comp. Chem. 13 (1992) pp. 952-962
-------- -------- --- Thank You --- -------- --------

There are: 12141 Atoms

Atom distribution over 1 domains: av 12141 stddev 0 min 12141 max 12141

Constraining the starting coordinates (step 0)

Constraining the coordinates at t0-dt (step 0)
Center of mass motion removal mode is Linear
We have the following groups for center of mass motion removal:
  0:  rest
RMS relative constraint deviation after constraining: 5.70e-07
Initial temperature: 7.27692e-07 K

Started mdrun on rank 0 Tue Apr 18 16:38:17 2023

           Step           Time
              0        0.00000

   Energies (kJ/mol)
           Bond            U-B    Proper Dih.  Improper Dih.          LJ-14
    1.44504e+01    2.49295e+01    4.56709e+01    4.39807e-03    1.49214e+02
     Coulomb-14        LJ (SR)  Disper. corr.   Coulomb (SR)   Coul. recip.
   -3.58541e+03    3.48940e+04   -6.28849e-02   -2.28295e+05    3.93067e+02
      LJ recip.      Potential    Kinetic En.   Total Energy  Conserved En.
   -4.40010e+03   -2.00759e+05    7.28971e-01   -2.00758e+05   -2.00751e+05
    Temperature Pres. DC (bar) Pressure (bar)   Constr. rmsd
    7.21547e-03   -8.35757e-03   -5.85512e+03    5.55498e-07

           Step           Time
           2000        2.00000

   Energies (kJ/mol)
           Bond            U-B    Proper Dih.  Improper Dih.          LJ-14
    5.19377e+01    4.68171e+01    6.54028e+01    7.49963e-01    1.55847e+02
     Coulomb-14        LJ (SR)  Disper. corr.   Coulomb (SR)   Coul. recip.
   -3.57882e+03    3.05225e+04   -5.94915e-02   -1.93253e+05    3.94968e+02
      LJ recip.      Potential    Kinetic En.   Total Energy  Conserved En.
   -4.17885e+03   -1.69772e+05    2.97588e+04   -1.40013e+05   -1.89616e+05
    Temperature Pres. DC (bar) Pressure (bar)   Constr. rmsd
    2.94557e+02   -7.48032e-03   -1.18283e+03    1.63389e-06

           Step           Time
           4000        4.00000

   Energies (kJ/mol)
           Bond            U-B    Proper Dih.  Improper Dih.          LJ-14
    3.97470e+01    4.82410e+01    7.01711e+01    8.43369e-01    1.55874e+02
     Coulomb-14        LJ (SR)  Disper. corr.   Coulomb (SR)   Coul. recip.
   -3.58260e+03    3.46841e+04   -6.43383e-02   -2.01411e+05    3.23772e+02
      LJ recip.      Potential    Kinetic En.   Total Energy  Conserved En.
   -4.50683e+03   -1.74178e+05    3.05078e+04   -1.43670e+05   -1.89654e+05
    Temperature Pres. DC (bar) Pressure (bar)   Constr. rmsd
    3.01970e+02   -8.74819e-03    8.26917e+02    8.32334e-07

           Step           Time
           6000        6.00000

   Energies (kJ/mol)
           Bond            U-B    Proper Dih.  Improper Dih.          LJ-14
    4.44655e+01    6.13185e+01    7.25244e+01    1.41559e-02    1.65620e+02
     Coulomb-14        LJ (SR)  Disper. corr.   Coulomb (SR)   Coul. recip.
   -3.59609e+03    3.15631e+04   -6.35411e-02   -1.96483e+05    3.45944e+02
      LJ recip.      Potential    Kinetic En.   Total Energy  Conserved En.
   -4.45185e+03   -1.72278e+05    2.99772e+04   -1.42301e+05   -1.89609e+05
    Temperature Pres. DC (bar) Pressure (bar)   Constr. rmsd
    2.96718e+02   -8.53282e-03   -4.20938e+02    6.75478e-07

           Step           Time
           8000        8.00000

   Energies (kJ/mol)
           Bond            U-B    Proper Dih.  Improper Dih.          LJ-14
    5.60554e+01    4.29923e+01    8.36961e+01    1.85103e+00    1.74720e+02
     Coulomb-14        LJ (SR)  Disper. corr.   Coulomb (SR)   Coul. recip.
   -3.61820e+03    3.31010e+04   -6.31936e-02   -1.98766e+05    3.20017e+02
      LJ recip.      Potential    Kinetic En.   Total Energy  Conserved En.
   -4.42740e+03   -1.73031e+05    2.99602e+04   -1.43071e+05   -1.89621e+05
    Temperature Pres. DC (bar) Pressure (bar)   Constr. rmsd
    2.96550e+02   -8.43979e-03    8.24172e+01    8.55784e-07

           Step           Time
          10000       10.00000

   Energies (kJ/mol)
           Bond            U-B    Proper Dih.  Improper Dih.          LJ-14
    4.54443e+01    2.48567e+01    8.81710e+01    3.51771e-01    1.43746e+02
     Coulomb-14        LJ (SR)  Disper. corr.   Coulomb (SR)   Coul. recip.
   -3.56849e+03    3.20952e+04   -6.31871e-02   -1.97441e+05    3.46407e+02
      LJ recip.      Potential    Kinetic En.   Total Energy  Conserved En.
   -4.42540e+03   -1.72690e+05    3.01887e+04   -1.42502e+05   -1.89602e+05
    Temperature Pres. DC (bar) Pressure (bar)   Constr. rmsd
    2.98812e+02   -8.43806e-03   -3.92164e+02    9.90739e-07

           Step           Time
          12000       12.00000

   Energies (kJ/mol)
           Bond            U-B    Proper Dih.  Improper Dih.          LJ-14
    3.58741e+01    4.67289e+01    5.52476e+01    2.62267e-01    1.72539e+02
     Coulomb-14        LJ (SR)  Disper. corr.   Coulomb (SR)   Coul. recip.
   -3.61741e+03    3.23833e+04   -6.38747e-02   -1.97511e+05    3.12623e+02
      LJ recip.      Potential    Kinetic En.   Total Energy  Conserved En.
   -4.47264e+03   -1.72594e+05    3.01932e+04   -1.42401e+05   -1.89609e+05
    Temperature Pres. DC (bar) Pressure (bar)   Constr. rmsd
    2.98857e+02   -8.62261e-03    3.87030e+01    1.06481e-06

           Step           Time
          14000       14.00000

   Energies (kJ/mol)
           Bond            U-B    Proper Dih.  Improper Dih.          LJ-14
    2.61902e+01    5.62825e+01    6.73104e+01    2.71256e-02    1.67740e+02
     Coulomb-14        LJ (SR)  Disper. corr.   Coulomb (SR)   Coul. recip.
   -3.57592e+03    3.24090e+04   -6.32324e-02   -1.96742e+05    3.37914e+02
      LJ recip.      Potential    Kinetic En.   Total Energy  Conserved En.
   -4.43050e+03   -1.71684e+05    3.00681e+04   -1.41615e+05   -1.89583e+05
    Temperature Pres. DC (bar) Pressure (bar)   Constr. rmsd
    2.97618e+02   -8.45016e-03    7.35395e+00    1.06338e-06

           Step           Time
          16000       16.00000

   Energies (kJ/mol)
           Bond            U-B    Proper Dih.  Improper Dih.          LJ-14
    5.16866e+01    9.21213e+01    6.74593e+01    2.82172e-01    1.46539e+02
     Coulomb-14        LJ (SR)  Disper. corr.   Coulomb (SR)   Coul. recip.
   -3.56654e+03    3.29972e+04   -6.36258e-02   -1.99400e+05    3.18961e+02
      LJ recip.      Potential    Kinetic En.   Total Energy  Conserved En.
   -4.45743e+03   -1.73750e+05    3.04128e+04   -1.43337e+05   -1.89558e+05
    Temperature Pres. DC (bar) Pressure (bar)   Constr. rmsd
    3.01030e+02   -8.55558e-03   -6.17514e+01    8.01582e-07

           Step           Time
          18000       18.00000

   Energies (kJ/mol)
           Bond            U-B    Proper Dih.  Improper Dih.          LJ-14
    3.46182e+01    3.67373e+01    7.24627e+01    3.09596e-02    1.56542e+02
     Coulomb-14        LJ (SR)  Disper. corr.   Coulomb (SR)   Coul. recip.
   -3.58870e+03    3.27330e+04   -6.36843e-02   -1.98337e+05    3.36763e+02
      LJ recip.      Potential    Kinetic En.   Total Energy  Conserved En.
   -4.46189e+03   -1.73018e+05    3.03669e+04   -1.42651e+05   -1.89606e+05
    Temperature Pres. DC (bar) Pressure (bar)   Constr. rmsd
    3.00576e+02   -8.57131e-03   -1.56535e+01    8.27134e-07

           Step           Time
          20000       20.00000

   Energies (kJ/mol)
           Bond            U-B    Proper Dih.  Improper Dih.          LJ-14
    4.59550e+01    5.00010e+01    6.78634e+01    3.52680e-02    1.65627e+02
     Coulomb-14        LJ (SR)  Disper. corr.   Coulomb (SR)   Coul. recip.
   -3.59557e+03    3.20945e+04   -6.34651e-02   -1.97703e+05    3.40852e+02
      LJ recip.      Potential    Kinetic En.   Total Energy  Conserved En.
   -4.44541e+03   -1.72979e+05    3.02374e+04   -1.42741e+05   -1.89584e+05
    Temperature Pres. DC (bar) Pressure (bar)   Constr. rmsd
    2.99294e+02   -8.51244e-03   -2.89737e+02    7.59980e-07

           Step           Time
          22000       22.00000

   Energies (kJ/mol)
           Bond            U-B    Proper Dih.  Improper Dih.          LJ-14
    2.98018e+01    4.05350e+01    7.31390e+01    3.87093e-01    1.69902e+02
     Coulomb-14        LJ (SR)  Disper. corr.   Coulomb (SR)   Coul. recip.
   -3.60082e+03    3.32570e+04   -6.38189e-02   -1.99469e+05    3.71987e+02
      LJ recip.      Potential    Kinetic En.   Total Energy  Conserved En.
   -4.46929e+03   -1.73596e+05    3.00800e+04   -1.43516e+05   -1.89624e+05
    Temperature Pres. DC (bar) Pressure (bar)   Constr. rmsd
    2.97736e+02   -8.60756e-03    1.32942e+02    9.90995e-07

           Step           Time
          24000       24.00000

   Energies (kJ/mol)
           Bond            U-B    Proper Dih.  Improper Dih.          LJ-14
    2.42896e+01    4.43857e+01    6.20630e+01    1.11993e-01    1.81926e+02
     Coulomb-14        LJ (SR)  Disper. corr.   Coulomb (SR)   Coul. recip.
   -3.60454e+03    3.22785e+04   -6.30668e-02   -1.97866e+05    2.95409e+02
      LJ recip.      Potential    Kinetic En.   Total Energy  Conserved En.
   -4.41679e+03   -1.73001e+05    2.99794e+04   -1.43022e+05   -1.89591e+05
    Temperature Pres. DC (bar) Pressure (bar)   Constr. rmsd
    2.96740e+02   -8.40598e-03   -3.13085e+02    1.06838e-06

Writing checkpoint, step 25600 at Tue Apr 18 16:53:20 2023


           Step           Time
          26000       26.00000

   Energies (kJ/mol)
           Bond            U-B    Proper Dih.  Improper Dih.          LJ-14
    3.35722e+01    4.67563e+01    6.35866e+01    3.87160e-01    1.65599e+02
     Coulomb-14        LJ (SR)  Disper. corr.   Coulomb (SR)   Coul. recip.
   -3.59703e+03    3.30742e+04   -6.34276e-02   -1.98064e+05    3.49667e+02
      LJ recip.      Potential    Kinetic En.   Total Energy  Conserved En.
   -4.44334e+03   -1.72371e+05    3.01322e+04   -1.42238e+05   -1.89585e+05
    Temperature Pres. DC (bar) Pressure (bar)   Constr. rmsd
    2.98253e+02   -8.50239e-03    1.94848e+02    1.00068e-06

           Step           Time
          28000       28.00000

   Energies (kJ/mol)
           Bond            U-B    Proper Dih.  Improper Dih.          LJ-14
    3.07391e+01    4.56753e+01    6.82569e+01    2.06192e-01    1.53528e+02
     Coulomb-14        LJ (SR)  Disper. corr.   Coulomb (SR)   Coul. recip.
   -3.58075e+03    3.27877e+04   -6.32843e-02   -1.97929e+05    3.56795e+02
      LJ recip.      Potential    Kinetic En.   Total Energy  Conserved En.
   -4.43314e+03   -1.72500e+05    3.05394e+04   -1.41960e+05   -1.89619e+05
    Temperature Pres. DC (bar) Pressure (bar)   Constr. rmsd
    3.02284e+02   -8.46404e-03    4.14642e+01    8.87518e-07

           Step           Time
          30000       30.00000

   Energies (kJ/mol)
           Bond            U-B    Proper Dih.  Improper Dih.          LJ-14
    3.73567e+01    4.95537e+01    6.78109e+01    1.66802e-01    1.61002e+02
     Coulomb-14        LJ (SR)  Disper. corr.   Coulomb (SR)   Coul. recip.
   -3.59434e+03    3.23493e+04   -6.31427e-02   -1.97872e+05    3.37489e+02
      LJ recip.      Potential    Kinetic En.   Total Energy  Conserved En.
   -4.42536e+03   -1.72889e+05    3.02497e+04   -1.42639e+05   -1.89545e+05
    Temperature Pres. DC (bar) Pressure (bar)   Constr. rmsd
    2.99416e+02   -8.42621e-03   -2.21484e+02    1.33356e-06

           Step           Time
          32000       32.00000

   Energies (kJ/mol)
           Bond            U-B    Proper Dih.  Improper Dih.          LJ-14
    2.58768e+01    6.23534e+01    6.35326e+01    8.29732e-04    1.58373e+02
     Coulomb-14        LJ (SR)  Disper. corr.   Coulomb (SR)   Coul. recip.
   -3.59075e+03    3.17797e+04   -6.35690e-02   -1.96758e+05    3.58878e+02
      LJ recip.      Potential    Kinetic En.   Total Energy  Conserved En.
   -4.45131e+03   -1.72352e+05    2.99494e+04   -1.42402e+05   -1.89537e+05
    Temperature Pres. DC (bar) Pressure (bar)   Constr. rmsd
    2.96443e+02   -8.54032e-03   -3.42411e+02    8.32029e-07

           Step           Time
          34000       34.00000

   Energies (kJ/mol)
           Bond            U-B    Proper Dih.  Improper Dih.          LJ-14
    5.79835e+01    4.00294e+01    6.23003e+01    1.97973e-04    1.40772e+02
     Coulomb-14        LJ (SR)  Disper. corr.   Coulomb (SR)   Coul. recip.
   -3.58885e+03    3.21804e+04   -6.36618e-02   -1.97615e+05    3.34076e+02
      LJ recip.      Potential    Kinetic En.   Total Energy  Conserved En.
   -4.45888e+03   -1.72848e+05    3.05721e+04   -1.42275e+05   -1.89597e+05
    Temperature Pres. DC (bar) Pressure (bar)   Constr. rmsd
    3.02607e+02   -8.56525e-03   -2.63504e+02    6.38394e-07

           Step           Time
          36000       36.00000

   Energies (kJ/mol)
           Bond            U-B    Proper Dih.  Improper Dih.          LJ-14
    3.66289e+01    5.13927e+01    6.75329e+01    1.46606e-01    1.56556e+02
     Coulomb-14        LJ (SR)  Disper. corr.   Coulomb (SR)   Coul. recip.
   -3.59487e+03    3.34991e+04   -6.36286e-02   -1.99120e+05    3.65815e+02
      LJ recip.      Potential    Kinetic En.   Total Energy  Conserved En.
   -4.45612e+03   -1.72994e+05    3.04017e+04   -1.42592e+05   -1.89585e+05
    Temperature Pres. DC (bar) Pressure (bar)   Constr. rmsd
    3.00920e+02   -8.55633e-03    3.28935e+02    9.26957e-07

           Step           Time
          38000       38.00000

   Energies (kJ/mol)
           Bond            U-B    Proper Dih.  Improper Dih.          LJ-14
    3.41117e+01    4.92421e+01    7.50792e+01    1.80872e-03    1.65080e+02
     Coulomb-14        LJ (SR)  Disper. corr.   Coulomb (SR)   Coul. recip.
   -3.59856e+03    3.26655e+04   -6.36424e-02   -1.97911e+05    3.54028e+02
      LJ recip.      Potential    Kinetic En.   Total Energy  Conserved En.
   -4.45833e+03   -1.72625e+05    3.11557e+04   -1.41469e+05   -1.89521e+05
    Temperature Pres. DC (bar) Pressure (bar)   Constr. rmsd
    3.08384e+02   -8.56005e-03    9.22659e+01    1.18033e-06

           Step           Time
          40000       40.00000

   Energies (kJ/mol)
           Bond            U-B    Proper Dih.  Improper Dih.          LJ-14
    3.37023e+01    2.61954e+01    6.35471e+01    3.35086e-01    1.59963e+02
     Coulomb-14        LJ (SR)  Disper. corr.   Coulomb (SR)   Coul. recip.
   -3.57942e+03    3.30116e+04   -6.38168e-02   -1.98650e+05    3.28900e+02
      LJ recip.      Potential    Kinetic En.   Total Energy  Conserved En.
   -4.47011e+03   -1.73076e+05    3.08320e+04   -1.42244e+05   -1.89537e+05
    Temperature Pres. DC (bar) Pressure (bar)   Constr. rmsd
    3.05180e+02   -8.60699e-03    1.59057e+02    1.08931e-06

           Step           Time
          42000       42.00000

   Energies (kJ/mol)
           Bond            U-B    Proper Dih.  Improper Dih.          LJ-14
    1.56900e+01    5.64297e+01    6.65566e+01    2.54013e-02    1.69906e+02
     Coulomb-14        LJ (SR)  Disper. corr.   Coulomb (SR)   Coul. recip.
   -3.60161e+03    3.20952e+04   -6.36436e-02   -1.97373e+05    2.88449e+02
      LJ recip.      Potential    Kinetic En.   Total Energy  Conserved En.
   -4.45825e+03   -1.72741e+05    2.98623e+04   -1.42878e+05   -1.89582e+05
    Temperature Pres. DC (bar) Pressure (bar)   Constr. rmsd
    2.95581e+02   -8.56037e-03   -2.53116e+02    9.89458e-07

           Step           Time
          44000       44.00000

   Energies (kJ/mol)
           Bond            U-B    Proper Dih.  Improper Dih.          LJ-14
    3.10119e+01    3.70698e+01    6.37005e+01    5.28554e-02    1.85690e+02
     Coulomb-14        LJ (SR)  Disper. corr.   Coulomb (SR)   Coul. recip.
   -3.60558e+03    3.25904e+04   -6.33464e-02   -1.97153e+05    3.68342e+02
      LJ recip.      Potential    Kinetic En.   Total Energy  Conserved En.
   -4.43841e+03   -1.71920e+05    2.97657e+04   -1.42155e+05   -1.89571e+05
    Temperature Pres. DC (bar) Pressure (bar)   Constr. rmsd
    2.94626e+02   -8.48063e-03    1.06673e+02    9.25313e-07

