                  :-) GROMACS - gmx mdrun, 2022.4-Homebrew (-:

Copyright 1991-2022 The GROMACS Authors.
GROMACS is free software; you can redistribute it and/or modify it
under the terms of the GNU Lesser General Public License
as published by the Free Software Foundation; either version 2.1
of the License, or (at your option) any later version.

                         Current GROMACS contributors:
       Mark Abraham           Andrey Alekseenko           Cathrine Bergh      
      Christian Blau            Eliane Briand               Kevin Boyd        
     Oliver Fleetwood         Stefan Fleischmann           Vytas Gapsys       
       Gaurav Garg           Gilles Gouaillardet            Alan Gray         
      Victor Holanda           M. Eric Irrgang              Joe Jordan        
    Christoph Junghans        Prashanth Kanduri           Sebastian Kehl      
     Sebastian Keller          Carsten Kutzner           Magnus Lundborg      
       Pascal Merz              Dmitry Morozov             Szilard Pall       
      Roland Schulz             Michael Shirts         David van der Spoel    
     Alessandra Villa      Sebastian Wingbermuehle        Artem Zhmurov       

                         Previous GROMACS contributors:
        Emile Apol             Rossen Apostolov           James Barnett       
  Herman J.C. Berendsen          Par Bjelkmar           Viacheslav Bolnykh    
    Aldert van Buuren          Carlo Camilloni           Rudi van Drunen      
      Anton Feenstra           Gerrit Groenhof            Bert de Groot       
      Anca Hamuraru           Vincent Hindriksen         Aleksei Iupinov      
   Dimitrios Karkoulis           Peter Kasson               Jiri Kraus        
       Per Larsson             Justin A. Lemkul           Viveca Lindahl      
      Erik Marklund           Pieter Meulenhoff           Vedran Miletic      
      Teemu Murtola              Sander Pronk            Alexey Shvetsov      
      Alfons Sijbers            Peter Tieleman             Jon Vincent        
     Teemu Virolainen         Christian Wennberg           Maarten Wolf       

                  Coordinated by the GROMACS project leaders:
                    Paul Bauer, Berk Hess, and Erik Lindahl

GROMACS:      gmx mdrun, version 2022.4-Homebrew
Executable:   /usr/local/bin/../Cellar/gromacs/2022.4/bin/gmx
Data prefix:  /usr/local/bin/../Cellar/gromacs/2022.4
Working dir:  /Users/valentina/Desktop/Omar_El/Apigenin/Api0
Process ID:   99629
Command line:
  gmx mdrun -v

GROMACS version:    2022.4-Homebrew
Precision:          mixed
Memory model:       64 bit
MPI library:        thread_mpi
OpenMP support:     enabled (GMX_OPENMP_MAX_THREADS = 128)
GPU support:        disabled
SIMD instructions:  SSE4.1
CPU FFT library:    fftw-3.3.10-sse2-avx-avx2-avx2_128
GPU FFT library:    none
RDTSCP usage:       enabled
TNG support:        enabled
Hwloc support:      disabled
Tracing support:    disabled
C compiler:         /usr/local/opt/gcc/bin/gcc-12
C compiler flags:   -Wa,-q -msse4.1 -Wno-missing-field-initializers -fexcess-precision=fast -funroll-all-loops -O3 -DNDEBUG
C++ compiler:       /usr/local/opt/gcc/bin/g++-12
C++ compiler flags: -Wa,-q -msse4.1 -Wno-missing-field-initializers -fexcess-precision=fast -funroll-all-loops -Weverything -Wno-c++98-compat -Wno-c++98-compat-pedantic -Wno-source-uses-openmp -Wno-c++17-extensions -Wno-documentation-unknown-command -Wno-covered-switch-default -Wno-switch-enum -Wno-extra-semi-stmt -Wno-weak-vtables -Wno-shadow -Wno-padded -Wno-reserved-id-macro -Wno-double-promotion -Wno-exit-time-destructors -Wno-global-constructors -Wno-documentation -Wno-format-nonliteral -Wno-used-but-marked-unused -Wno-float-equal -Wno-conditional-uninitialized -Wno-conversion -Wno-disabled-macro-expansion -Wno-unused-macros -fopenmp -O3 -DNDEBUG


Running on 1 node with total 0 processing units
Hardware detected:
  CPU info:
    Vendor: Intel
    Brand:  Intel(R) Core(TM) i7-1068NG7 CPU @ 2.30GHz
    Family: 6   Model: 126   Stepping: 5
    Features: aes apic avx avx2 avx512f avx512cd avx512bw avx512vl clfsh cmov cx8 cx16 f16c fma htt intel lahf mmx msr nonstop_tsc pcid pclmuldq pdcm pdpe1gb popcnt pse rdrnd rdtscp sha sse2 sse3 sse4.1 sse4.2 ssse3 tdt x2apic
    Number of AVX-512 FMA units: Cannot run AVX-512 detection - assuming 2
  Hardware topology: Only logical processor count
    CPU limit set by OS: -1   Recommended max number of threads: 8

Highest SIMD level supported by all nodes in run: AVX_512
SIMD instructions selected at compile time:       SSE4.1
This program was compiled for different hardware than you are running on,
which could influence performance.

++++ PLEASE READ AND CITE THE FOLLOWING REFERENCE ++++
M. J. Abraham, T. Murtola, R. Schulz, S. Páll, J. C. Smith, B. Hess, E.
Lindahl
GROMACS: High performance molecular simulations through multi-level
parallelism from laptops to supercomputers
SoftwareX 1 (2015) pp. 19-25
-------- -------- --- Thank You --- -------- --------


++++ PLEASE READ AND CITE THE FOLLOWING REFERENCE ++++
S. Páll, M. J. Abraham, C. Kutzner, B. Hess, E. Lindahl
Tackling Exascale Software Challenges in Molecular Dynamics Simulations with
GROMACS
In S. Markidis & E. Laure (Eds.), Solving Software Challenges for Exascale 8759 (2015) pp. 3-27
-------- -------- --- Thank You --- -------- --------


++++ PLEASE READ AND CITE THE FOLLOWING REFERENCE ++++
S. Pronk, S. Páll, R. Schulz, P. Larsson, P. Bjelkmar, R. Apostolov, M. R.
Shirts, J. C. Smith, P. M. Kasson, D. van der Spoel, B. Hess, and E. Lindahl
GROMACS 4.5: a high-throughput and highly parallel open source molecular
simulation toolkit
Bioinformatics 29 (2013) pp. 845-54
-------- -------- --- Thank You --- -------- --------


++++ PLEASE READ AND CITE THE FOLLOWING REFERENCE ++++
B. Hess and C. Kutzner and D. van der Spoel and E. Lindahl
GROMACS 4: Algorithms for highly efficient, load-balanced, and scalable
molecular simulation
J. Chem. Theory Comput. 4 (2008) pp. 435-447
-------- -------- --- Thank You --- -------- --------


++++ PLEASE READ AND CITE THE FOLLOWING REFERENCE ++++
D. van der Spoel, E. Lindahl, B. Hess, G. Groenhof, A. E. Mark and H. J. C.
Berendsen
GROMACS: Fast, Flexible and Free
J. Comp. Chem. 26 (2005) pp. 1701-1719
-------- -------- --- Thank You --- -------- --------


++++ PLEASE READ AND CITE THE FOLLOWING REFERENCE ++++
E. Lindahl and B. Hess and D. van der Spoel
GROMACS 3.0: A package for molecular simulation and trajectory analysis
J. Mol. Mod. 7 (2001) pp. 306-317
-------- -------- --- Thank You --- -------- --------


++++ PLEASE READ AND CITE THE FOLLOWING REFERENCE ++++
H. J. C. Berendsen, D. van der Spoel and R. van Drunen
GROMACS: A message-passing parallel molecular dynamics implementation
Comp. Phys. Comm. 91 (1995) pp. 43-56
-------- -------- --- Thank You --- -------- --------

Input Parameters:
   integrator                     = md
   tinit                          = 0
   dt                             = 0.001
   nsteps                         = 1000000
   init-step                      = 0
   simulation-part                = 1
   mts                            = false
   comm-mode                      = Linear
   nstcomm                        = 100
   bd-fric                        = 0
   ld-seed                        = 2143221247
   emtol                          = 10
   emstep                         = 0.01
   niter                          = 20
   fcstep                         = 0
   nstcgsteep                     = 1000
   nbfgscorr                      = 10
   rtpi                           = 0.05
   nstxout                        = 2000
   nstvout                        = 2000
   nstfout                        = 0
   nstlog                         = 2000
   nstcalcenergy                  = 100
   nstenergy                      = 2000
   nstxout-compressed             = 0
   compressed-x-precision         = 1000
   cutoff-scheme                  = Verlet
   nstlist                        = 10
   pbc                            = xyz
   periodic-molecules             = false
   verlet-buffer-tolerance        = 0.005
   rlist                          = 1.4
   coulombtype                    = PME
   coulomb-modifier               = Potential-shift
   rcoulomb-switch                = 0
   rcoulomb                       = 1.4
   epsilon-r                      = 1
   epsilon-rf                     = inf
   vdw-type                       = PME
   vdw-modifier                   = Potential-shift
   rvdw-switch                    = 0
   rvdw                           = 1.4
   DispCorr                       = EnerPres
   table-extension                = 1
   fourierspacing                 = 0.12
   fourier-nx                     = 42
   fourier-ny                     = 42
   fourier-nz                     = 42
   pme-order                      = 4
   ewald-rtol                     = 1e-05
   ewald-rtol-lj                  = 0.001
   lj-pme-comb-rule               = Geometric
   ewald-geometry                 = 3d
   epsilon-surface                = 0
   tcoupl                         = Nose-Hoover
   nsttcouple                     = 10
   nh-chain-length                = 1
   print-nose-hoover-chain-variables = false
   pcoupl                         = Parrinello-Rahman
   pcoupltype                     = Isotropic
   nstpcouple                     = 10
   tau-p                          = 5
   compressibility (3x3):
      compressibility[    0]={ 4.50000e-05,  0.00000e+00,  0.00000e+00}
      compressibility[    1]={ 0.00000e+00,  4.50000e-05,  0.00000e+00}
      compressibility[    2]={ 0.00000e+00,  0.00000e+00,  4.50000e-05}
   ref-p (3x3):
      ref-p[    0]={ 1.00000e+00,  0.00000e+00,  0.00000e+00}
      ref-p[    1]={ 0.00000e+00,  1.00000e+00,  0.00000e+00}
      ref-p[    2]={ 0.00000e+00,  0.00000e+00,  1.00000e+00}
   refcoord-scaling               = No
   posres-com (3):
      posres-com[0]= 0.00000e+00
      posres-com[1]= 0.00000e+00
      posres-com[2]= 0.00000e+00
   posres-comB (3):
      posres-comB[0]= 0.00000e+00
      posres-comB[1]= 0.00000e+00
      posres-comB[2]= 0.00000e+00
   QMMM                           = false
qm-opts:
   ngQM                           = 0
   constraint-algorithm           = Lincs
   continuation                   = false
   Shake-SOR                      = false
   shake-tol                      = 0.0001
   lincs-order                    = 4
   lincs-iter                     = 1
   lincs-warnangle                = 30
   nwall                          = 0
   wall-type                      = 9-3
   wall-r-linpot                  = -1
   wall-atomtype[0]               = -1
   wall-atomtype[1]               = -1
   wall-density[0]                = 0
   wall-density[1]                = 0
   wall-ewald-zfac                = 3
   pull                           = false
   awh                            = false
   rotation                       = false
   interactiveMD                  = false
   disre                          = No
   disre-weighting                = Conservative
   disre-mixed                    = false
   dr-fc                          = 1000
   dr-tau                         = 0
   nstdisreout                    = 100
   orire-fc                       = 0
   orire-tau                      = 0
   nstorireout                    = 100
   free-energy                    = no
   cos-acceleration               = 0
   deform (3x3):
      deform[    0]={ 0.00000e+00,  0.00000e+00,  0.00000e+00}
      deform[    1]={ 0.00000e+00,  0.00000e+00,  0.00000e+00}
      deform[    2]={ 0.00000e+00,  0.00000e+00,  0.00000e+00}
   simulated-tempering            = false
   swapcoords                     = no
   userint1                       = 0
   userint2                       = 0
   userint3                       = 0
   userint4                       = 0
   userreal1                      = 0
   userreal2                      = 0
   userreal3                      = 0
   userreal4                      = 0
   applied-forces:
     electric-field:
       x:
         E0                       = 0
         omega                    = 0
         t0                       = 0
         sigma                    = 0
       y:
         E0                       = 0
         omega                    = 0
         t0                       = 0
         sigma                    = 0
       z:
         E0                       = 0
         omega                    = 0
         t0                       = 0
         sigma                    = 0
     density-guided-simulation:
       active                     = false
       group                      = protein
       similarity-measure         = inner-product
       atom-spreading-weight      = unity
       force-constant             = 1e+09
       gaussian-transform-spreading-width = 0.2
       gaussian-transform-spreading-range-in-multiples-of-width = 4
       reference-density-filename = reference.mrc
       nst                        = 1
       normalize-densities        = true
       adaptive-force-scaling     = false
       adaptive-force-scaling-time-constant = 4
       shift-vector               = 
       transformation-matrix      = 
     qmmm-cp2k:
       active                     = false
       qmgroup                    = System
       qmmethod                   = PBE
       qmfilenames                = 
       qmcharge                   = 0
       qmmultiplicity             = 1
grpopts:
   nrdf:       24336
   ref-t:         300
   tau-t:         0.5
annealing:          No
annealing-npoints:           0
   acc:	           0           0           0
   nfreeze:           N           N           N
   energygrp-flags[  0]: 0

Changing nstlist from 10 to 100, rlist from 1.4 to 1.494

When checking whether update groups are usable:
  At least one moleculetype does not conform to the requirements for using update groups

Initializing Domain Decomposition on 1 ranks
Dynamic load balancing: auto
Minimum cell size due to atom displacement: 0.437 nm
Initial maximum distances in bonded interactions:
    two-body bonded interactions: 0.385 nm, LJ-14, atoms 4 7
  multi-body bonded interactions: 0.385 nm, Proper Dih., atoms 4 7
Minimum cell size due to bonded interactions: 0.424 nm
Maximum distance for 5 constraints, at 120 deg. angles, all-trans: 0.109 nm
Estimated maximum distance required for P-LINCS: 0.109 nm
Using 0 separate PME ranks because: there are too few total ranks for efficient splitting
Optimizing the DD grid for 1 cells with a minimum initial size of 0.437 nm
The maximum allowed number of cells is: X 11 Y 11 Z 11
Domain decomposition grid 1 x 1 x 1, separate PME ranks 0
PME domain decomposition: 1 x 1 x 1

The initial number of communication pulses is:
The initial domain decomposition cell size is:

The maximum allowed distance for atoms involved in interactions is:
                 non-bonded interactions           1.494 nm
(the following are initial values, they could change due to box deformation)
            two-body bonded interactions  (-rdd)   1.494 nm
          multi-body bonded interactions  (-rdd)   1.494 nm
  atoms separated by up to 5 constraints  (-rcon)  5.000 nm

When dynamic load balancing gets turned on, these settings will change to:
The maximum number of communication pulses is:
The minimum size for domain decomposition cells is 1.494 nm
The requested allowed shrink of DD cells (option -dds) is: 0.80
The allowed shrink of domain decomposition cells is:
The maximum allowed distance for atoms involved in interactions is:
                 non-bonded interactions           1.494 nm
            two-body bonded interactions  (-rdd)   1.494 nm
          multi-body bonded interactions  (-rdd)   1.494 nm
  atoms separated by up to 5 constraints  (-rcon)  1.494 nm

Using 1 MPI thread
Using 8 OpenMP threads 

System total charge: -0.000
Will do PME sum in reciprocal space for LJ dispersion interactions.

++++ PLEASE READ AND CITE THE FOLLOWING REFERENCE ++++
U. Essmann, L. Perera, M. L. Berkowitz, T. Darden, H. Lee and L. G. Pedersen 
A smooth particle mesh Ewald method
J. Chem. Phys. 103 (1995) pp. 8577-8592
-------- -------- --- Thank You --- -------- --------

Using a Gaussian width (1/beta) of 0.417792 nm for LJ Ewald
Will do PME sum in reciprocal space for electrostatic interactions.

++++ PLEASE READ AND CITE THE FOLLOWING REFERENCE ++++
U. Essmann, L. Perera, M. L. Berkowitz, T. Darden, H. Lee and L. G. Pedersen 
A smooth particle mesh Ewald method
J. Chem. Phys. 103 (1995) pp. 8577-8592
-------- -------- --- Thank You --- -------- --------

Using a Gaussian width (1/beta) of 0.448228 nm for Ewald
Potential shift: LJ r^-12: -1.764e-02 r^-6: -1.328e-04, Ewald -7.143e-06
Initialized non-bonded Coulomb Ewald tables, spacing: 1.10e-03 size: 1270

Using shifted Lennard-Jones, switch between 0 and 1.4 nm
Generated table with 1247 data points for 1-4 COUL.
Tabscale = 500 points/nm
Generated table with 1247 data points for 1-4 LJ6.
Tabscale = 500 points/nm
Generated table with 1247 data points for 1-4 LJ12.
Tabscale = 500 points/nm
Long Range LJ corr.: <C6> 3.6324e-08


Using SIMD 4x4 nonbonded short-range kernels

Using a dual 4x4 pair-list setup updated with dynamic pruning:
  outer list: updated every 100 steps, buffer 0.094 nm, rlist 1.494 nm
  inner list: updated every  25 steps, buffer 0.001 nm, rlist 1.401 nm
At tolerance 0.005 kJ/mol/ps per atom, equivalent classical 1x1 list would be:
  outer list: updated every 100 steps, buffer 0.230 nm, rlist 1.630 nm
  inner list: updated every  25 steps, buffer 0.052 nm, rlist 1.452 nm
Removing pbc first time

Linking all bonded interactions to atoms


Initializing Parallel LINear Constraint Solver

++++ PLEASE READ AND CITE THE FOLLOWING REFERENCE ++++
B. Hess
P-LINCS: A Parallel Linear Constraint Solver for molecular simulation
J. Chem. Theory Comput. 4 (2008) pp. 116-122
-------- -------- --- Thank You --- -------- --------

The number of constraints is 9
There are constraints between atoms in different decomposition domains,
will communicate selected coordinates each lincs iteration

++++ PLEASE READ AND CITE THE FOLLOWING REFERENCE ++++
S. Miyamoto and P. A. Kollman
SETTLE: An Analytical Version of the SHAKE and RATTLE Algorithms for Rigid
Water Models
J. Comp. Chem. 13 (1992) pp. 952-962
-------- -------- --- Thank You --- -------- --------

There are: 12159 Atoms

Atom distribution over 1 domains: av 12159 stddev 0 min 12159 max 12159

Constraining the starting coordinates (step 0)

Constraining the coordinates at t0-dt (step 0)
Center of mass motion removal mode is Linear
We have the following groups for center of mass motion removal:
  0:  rest
RMS relative constraint deviation after constraining: 6.60e-07
Initial temperature: 6.98419e-07 K

Started mdrun on rank 0 Tue Apr 18 15:29:52 2023

           Step           Time
              0        0.00000

   Energies (kJ/mol)
           Bond            U-B    Proper Dih.  Improper Dih.          LJ-14
    1.04861e+01    1.68480e+01    4.52383e+01    2.00265e-02    1.34725e+02
     Coulomb-14        LJ (SR)  Disper. corr.   Coulomb (SR)   Coul. recip.
   -2.30739e+03    3.48985e+04   -6.55521e-02   -2.27400e+05    2.73036e+02
      LJ recip.      Potential    Kinetic En.   Total Energy  Conserved En.
   -4.41347e+03   -1.98742e+05    7.58720e-01   -1.98741e+05   -1.98733e+05
    Temperature Pres. DC (bar) Pressure (bar)   Constr. rmsd
    7.49943e-03   -8.71205e-03   -5.78090e+03    3.20365e-07

           Step           Time
           2000        2.00000

   Energies (kJ/mol)
           Bond            U-B    Proper Dih.  Improper Dih.          LJ-14
    2.16874e+01    2.15722e+01    6.81586e+01    1.40528e-01    1.47274e+02
     Coulomb-14        LJ (SR)  Disper. corr.   Coulomb (SR)   Coul. recip.
   -2.30378e+03    3.06432e+04   -6.18549e-02   -1.92478e+05    3.26282e+02
      LJ recip.      Potential    Kinetic En.   Total Energy  Conserved En.
   -4.18005e+03   -1.67734e+05    2.98544e+04   -1.37879e+05   -1.87663e+05
    Temperature Pres. DC (bar) Pressure (bar)   Constr. rmsd
    2.95090e+02   -7.75742e-03   -1.17401e+03    1.11333e-06

           Step           Time
           4000        4.00000

   Energies (kJ/mol)
           Bond            U-B    Proper Dih.  Improper Dih.          LJ-14
    3.92307e+01    2.69758e+01    6.47372e+01    7.91912e-02    1.29877e+02
     Coulomb-14        LJ (SR)  Disper. corr.   Coulomb (SR)   Coul. recip.
   -2.31798e+03    3.37964e+04   -6.65503e-02   -1.99072e+05    2.87759e+02
      LJ recip.      Potential    Kinetic En.   Total Energy  Conserved En.
   -4.48419e+03   -1.71529e+05    3.03327e+04   -1.41196e+05   -1.87658e+05
    Temperature Pres. DC (bar) Pressure (bar)   Constr. rmsd
    2.99818e+02   -8.97927e-03    3.55424e+02    1.18761e-06

           Step           Time
           6000        6.00000

   Energies (kJ/mol)
           Bond            U-B    Proper Dih.  Improper Dih.          LJ-14
    3.44233e+01    3.82701e+01    6.82209e+01    4.69459e-02    1.38887e+02
     Coulomb-14        LJ (SR)  Disper. corr.   Coulomb (SR)   Coul. recip.
   -2.32668e+03    3.31539e+04   -6.63619e-02   -1.96840e+05    3.09805e+02
      LJ recip.      Potential    Kinetic En.   Total Energy  Conserved En.
   -4.47250e+03   -1.69896e+05    3.04109e+04   -1.39485e+05   -1.87618e+05
    Temperature Pres. DC (bar) Pressure (bar)   Constr. rmsd
    3.00591e+02   -8.92852e-03    4.26122e+02    1.17155e-06

           Step           Time
           8000        8.00000

   Energies (kJ/mol)
           Bond            U-B    Proper Dih.  Improper Dih.          LJ-14
    3.70243e+01    2.96536e+01    6.68084e+01    1.01121e+00    1.28332e+02
     Coulomb-14        LJ (SR)  Disper. corr.   Coulomb (SR)   Coul. recip.
   -2.31615e+03    3.26139e+04   -6.50422e-02   -1.96424e+05    3.30344e+02
      LJ recip.      Potential    Kinetic En.   Total Energy  Conserved En.
   -4.38300e+03   -1.69917e+05    3.02727e+04   -1.39644e+05   -1.87596e+05
    Temperature Pres. DC (bar) Pressure (bar)   Constr. rmsd
    2.99225e+02   -8.57710e-03   -2.12234e+02    8.06806e-07

           Step           Time
          10000       10.00000

   Energies (kJ/mol)
           Bond            U-B    Proper Dih.  Improper Dih.          LJ-14
    2.66386e+01    3.40220e+01    5.77947e+01    2.27676e-01    1.52272e+02
     Coulomb-14        LJ (SR)  Disper. corr.   Coulomb (SR)   Coul. recip.
   -2.32554e+03    3.29965e+04   -6.64113e-02   -1.97775e+05    3.22073e+02
      LJ recip.      Potential    Kinetic En.   Total Energy  Conserved En.
   -4.47531e+03   -1.70986e+05    3.00171e+04   -1.40969e+05   -1.87620e+05
    Temperature Pres. DC (bar) Pressure (bar)   Constr. rmsd
    2.96698e+02   -8.94181e-03    1.72440e+02    1.26752e-06

           Step           Time
          12000       12.00000

   Energies (kJ/mol)
           Bond            U-B    Proper Dih.  Improper Dih.          LJ-14
    3.03559e+01    4.33076e+01    5.99556e+01    3.54299e-01    1.66741e+02
     Coulomb-14        LJ (SR)  Disper. corr.   Coulomb (SR)   Coul. recip.
   -2.34621e+03    3.28154e+04   -6.59466e-02   -1.97251e+05    3.47242e+02
      LJ recip.      Potential    Kinetic En.   Total Energy  Conserved En.
   -4.44304e+03   -1.70577e+05    3.04212e+04   -1.40156e+05   -1.87627e+05
    Temperature Pres. DC (bar) Pressure (bar)   Constr. rmsd
    3.00693e+02   -8.81715e-03    8.15693e+01    6.97654e-07

           Step           Time
          14000       14.00000

   Energies (kJ/mol)
           Bond            U-B    Proper Dih.  Improper Dih.          LJ-14
    2.28209e+01    5.00430e+01    5.62213e+01    5.44736e+00    1.78185e+02
     Coulomb-14        LJ (SR)  Disper. corr.   Coulomb (SR)   Coul. recip.
   -2.33360e+03    3.27235e+04   -6.59204e-02   -1.96330e+05    2.95607e+02
      LJ recip.      Potential    Kinetic En.   Total Energy  Conserved En.
   -4.44307e+03   -1.69775e+05    3.07943e+04   -1.38980e+05   -1.87637e+05
    Temperature Pres. DC (bar) Pressure (bar)   Constr. rmsd
    3.04381e+02   -8.81015e-03    2.71056e+02    7.72053e-07

           Step           Time
          16000       16.00000

   Energies (kJ/mol)
           Bond            U-B    Proper Dih.  Improper Dih.          LJ-14
    3.67776e+01    3.74503e+01    7.23830e+01    4.03569e-01    1.47840e+02
     Coulomb-14        LJ (SR)  Disper. corr.   Coulomb (SR)   Coul. recip.
   -2.32896e+03    3.22423e+04   -6.58556e-02   -1.96203e+05    3.06292e+02
      LJ recip.      Potential    Kinetic En.   Total Energy  Conserved En.
   -4.43742e+03   -1.70126e+05    3.06931e+04   -1.39433e+05   -1.87634e+05
    Temperature Pres. DC (bar) Pressure (bar)   Constr. rmsd
    3.03380e+02   -8.79287e-03   -1.79448e+02    1.02490e-06

           Step           Time
          18000       18.00000

   Energies (kJ/mol)
           Bond            U-B    Proper Dih.  Improper Dih.          LJ-14
    2.84556e+01    3.22406e+01    6.31206e+01    1.69327e-02    1.41041e+02
     Coulomb-14        LJ (SR)  Disper. corr.   Coulomb (SR)   Coul. recip.
   -2.30485e+03    3.28655e+04   -6.63601e-02   -1.97586e+05    3.47072e+02
      LJ recip.      Potential    Kinetic En.   Total Energy  Conserved En.
   -4.47018e+03   -1.70884e+05    3.03134e+04   -1.40570e+05   -1.87642e+05
    Temperature Pres. DC (bar) Pressure (bar)   Constr. rmsd
    2.99627e+02   -8.92804e-03    3.72693e+01    8.19428e-07

           Step           Time
          20000       20.00000

   Energies (kJ/mol)
           Bond            U-B    Proper Dih.  Improper Dih.          LJ-14
    4.71869e+01    3.39026e+01    9.03366e+01    2.98470e-01    1.33205e+02
     Coulomb-14        LJ (SR)  Disper. corr.   Coulomb (SR)   Coul. recip.
   -2.31687e+03    3.22488e+04   -6.53591e-02   -1.95587e+05    3.22160e+02
      LJ recip.      Potential    Kinetic En.   Total Energy  Conserved En.
   -4.40522e+03   -1.69433e+05    2.97369e+04   -1.39696e+05   -1.87624e+05
    Temperature Pres. DC (bar) Pressure (bar)   Constr. rmsd
    2.93929e+02   -8.66085e-03   -2.15426e+02    1.06049e-06

           Step           Time
          22000       22.00000

   Energies (kJ/mol)
           Bond            U-B    Proper Dih.  Improper Dih.          LJ-14
    5.27883e+01    3.04758e+01    7.17645e+01    9.20323e-01    1.26547e+02
     Coulomb-14        LJ (SR)  Disper. corr.   Coulomb (SR)   Coul. recip.
   -2.30546e+03    3.25411e+04   -6.61483e-02   -1.96712e+05    2.94225e+02
      LJ recip.      Potential    Kinetic En.   Total Energy  Conserved En.
   -4.45632e+03   -1.70356e+05    3.04550e+04   -1.39901e+05   -1.87641e+05
    Temperature Pres. DC (bar) Pressure (bar)   Constr. rmsd
    3.01027e+02   -8.87114e-03   -7.58280e+01    1.31626e-06

           Step           Time
          24000       24.00000

   Energies (kJ/mol)
           Bond            U-B    Proper Dih.  Improper Dih.          LJ-14
    3.54071e+01    4.29580e+01    5.85867e+01    2.00766e-01    1.35268e+02
     Coulomb-14        LJ (SR)  Disper. corr.   Coulomb (SR)   Coul. recip.
   -2.30715e+03    3.20667e+04   -6.59685e-02   -1.95910e+05    3.29028e+02
      LJ recip.      Potential    Kinetic En.   Total Energy  Conserved En.
   -4.44350e+03   -1.69992e+05    3.03405e+04   -1.39652e+05   -1.87571e+05
    Temperature Pres. DC (bar) Pressure (bar)   Constr. rmsd
    2.99895e+02   -8.82301e-03   -2.07052e+02    5.74806e-07

           Step           Time
          26000       26.00000

   Energies (kJ/mol)
           Bond            U-B    Proper Dih.  Improper Dih.          LJ-14
    5.25857e+01    4.57083e+01    5.85745e+01    4.06576e-01    1.42654e+02
     Coulomb-14        LJ (SR)  Disper. corr.   Coulomb (SR)   Coul. recip.
   -2.30973e+03    3.15720e+04   -6.56231e-02   -1.95190e+05    3.19029e+02
      LJ recip.      Potential    Kinetic En.   Total Energy  Conserved En.
   -4.42114e+03   -1.69730e+05    3.00493e+04   -1.39681e+05   -1.87573e+05
    Temperature Pres. DC (bar) Pressure (bar)   Constr. rmsd
    2.97017e+02   -8.73091e-03   -5.05908e+02    7.52898e-07

           Step           Time
          28000       28.00000

   Energies (kJ/mol)
           Bond            U-B    Proper Dih.  Improper Dih.          LJ-14
    2.69708e+01    6.10694e+01    6.45088e+01    5.74034e-01    1.56007e+02
     Coulomb-14        LJ (SR)  Disper. corr.   Coulomb (SR)   Coul. recip.
   -2.33942e+03    3.29614e+04   -6.60285e-02   -1.97101e+05    3.21804e+02
      LJ recip.      Potential    Kinetic En.   Total Energy  Conserved En.
   -4.44847e+03   -1.70296e+05    2.99236e+04   -1.40373e+05   -1.87607e+05
    Temperature Pres. DC (bar) Pressure (bar)   Constr. rmsd
    2.95774e+02   -8.83906e-03    7.82174e+01    9.73137e-07

           Step           Time
          30000       30.00000

   Energies (kJ/mol)
           Bond            U-B    Proper Dih.  Improper Dih.          LJ-14
    5.07215e+01    4.32082e+01    7.18352e+01    2.75161e-02    1.26997e+02
     Coulomb-14        LJ (SR)  Disper. corr.   Coulomb (SR)   Coul. recip.
   -2.29481e+03    3.27227e+04   -6.58273e-02   -1.97121e+05    3.23260e+02
      LJ recip.      Potential    Kinetic En.   Total Energy  Conserved En.
   -4.43470e+03   -1.70512e+05    3.05467e+04   -1.39965e+05   -1.87643e+05
    Temperature Pres. DC (bar) Pressure (bar)   Constr. rmsd
    3.01933e+02   -8.78532e-03   -5.99482e+01    6.39189e-07

           Step           Time
          32000       32.00000

   Energies (kJ/mol)
           Bond            U-B    Proper Dih.  Improper Dih.          LJ-14
    3.42276e+01    6.21535e+01    6.93586e+01    6.73594e-02    1.49147e+02
     Coulomb-14        LJ (SR)  Disper. corr.   Coulomb (SR)   Coul. recip.
   -2.34871e+03    3.29162e+04   -6.58433e-02   -1.96936e+05    2.79719e+02
      LJ recip.      Potential    Kinetic En.   Total Energy  Conserved En.
   -4.43596e+03   -1.70210e+05    3.08599e+04   -1.39350e+05   -1.87601e+05
    Temperature Pres. DC (bar) Pressure (bar)   Constr. rmsd
    3.05029e+02   -8.78957e-03    1.21713e+02    8.48305e-07

           Step           Time
          34000       34.00000

   Energies (kJ/mol)
           Bond            U-B    Proper Dih.  Improper Dih.          LJ-14
    4.91366e+01    4.30959e+01    6.54143e+01    8.53982e-03    1.29208e+02
     Coulomb-14        LJ (SR)  Disper. corr.   Coulomb (SR)   Coul. recip.
   -2.31679e+03    3.23078e+04   -6.62799e-02   -1.96674e+05    2.98098e+02
      LJ recip.      Potential    Kinetic En.   Total Energy  Conserved En.
   -4.46502e+03   -1.70563e+05    3.00062e+04   -1.40557e+05   -1.87635e+05
    Temperature Pres. DC (bar) Pressure (bar)   Constr. rmsd
    2.96590e+02   -8.90647e-03   -1.82298e+02    7.25938e-07

           Step           Time
          36000       36.00000

   Energies (kJ/mol)
           Bond            U-B    Proper Dih.  Improper Dih.          LJ-14
    4.79967e+01    4.39491e+01    7.16922e+01    1.06305e-01    1.34893e+02
     Coulomb-14        LJ (SR)  Disper. corr.   Coulomb (SR)   Coul. recip.
   -2.32971e+03    3.21759e+04   -6.60841e-02   -1.96553e+05    3.12675e+02
      LJ recip.      Potential    Kinetic En.   Total Energy  Conserved En.
   -4.45313e+03   -1.70548e+05    3.03758e+04   -1.40173e+05   -1.87635e+05
    Temperature Pres. DC (bar) Pressure (bar)   Constr. rmsd
    3.00244e+02   -8.85395e-03   -2.57811e+02    8.18464e-07

           Step           Time
          38000       38.00000

   Energies (kJ/mol)
           Bond            U-B    Proper Dih.  Improper Dih.          LJ-14
    2.92376e+01    4.99314e+01    7.96301e+01    4.90476e-02    1.57132e+02
     Coulomb-14        LJ (SR)  Disper. corr.   Coulomb (SR)   Coul. recip.
   -2.32198e+03    3.26398e+04   -6.57839e-02   -1.96950e+05    3.36047e+02
      LJ recip.      Potential    Kinetic En.   Total Energy  Conserved En.
   -4.43256e+03   -1.70412e+05    3.01973e+04   -1.40215e+05   -1.87554e+05
    Temperature Pres. DC (bar) Pressure (bar)   Constr. rmsd
    2.98480e+02   -8.77373e-03   -1.25253e+02    7.33242e-07

           Step           Time
          40000       40.00000

   Energies (kJ/mol)
           Bond            U-B    Proper Dih.  Improper Dih.          LJ-14
    4.03518e+01    5.07075e+01    7.19381e+01    3.42526e-01    1.30166e+02
     Coulomb-14        LJ (SR)  Disper. corr.   Coulomb (SR)   Coul. recip.
   -2.30662e+03    3.30570e+04   -6.58095e-02   -1.97319e+05    3.10377e+02
      LJ recip.      Potential    Kinetic En.   Total Energy  Conserved En.
   -4.43370e+03   -1.70399e+05    3.02464e+04   -1.40152e+05   -1.87601e+05
    Temperature Pres. DC (bar) Pressure (bar)   Constr. rmsd
    2.98965e+02   -8.78056e-03    3.28558e+01    1.32686e-06

           Step           Time
          42000       42.00000

   Energies (kJ/mol)
           Bond            U-B    Proper Dih.  Improper Dih.          LJ-14
    5.34924e+01    4.44778e+01    6.54613e+01    1.54634e+00    1.44839e+02
     Coulomb-14        LJ (SR)  Disper. corr.   Coulomb (SR)   Coul. recip.
   -2.32310e+03    3.30395e+04   -6.58751e-02   -1.97304e+05    3.28666e+02
      LJ recip.      Potential    Kinetic En.   Total Energy  Conserved En.
   -4.43712e+03   -1.70387e+05    3.03498e+04   -1.40037e+05   -1.87593e+05
    Temperature Pres. DC (bar) Pressure (bar)   Constr. rmsd
    2.99987e+02   -8.79807e-03    5.63114e+01    9.80009e-07

           Step           Time
          44000       44.00000

   Energies (kJ/mol)
           Bond            U-B    Proper Dih.  Improper Dih.          LJ-14
    3.52689e+01    3.40641e+01    6.61530e+01    3.70589e-01    1.30239e+02
     Coulomb-14        LJ (SR)  Disper. corr.   Coulomb (SR)   Coul. recip.
   -2.30136e+03    3.35669e+04   -6.65767e-02   -1.98253e+05    3.20439e+02
      LJ recip.      Potential    Kinetic En.   Total Energy  Conserved En.
   -4.48593e+03   -1.70887e+05    3.02833e+04   -1.40604e+05   -1.87600e+05
    Temperature Pres. DC (bar) Pressure (bar)   Constr. rmsd
    2.99330e+02   -8.98639e-03    4.29640e+02    1.01425e-06

           Step           Time
          46000       46.00000

   Energies (kJ/mol)
           Bond            U-B    Proper Dih.  Improper Dih.          LJ-14
    4.16513e+01    5.61693e+01    5.76531e+01    5.31115e-02    1.56226e+02
     Coulomb-14        LJ (SR)  Disper. corr.   Coulomb (SR)   Coul. recip.
   -2.32885e+03    3.23941e+04   -6.56650e-02   -1.95905e+05    3.07605e+02
      LJ recip.      Potential    Kinetic En.   Total Energy  Conserved En.
   -4.42362e+03   -1.69644e+05    3.01914e+04   -1.39453e+05   -1.87592e+05
    Temperature Pres. DC (bar) Pressure (bar)   Constr. rmsd
    2.98421e+02   -8.74205e-03   -3.25018e+01    1.20231e-06

           Step           Time
          48000       48.00000

   Energies (kJ/mol)
           Bond            U-B    Proper Dih.  Improper Dih.          LJ-14
    4.26666e+01    3.91233e+01    6.57528e+01    7.09465e-01    1.31112e+02
     Coulomb-14        LJ (SR)  Disper. corr.   Coulomb (SR)   Coul. recip.
   -2.30823e+03    3.18785e+04   -6.58242e-02   -1.95375e+05    3.48259e+02
      LJ recip.      Potential    Kinetic En.   Total Energy  Conserved En.
   -4.43609e+03   -1.69613e+05    3.04851e+04   -1.39128e+05   -1.87570e+05
    Temperature Pres. DC (bar) Pressure (bar)   Constr. rmsd
    3.01324e+02   -8.78448e-03   -3.06043e+02    1.06439e-06

           Step           Time
          50000       50.00000

   Energies (kJ/mol)
           Bond            U-B    Proper Dih.  Improper Dih.          LJ-14
    3.55917e+01    5.54879e+01    5.47174e+01    8.27198e-03    1.34379e+02
     Coulomb-14        LJ (SR)  Disper. corr.   Coulomb (SR)   Coul. recip.
   -2.30821e+03    3.24944e+04   -6.61104e-02   -1.96620e+05    3.40701e+02
      LJ recip.      Potential    Kinetic En.   Total Energy  Conserved En.
   -4.45327e+03   -1.70266e+05    3.04249e+04   -1.39841e+05   -1.87602e+05
    Temperature Pres. DC (bar) Pressure (bar)   Constr. rmsd
    3.00729e+02   -8.86101e-03   -1.13992e+02    9.58217e-07

           Step           Time
          52000       52.00000

   Energies (kJ/mol)
           Bond            U-B    Proper Dih.  Improper Dih.          LJ-14
    4.28733e+01    3.44285e+01    6.89281e+01    7.98519e-01    1.50352e+02
     Coulomb-14        LJ (SR)  Disper. corr.   Coulomb (SR)   Coul. recip.
   -2.31684e+03    3.26499e+04   -6.54680e-02   -1.96754e+05    3.13434e+02
      LJ recip.      Potential    Kinetic En.   Total Energy  Conserved En.
   -4.41012e+03   -1.70220e+05    3.00876e+04   -1.40133e+05   -1.87501e+05
    Temperature Pres. DC (bar) Pressure (bar)   Constr. rmsd
    2.97395e+02   -8.68970e-03   -1.05793e+02    7.66409e-07

           Step           Time
          54000       54.00000

Writing checkpoint, step 54000 at Tue Apr 18 15:44:52 2023


   Energies (kJ/mol)
           Bond            U-B    Proper Dih.  Improper Dih.          LJ-14
    4.32675e+01    3.52888e+01    6.28213e+01    1.36164e-02    1.22823e+02
     Coulomb-14        LJ (SR)  Disper. corr.   Coulomb (SR)   Coul. recip.
   -2.29550e+03    3.29607e+04   -6.58175e-02   -1.96684e+05    3.36821e+02
      LJ recip.      Potential    Kinetic En.   Total Energy  Conserved En.
   -4.43466e+03   -1.69853e+05    3.07537e+04   -1.39099e+05   -1.87545e+05
    Temperature Pres. DC (bar) Pressure (bar)   Constr. rmsd
    3.03979e+02   -8.78270e-03    1.46600e+02    4.61268e-07

           Step           Time
          56000       56.00000

   Energies (kJ/mol)
           Bond            U-B    Proper Dih.  Improper Dih.          LJ-14
    2.22570e+01    3.71862e+01    5.97960e+01    8.18555e-01    1.50453e+02
     Coulomb-14        LJ (SR)  Disper. corr.   Coulomb (SR)   Coul. recip.
   -2.33100e+03    3.28453e+04   -6.66380e-02   -1.95906e+05    3.30886e+02
      LJ recip.      Potential    Kinetic En.   Total Energy  Conserved En.
   -4.49049e+03   -1.69280e+05    3.04582e+04   -1.38822e+05   -1.87538e+05
    Temperature Pres. DC (bar) Pressure (bar)   Constr. rmsd
    3.01058e+02   -9.00292e-03    4.49814e+02    1.12145e-06

           Step           Time
          58000       58.00000

   Energies (kJ/mol)
           Bond            U-B    Proper Dih.  Improper Dih.          LJ-14
    3.50064e+01    2.10341e+01    9.19595e+01    6.94511e-01    1.37954e+02
     Coulomb-14        LJ (SR)  Disper. corr.   Coulomb (SR)   Coul. recip.
   -2.31325e+03    3.25402e+04   -6.56772e-02   -1.96030e+05    2.99825e+02
      LJ recip.      Potential    Kinetic En.   Total Energy  Conserved En.
   -4.42593e+03   -1.69642e+05    3.05551e+04   -1.39087e+05   -1.87530e+05
    Temperature Pres. DC (bar) Pressure (bar)   Constr. rmsd
    3.02016e+02   -8.74532e-03   -7.14875e+01    9.74353e-07

           Step           Time
          60000       60.00000

   Energies (kJ/mol)
           Bond            U-B    Proper Dih.  Improper Dih.          LJ-14
    3.18224e+01    4.35179e+01    5.74079e+01    1.11289e+00    1.36392e+02
     Coulomb-14        LJ (SR)  Disper. corr.   Coulomb (SR)   Coul. recip.
   -2.32100e+03    3.27179e+04   -6.62311e-02   -1.96749e+05    3.24780e+02
      LJ recip.      Potential    Kinetic En.   Total Energy  Conserved En.
   -4.46129e+03   -1.70219e+05    3.08269e+04   -1.39392e+05   -1.87536e+05
    Temperature Pres. DC (bar) Pressure (bar)   Constr. rmsd
    3.04703e+02   -8.89337e-03    7.93294e+01    9.63967e-07

           Step           Time
          62000       62.00000

   Energies (kJ/mol)
           Bond            U-B    Proper Dih.  Improper Dih.          LJ-14
    2.71036e+01    5.53219e+01    6.98902e+01    1.55839e-01    1.32892e+02
     Coulomb-14        LJ (SR)  Disper. corr.   Coulomb (SR)   Coul. recip.
   -2.30099e+03    3.31378e+04   -6.60302e-02   -1.96948e+05    3.22139e+02
      LJ recip.      Potential    Kinetic En.   Total Energy  Conserved En.
   -4.44874e+03   -1.69953e+05    3.01733e+04   -1.39780e+05   -1.87543e+05
    Temperature Pres. DC (bar) Pressure (bar)   Constr. rmsd
    2.98243e+02   -8.83953e-03    2.89963e+02    9.73543e-07

           Step           Time
          64000       64.00000

   Energies (kJ/mol)
           Bond            U-B    Proper Dih.  Improper Dih.          LJ-14
    4.26070e+01    3.81958e+01    7.19236e+01    2.41529e+00    1.56986e+02
     Coulomb-14        LJ (SR)  Disper. corr.   Coulomb (SR)   Coul. recip.
   -2.32891e+03    3.27330e+04   -6.55888e-02   -1.97475e+05    3.26741e+02
      LJ recip.      Potential    Kinetic En.   Total Energy  Conserved En.
   -4.42143e+03   -1.70854e+05    3.05099e+04   -1.40344e+05   -1.87563e+05
    Temperature Pres. DC (bar) Pressure (bar)   Constr. rmsd
    3.01570e+02   -8.72180e-03   -1.18689e+02    7.75624e-07

           Step           Time
          66000       66.00000

   Energies (kJ/mol)
           Bond            U-B    Proper Dih.  Improper Dih.          LJ-14
    4.32414e+01    2.78980e+01    6.96538e+01    2.69534e-02    1.48602e+02
     Coulomb-14        LJ (SR)  Disper. corr.   Coulomb (SR)   Coul. recip.
   -2.34275e+03    3.27311e+04   -6.60893e-02   -1.95942e+05    3.30223e+02
      LJ recip.      Potential    Kinetic En.   Total Energy  Conserved En.
   -4.45179e+03   -1.69386e+05    3.04455e+04   -1.38941e+05   -1.87477e+05
    Temperature Pres. DC (bar) Pressure (bar)   Constr. rmsd
    3.00933e+02   -8.85534e-03    2.12636e+02    6.58055e-07

           Step           Time
          68000       68.00000

   Energies (kJ/mol)
           Bond            U-B    Proper Dih.  Improper Dih.          LJ-14
    2.61807e+01    4.14574e+01    6.41983e+01    6.67714e-04    1.35078e+02
     Coulomb-14        LJ (SR)  Disper. corr.   Coulomb (SR)   Coul. recip.
   -2.30898e+03    3.27465e+04   -6.65445e-02   -1.96989e+05    3.26984e+02
      LJ recip.      Potential    Kinetic En.   Total Energy  Conserved En.
   -4.48300e+03   -1.70441e+05    3.05565e+04   -1.39884e+05   -1.87493e+05
    Temperature Pres. DC (bar) Pressure (bar)   Constr. rmsd
    3.02030e+02   -8.97771e-03    1.25030e+02    9.76175e-07

           Step           Time
          70000       70.00000

   Energies (kJ/mol)
           Bond            U-B    Proper Dih.  Improper Dih.          LJ-14
    2.27213e+01    2.10387e+01    6.56097e+01    2.77756e-02    1.36365e+02
     Coulomb-14        LJ (SR)  Disper. corr.   Coulomb (SR)   Coul. recip.
   -2.29055e+03    3.22149e+04   -6.57202e-02   -1.96417e+05    3.14555e+02
      LJ recip.      Potential    Kinetic En.   Total Energy  Conserved En.
   -4.42883e+03   -1.70361e+05    3.06881e+04   -1.39673e+05   -1.87512e+05
    Temperature Pres. DC (bar) Pressure (bar)   Constr. rmsd
    3.03330e+02   -8.75676e-03   -2.26426e+02    7.65893e-07

           Step           Time
          72000       72.00000

   Energies (kJ/mol)
           Bond            U-B    Proper Dih.  Improper Dih.          LJ-14
    3.17919e+01    3.10333e+01    6.93352e+01    5.69596e-01    1.40611e+02
     Coulomb-14        LJ (SR)  Disper. corr.   Coulomb (SR)   Coul. recip.
   -2.32037e+03    3.18041e+04   -6.61790e-02   -1.95549e+05    3.54788e+02
      LJ recip.      Potential    Kinetic En.   Total Energy  Conserved En.
   -4.45758e+03   -1.69895e+05    3.07425e+04   -1.39152e+05   -1.87480e+05
    Temperature Pres. DC (bar) Pressure (bar)   Constr. rmsd
    3.03869e+02   -8.87939e-03   -2.64634e+02    9.31478e-07

           Step           Time
          74000       74.00000

   Energies (kJ/mol)
           Bond            U-B    Proper Dih.  Improper Dih.          LJ-14
    2.39140e+01    3.79406e+01    5.42128e+01    2.23801e-01    1.34224e+02
     Coulomb-14        LJ (SR)  Disper. corr.   Coulomb (SR)   Coul. recip.
   -2.30920e+03    3.29611e+04   -6.61249e-02   -1.96913e+05    3.11257e+02
      LJ recip.      Potential    Kinetic En.   Total Energy  Conserved En.
   -4.45579e+03   -1.70155e+05    3.03816e+04   -1.39773e+05   -1.87494e+05
    Temperature Pres. DC (bar) Pressure (bar)   Constr. rmsd
    3.00301e+02   -8.86488e-03    1.37355e+02    5.71362e-07

           Step           Time
          76000       76.00000

   Energies (kJ/mol)
           Bond            U-B    Proper Dih.  Improper Dih.          LJ-14
    5.31132e+01    2.50826e+01    6.08647e+01    6.72743e-01    1.33540e+02
     Coulomb-14        LJ (SR)  Disper. corr.   Coulomb (SR)   Coul. recip.
   -2.30177e+03    3.27012e+04   -6.55185e-02   -1.97014e+05    3.21589e+02
      LJ recip.      Potential    Kinetic En.   Total Energy  Conserved En.
   -4.41254e+03   -1.70433e+05    3.04109e+04   -1.40022e+05   -1.87444e+05
    Temperature Pres. DC (bar) Pressure (bar)   Constr. rmsd
    3.00591e+02   -8.70312e-03   -1.71074e+02    1.08277e-06

           Step           Time
          78000       78.00000

   Energies (kJ/mol)
           Bond            U-B    Proper Dih.  Improper Dih.          LJ-14
    3.08663e+01    4.71245e+01    7.20212e+01    9.69811e-01    1.45281e+02
     Coulomb-14        LJ (SR)  Disper. corr.   Coulomb (SR)   Coul. recip.
   -2.31890e+03    3.27118e+04   -6.64080e-02   -1.96661e+05    3.08163e+02
      LJ recip.      Potential    Kinetic En.   Total Energy  Conserved En.
   -4.47364e+03   -1.70137e+05    3.04565e+04   -1.39681e+05   -1.87514e+05
    Temperature Pres. DC (bar) Pressure (bar)   Constr. rmsd
    3.01042e+02   -8.94092e-03    1.88334e+02    9.11343e-07

           Step           Time
          80000       80.00000

   Energies (kJ/mol)
           Bond            U-B    Proper Dih.  Improper Dih.          LJ-14
    4.52491e+01    6.10336e+01    5.68905e+01    9.72788e-01    1.33006e+02
     Coulomb-14        LJ (SR)  Disper. corr.   Coulomb (SR)   Coul. recip.
   -2.32039e+03    3.34294e+04   -6.60323e-02   -1.97461e+05    3.21758e+02
      LJ recip.      Potential    Kinetic En.   Total Energy  Conserved En.
   -4.44810e+03   -1.70181e+05    3.01886e+04   -1.39992e+05   -1.87487e+05
    Temperature Pres. DC (bar) Pressure (bar)   Constr. rmsd
    2.98394e+02   -8.84010e-03    2.96346e+02    7.38873e-07

           Step           Time
          82000       82.00000

   Energies (kJ/mol)
           Bond            U-B    Proper Dih.  Improper Dih.          LJ-14
    1.99790e+01    3.58617e+01    5.73190e+01    8.54318e-02    1.45574e+02
     Coulomb-14        LJ (SR)  Disper. corr.   Coulomb (SR)   Coul. recip.
   -2.30448e+03    3.25319e+04   -6.60933e-02   -1.97358e+05    3.42240e+02
      LJ recip.      Potential    Kinetic En.   Total Energy  Conserved En.
   -4.45215e+03   -1.70982e+05    2.98871e+04   -1.41095e+05   -1.87451e+05
    Temperature Pres. DC (bar) Pressure (bar)   Constr. rmsd
    2.95414e+02   -8.85642e-03   -1.52580e+02    1.13944e-06

           Step           Time
          84000       84.00000

   Energies (kJ/mol)
           Bond            U-B    Proper Dih.  Improper Dih.          LJ-14
    3.06925e+01    5.64737e+01    7.10381e+01    1.97789e-01    1.43023e+02
     Coulomb-14        LJ (SR)  Disper. corr.   Coulomb (SR)   Coul. recip.
   -2.32175e+03    3.18752e+04   -6.58914e-02   -1.95521e+05    3.24724e+02
      LJ recip.      Potential    Kinetic En.   Total Energy  Conserved En.
   -4.43980e+03   -1.69781e+05    2.99594e+04   -1.39822e+05   -1.87521e+05
    Temperature Pres. DC (bar) Pressure (bar)   Constr. rmsd
    2.96128e+02   -8.80241e-03   -2.44694e+02    9.14370e-07

           Step           Time
          86000       86.00000

   Energies (kJ/mol)
           Bond            U-B    Proper Dih.  Improper Dih.          LJ-14
    2.75533e+01    4.45210e+01    7.27563e+01    1.83680e-03    1.39764e+02
     Coulomb-14        LJ (SR)  Disper. corr.   Coulomb (SR)   Coul. recip.
   -2.32828e+03    3.30479e+04   -6.59742e-02   -1.97721e+05    3.15197e+02
      LJ recip.      Potential    Kinetic En.   Total Energy  Conserved En.
   -4.44511e+03   -1.70846e+05    2.97745e+04   -1.41072e+05   -1.87479e+05
    Temperature Pres. DC (bar) Pressure (bar)   Constr. rmsd
    2.94301e+02   -8.82455e-03    1.30826e+00    9.94205e-07

           Step           Time
          88000       88.00000

   Energies (kJ/mol)
           Bond            U-B    Proper Dih.  Improper Dih.          LJ-14
    3.99875e+01    4.73226e+01    5.91950e+01    4.21474e-02    1.45921e+02
     Coulomb-14        LJ (SR)  Disper. corr.   Coulomb (SR)   Coul. recip.
   -2.32529e+03    3.26372e+04   -6.56513e-02   -1.96960e+05    3.16901e+02
      LJ recip.      Potential    Kinetic En.   Total Energy  Conserved En.
   -4.42228e+03   -1.70461e+05    3.00980e+04   -1.40363e+05   -1.87514e+05
    Temperature Pres. DC (bar) Pressure (bar)   Constr. rmsd
    2.97499e+02   -8.73841e-03   -1.29768e+02    1.22958e-06

           Step           Time
          90000       90.00000

   Energies (kJ/mol)
           Bond            U-B    Proper Dih.  Improper Dih.          LJ-14
    3.40062e+01    4.22579e+01    5.52400e+01    2.18139e+00    1.28187e+02
     Coulomb-14        LJ (SR)  Disper. corr.   Coulomb (SR)   Coul. recip.
   -2.30554e+03    3.25751e+04   -6.59225e-02   -1.96747e+05    3.36690e+02
      LJ recip.      Potential    Kinetic En.   Total Energy  Conserved En.
   -4.44061e+03   -1.70320e+05    3.04179e+04   -1.39902e+05   -1.87431e+05
    Temperature Pres. DC (bar) Pressure (bar)   Constr. rmsd
    3.00660e+02   -8.81071e-03   -1.02195e+02    7.46051e-07

           Step           Time
          92000       92.00000

   Energies (kJ/mol)
           Bond            U-B    Proper Dih.  Improper Dih.          LJ-14
    4.52679e+01    3.32922e+01    5.81419e+01    5.61828e-01    1.33215e+02
     Coulomb-14        LJ (SR)  Disper. corr.   Coulomb (SR)   Coul. recip.
   -2.30856e+03    3.27392e+04   -6.58066e-02   -1.97358e+05    3.18956e+02
      LJ recip.      Potential    Kinetic En.   Total Energy  Conserved En.
   -4.43379e+03   -1.70772e+05    3.04506e+04   -1.40322e+05   -1.87428e+05
    Temperature Pres. DC (bar) Pressure (bar)   Constr. rmsd
    3.00984e+02   -8.77979e-03   -8.69607e+01    1.02567e-06

           Step           Time
          94000       94.00000

   Energies (kJ/mol)
           Bond            U-B    Proper Dih.  Improper Dih.          LJ-14
    2.75223e+01    4.46153e+01    5.76246e+01    3.72508e-01    1.44487e+02
     Coulomb-14        LJ (SR)  Disper. corr.   Coulomb (SR)   Coul. recip.
   -2.32147e+03    3.38570e+04   -6.63162e-02   -1.98776e+05    3.14509e+02
      LJ recip.      Potential    Kinetic En.   Total Energy  Conserved En.
   -4.46718e+03   -1.71118e+05    3.01248e+04   -1.40993e+05   -1.87420e+05
    Temperature Pres. DC (bar) Pressure (bar)   Constr. rmsd
    2.97763e+02   -8.91624e-03    4.37307e+02    1.21586e-06

           Step           Time
          96000       96.00000

   Energies (kJ/mol)
           Bond            U-B    Proper Dih.  Improper Dih.          LJ-14
    1.34928e+01    2.79526e+01    1.09727e+02    3.37949e-01    1.43467e+02
     Coulomb-14        LJ (SR)  Disper. corr.   Coulomb (SR)   Coul. recip.
   -2.31239e+03    3.24950e+04   -6.54883e-02   -1.96347e+05    3.39161e+02
      LJ recip.      Potential    Kinetic En.   Total Energy  Conserved En.
   -4.41350e+03   -1.69944e+05    3.09491e+04   -1.38995e+05   -1.87518e+05
    Temperature Pres. DC (bar) Pressure (bar)   Constr. rmsd
    3.05910e+02   -8.69510e-03   -1.27439e+02    9.72122e-07

           Step           Time
          98000       98.00000

   Energies (kJ/mol)
           Bond            U-B    Proper Dih.  Improper Dih.          LJ-14
    2.22345e+01    3.59074e+01    7.73412e+01    1.57087e+00    1.64654e+02
     Coulomb-14        LJ (SR)  Disper. corr.   Coulomb (SR)   Coul. recip.
   -2.33117e+03    3.31207e+04   -6.65527e-02   -1.96864e+05    3.30930e+02
      LJ recip.      Potential    Kinetic En.   Total Energy  Conserved En.
   -4.48387e+03   -1.69926e+05    3.03322e+04   -1.39594e+05   -1.87417e+05
    Temperature Pres. DC (bar) Pressure (bar)   Constr. rmsd
    2.99813e+02   -8.97990e-03    4.02678e+02    7.67438e-07

           Step           Time
         100000      100.00000

   Energies (kJ/mol)
           Bond            U-B    Proper Dih.  Improper Dih.          LJ-14
    4.02465e+01    3.85903e+01    7.83095e+01    1.04220e-01    1.23944e+02
     Coulomb-14        LJ (SR)  Disper. corr.   Coulomb (SR)   Coul. recip.
   -2.30466e+03    3.28098e+04   -6.56080e-02   -1.97329e+05    3.54060e+02
      LJ recip.      Potential    Kinetic En.   Total Energy  Conserved En.
   -4.42206e+03   -1.70611e+05    3.02659e+04   -1.40345e+05   -1.87415e+05
    Temperature Pres. DC (bar) Pressure (bar)   Constr. rmsd
    2.99158e+02   -8.72691e-03   -1.20611e+02    1.02702e-06

           Step           Time
         102000      102.00000

   Energies (kJ/mol)
           Bond            U-B    Proper Dih.  Improper Dih.          LJ-14
    3.23362e+01    4.69475e+01    7.65223e+01    2.73370e-01    1.40159e+02
     Coulomb-14        LJ (SR)  Disper. corr.   Coulomb (SR)   Coul. recip.
   -2.31882e+03    3.31901e+04   -6.59016e-02   -1.97321e+05    3.21019e+02
      LJ recip.      Potential    Kinetic En.   Total Energy  Conserved En.
   -4.44039e+03   -1.70273e+05    3.04834e+04   -1.39790e+05   -1.87404e+05
    Temperature Pres. DC (bar) Pressure (bar)   Constr. rmsd
    3.01308e+02   -8.80513e-03    2.24218e+02    8.71941e-07

           Step           Time
         104000      104.00000

   Energies (kJ/mol)
           Bond            U-B    Proper Dih.  Improper Dih.          LJ-14
    3.10474e+01    5.50284e+01    7.59001e+01    1.04647e-01    1.31193e+02
     Coulomb-14        LJ (SR)  Disper. corr.   Coulomb (SR)   Coul. recip.
   -2.31629e+03    3.28660e+04   -6.62612e-02   -1.96734e+05    2.98990e+02
      LJ recip.      Potential    Kinetic En.   Total Energy  Conserved En.
   -4.46340e+03   -1.70055e+05    3.04391e+04   -1.39616e+05   -1.87454e+05
    Temperature Pres. DC (bar) Pressure (bar)   Constr. rmsd
    3.00870e+02   -8.90144e-03    1.23093e+02    8.16533e-07

           Step           Time
         106000      106.00000

   Energies (kJ/mol)
           Bond            U-B    Proper Dih.  Improper Dih.          LJ-14
    5.04994e+01    3.71952e+01    7.99447e+01    2.60056e+00    1.30838e+02
     Coulomb-14        LJ (SR)  Disper. corr.   Coulomb (SR)   Coul. recip.
   -2.30279e+03    3.34534e+04   -6.62668e-02   -1.98278e+05    3.27458e+02
      LJ recip.      Potential    Kinetic En.   Total Energy  Conserved En.
   -4.46446e+03   -1.70963e+05    3.02021e+04   -1.40761e+05   -1.87408e+05
    Temperature Pres. DC (bar) Pressure (bar)   Constr. rmsd
    2.98527e+02   -8.90296e-03    1.97836e+02    7.14427e-07

           Step           Time
         108000      108.00000

   Energies (kJ/mol)
           Bond            U-B    Proper Dih.  Improper Dih.          LJ-14
    2.83198e+01    3.89712e+01    6.28342e+01    1.65251e-05    1.47466e+02
     Coulomb-14        LJ (SR)  Disper. corr.   Coulomb (SR)   Coul. recip.
   -2.32136e+03    3.27168e+04   -6.60788e-02   -1.96914e+05    3.22781e+02
      LJ recip.      Potential    Kinetic En.   Total Energy  Conserved En.
   -4.45085e+03   -1.70369e+05    3.06041e+04   -1.39765e+05   -1.87456e+05
    Temperature Pres. DC (bar) Pressure (bar)   Constr. rmsd
    3.02501e+02   -8.85253e-03    5.54669e+01    7.16083e-07

           Step           Time
         110000      110.00000

   Energies (kJ/mol)
           Bond            U-B    Proper Dih.  Improper Dih.          LJ-14
    4.59202e+01    3.94453e+01    6.11729e+01    8.37062e-01    1.21426e+02
     Coulomb-14        LJ (SR)  Disper. corr.   Coulomb (SR)   Coul. recip.
   -2.29936e+03    3.29875e+04   -6.58883e-02   -1.97267e+05    3.45481e+02
      LJ recip.      Potential    Kinetic En.   Total Energy  Conserved En.
   -4.43812e+03   -1.70402e+05    3.02451e+04   -1.40157e+05   -1.87393e+05
    Temperature Pres. DC (bar) Pressure (bar)   Constr. rmsd
    2.98952e+02   -8.80160e-03   -1.41443e+00    1.00487e-06

Writing checkpoint, step 111700 at Tue Apr 18 15:59:53 2023


           Step           Time
         112000      112.00000

   Energies (kJ/mol)
           Bond            U-B    Proper Dih.  Improper Dih.          LJ-14
    2.65516e+01    3.04815e+01    7.74345e+01    2.09986e-01    1.41866e+02
     Coulomb-14        LJ (SR)  Disper. corr.   Coulomb (SR)   Coul. recip.
   -2.30732e+03    3.23331e+04   -6.58783e-02   -1.96211e+05    3.39316e+02
      LJ recip.      Potential    Kinetic En.   Total Energy  Conserved En.
   -4.43979e+03   -1.70009e+05    3.04693e+04   -1.39540e+05   -1.87414e+05
    Temperature Pres. DC (bar) Pressure (bar)   Constr. rmsd
    3.01168e+02   -8.79892e-03   -8.27797e+01    7.87744e-07

           Step           Time
         114000      114.00000

   Energies (kJ/mol)
           Bond            U-B    Proper Dih.  Improper Dih.          LJ-14
    3.05822e+01    2.15158e+01    7.40984e+01    1.32550e-04    1.45530e+02
     Coulomb-14        LJ (SR)  Disper. corr.   Coulomb (SR)   Coul. recip.
   -2.32672e+03    3.18542e+04   -6.63608e-02   -1.95688e+05    3.14814e+02
      LJ recip.      Potential    Kinetic En.   Total Energy  Conserved En.
   -4.47187e+03   -1.70046e+05    3.06849e+04   -1.39361e+05   -1.87390e+05
    Temperature Pres. DC (bar) Pressure (bar)   Constr. rmsd
    3.03300e+02   -8.92823e-03   -1.91869e+02    7.81202e-07

           Step           Time
         116000      116.00000

   Energies (kJ/mol)
           Bond            U-B    Proper Dih.  Improper Dih.          LJ-14
    2.86915e+01    4.10996e+01    5.71341e+01    2.12435e-04    1.31208e+02
     Coulomb-14        LJ (SR)  Disper. corr.   Coulomb (SR)   Coul. recip.
   -2.31086e+03    3.25832e+04   -6.59910e-02   -1.96577e+05    3.40343e+02
      LJ recip.      Potential    Kinetic En.   Total Energy  Conserved En.
   -4.44614e+03   -1.70152e+05    3.04534e+04   -1.39699e+05   -1.87404e+05
    Temperature Pres. DC (bar) Pressure (bar)   Constr. rmsd
    3.01011e+02   -8.82904e-03   -6.95153e+01    8.77806e-07

           Step           Time
         118000      118.00000

   Energies (kJ/mol)
           Bond            U-B    Proper Dih.  Improper Dih.          LJ-14
    3.90852e+01    3.15738e+01    7.80401e+01    2.10635e-01    1.31626e+02
     Coulomb-14        LJ (SR)  Disper. corr.   Coulomb (SR)   Coul. recip.
   -2.31328e+03    3.28983e+04   -6.59069e-02   -1.96285e+05    3.36798e+02
      LJ recip.      Potential    Kinetic En.   Total Energy  Conserved En.
   -4.44070e+03   -1.69524e+05    3.02693e+04   -1.39254e+05   -1.87404e+05
    Temperature Pres. DC (bar) Pressure (bar)   Constr. rmsd
    2.99191e+02   -8.80656e-03    1.86653e+02    9.38024e-07

           Step           Time
         120000      120.00000

   Energies (kJ/mol)
           Bond            U-B    Proper Dih.  Improper Dih.          LJ-14
    3.89614e+01    2.94251e+01    6.22816e+01    8.73811e-01    1.43265e+02
     Coulomb-14        LJ (SR)  Disper. corr.   Coulomb (SR)   Coul. recip.
   -2.31743e+03    3.30105e+04   -6.57151e-02   -1.96702e+05    3.31900e+02
      LJ recip.      Potential    Kinetic En.   Total Energy  Conserved En.
   -4.42818e+03   -1.69831e+05    3.04661e+04   -1.39365e+05   -1.87374e+05
    Temperature Pres. DC (bar) Pressure (bar)   Constr. rmsd
    3.01137e+02   -8.75539e-03    2.31637e+02    1.29250e-06

           Step           Time
         122000      122.00000

   Energies (kJ/mol)
           Bond            U-B    Proper Dih.  Improper Dih.          LJ-14
    4.52020e+01    4.08230e+01    6.44880e+01    9.17505e-01    1.35048e+02
     Coulomb-14        LJ (SR)  Disper. corr.   Coulomb (SR)   Coul. recip.
   -2.32560e+03    3.21985e+04   -6.57019e-02   -1.95708e+05    3.15100e+02
      LJ recip.      Potential    Kinetic En.   Total Energy  Conserved En.
   -4.42666e+03   -1.69660e+05    2.99597e+04   -1.39701e+05   -1.87426e+05
    Temperature Pres. DC (bar) Pressure (bar)   Constr. rmsd
    2.96131e+02   -8.75189e-03   -1.63742e+02    9.45777e-07

           Step           Time
         124000      124.00000

   Energies (kJ/mol)
           Bond            U-B    Proper Dih.  Improper Dih.          LJ-14
    2.02097e+01    2.93873e+01    5.81627e+01    6.97373e-02    1.42018e+02
     Coulomb-14        LJ (SR)  Disper. corr.   Coulomb (SR)   Coul. recip.
   -2.31655e+03    3.26160e+04   -6.59971e-02   -1.97353e+05    3.40455e+02
      LJ recip.      Potential    Kinetic En.   Total Energy  Conserved En.
   -4.44470e+03   -1.70908e+05    3.05367e+04   -1.40372e+05   -1.87414e+05
    Temperature Pres. DC (bar) Pressure (bar)   Constr. rmsd
    3.01834e+02   -8.83066e-03   -1.27080e+02    1.13284e-06

           Step           Time
         126000      126.00000

   Energies (kJ/mol)
           Bond            U-B    Proper Dih.  Improper Dih.          LJ-14
    4.42812e+01    4.44047e+01    5.61764e+01    1.64418e+00    1.34052e+02
     Coulomb-14        LJ (SR)  Disper. corr.   Coulomb (SR)   Coul. recip.
   -2.31901e+03    3.19936e+04   -6.57130e-02   -1.95645e+05    3.33485e+02
      LJ recip.      Potential    Kinetic En.   Total Energy  Conserved En.
   -4.42905e+03   -1.69785e+05    3.05442e+04   -1.39241e+05   -1.87401e+05
    Temperature Pres. DC (bar) Pressure (bar)   Constr. rmsd
    3.01909e+02   -8.75484e-03   -2.67133e+02    9.16741e-07

           Step           Time
         128000      128.00000

   Energies (kJ/mol)
           Bond            U-B    Proper Dih.  Improper Dih.          LJ-14
    3.46853e+01    3.01294e+01    5.88418e+01    5.52846e-02    1.34458e+02
     Coulomb-14        LJ (SR)  Disper. corr.   Coulomb (SR)   Coul. recip.
   -2.30358e+03    3.31972e+04   -6.62752e-02   -1.97316e+05    3.02577e+02
      LJ recip.      Potential    Kinetic En.   Total Energy  Conserved En.
   -4.46586e+03   -1.70327e+05    3.03746e+04   -1.39953e+05   -1.87407e+05
    Temperature Pres. DC (bar) Pressure (bar)   Constr. rmsd
    3.00232e+02   -8.90522e-03    2.59066e+02    4.87885e-07

           Step           Time
         130000      130.00000

   Energies (kJ/mol)
           Bond            U-B    Proper Dih.  Improper Dih.          LJ-14
    3.25966e+01    4.29614e+01    6.47429e+01    4.97487e-02    1.32095e+02
     Coulomb-14        LJ (SR)  Disper. corr.   Coulomb (SR)   Coul. recip.
   -2.30647e+03    3.27316e+04   -6.53094e-02   -1.96651e+05    3.27633e+02
      LJ recip.      Potential    Kinetic En.   Total Energy  Conserved En.
   -4.39993e+03   -1.70026e+05    2.99040e+04   -1.40122e+05   -1.87423e+05
    Temperature Pres. DC (bar) Pressure (bar)   Constr. rmsd
    2.95581e+02   -8.64768e-03   -1.48896e+02    1.05881e-06

           Step           Time
         132000      132.00000

   Energies (kJ/mol)
           Bond            U-B    Proper Dih.  Improper Dih.          LJ-14
    4.08037e+01    2.78895e+01    6.95326e+01    1.90962e-01    1.44640e+02
     Coulomb-14        LJ (SR)  Disper. corr.   Coulomb (SR)   Coul. recip.
   -2.30630e+03    3.31304e+04   -6.64698e-02   -1.98286e+05    3.09042e+02
      LJ recip.      Potential    Kinetic En.   Total Energy  Conserved En.
   -4.47651e+03   -1.71346e+05    3.06851e+04   -1.40661e+05   -1.87392e+05
    Temperature Pres. DC (bar) Pressure (bar)   Constr. rmsd
    3.03301e+02   -8.95755e-03    1.18423e+02    1.16310e-06

           Step           Time
         134000      134.00000

   Energies (kJ/mol)
           Bond            U-B    Proper Dih.  Improper Dih.          LJ-14
    4.45288e+01    4.31728e+01    7.89053e+01    1.26725e-01    1.36599e+02
     Coulomb-14        LJ (SR)  Disper. corr.   Coulomb (SR)   Coul. recip.
   -2.31634e+03    3.21028e+04   -6.63014e-02   -1.95875e+05    3.30814e+02
      LJ recip.      Potential    Kinetic En.   Total Energy  Conserved En.
   -4.46640e+03   -1.69921e+05    3.04616e+04   -1.39460e+05   -1.87432e+05
    Temperature Pres. DC (bar) Pressure (bar)   Constr. rmsd
    3.01092e+02   -8.91226e-03   -1.91064e+02    8.96495e-07

           Step           Time
         136000      136.00000

   Energies (kJ/mol)
           Bond            U-B    Proper Dih.  Improper Dih.          LJ-14
    6.21370e+01    5.25733e+01    7.72636e+01    3.98324e-02    1.20165e+02
     Coulomb-14        LJ (SR)  Disper. corr.   Coulomb (SR)   Coul. recip.
   -2.29793e+03    3.27928e+04   -6.59554e-02   -1.97252e+05    3.24819e+02
      LJ recip.      Potential    Kinetic En.   Total Energy  Conserved En.
   -4.44236e+03   -1.70562e+05    3.11613e+04   -1.39401e+05   -1.87370e+05
    Temperature Pres. DC (bar) Pressure (bar)   Constr. rmsd
    3.08008e+02   -8.81952e-03   -3.54059e+00    9.63557e-07

           Step           Time
         138000      138.00000

   Energies (kJ/mol)
           Bond            U-B    Proper Dih.  Improper Dih.          LJ-14
    4.10950e+01    4.87371e+01    7.19448e+01    7.32424e-01    1.40285e+02
     Coulomb-14        LJ (SR)  Disper. corr.   Coulomb (SR)   Coul. recip.
   -2.31220e+03    3.22238e+04   -6.59158e-02   -1.96435e+05    3.32327e+02
      LJ recip.      Potential    Kinetic En.   Total Energy  Conserved En.
   -4.44152e+03   -1.70330e+05    3.04187e+04   -1.39912e+05   -1.87373e+05
    Temperature Pres. DC (bar) Pressure (bar)   Constr. rmsd
    3.00668e+02   -8.80894e-03   -2.43432e+02    9.54295e-07

           Step           Time
         140000      140.00000

   Energies (kJ/mol)
           Bond            U-B    Proper Dih.  Improper Dih.          LJ-14
    2.30302e+01    3.66350e+01    8.46170e+01    1.23151e-01    1.47423e+02
     Coulomb-14        LJ (SR)  Disper. corr.   Coulomb (SR)   Coul. recip.
   -2.30883e+03    3.21541e+04   -6.60170e-02   -1.96279e+05    3.45945e+02
      LJ recip.      Potential    Kinetic En.   Total Energy  Conserved En.
   -4.44798e+03   -1.70244e+05    3.01248e+04   -1.40119e+05   -1.87363e+05
    Temperature Pres. DC (bar) Pressure (bar)   Constr. rmsd
    2.97763e+02   -8.83600e-03   -1.63710e+02    9.25953e-07

           Step           Time
         142000      142.00000

   Energies (kJ/mol)
           Bond            U-B    Proper Dih.  Improper Dih.          LJ-14
    4.71571e+01    3.40143e+01    6.92435e+01    2.70605e-01    1.38533e+02
     Coulomb-14        LJ (SR)  Disper. corr.   Coulomb (SR)   Coul. recip.
   -2.31514e+03    3.25754e+04   -6.58601e-02   -1.96794e+05    3.29342e+02
      LJ recip.      Potential    Kinetic En.   Total Energy  Conserved En.
   -4.43619e+03   -1.70352e+05    2.96215e+04   -1.40730e+05   -1.87333e+05
    Temperature Pres. DC (bar) Pressure (bar)   Constr. rmsd
    2.92788e+02   -8.79405e-03   -1.34109e+02    1.21066e-06

           Step           Time
         144000      144.00000

   Energies (kJ/mol)
           Bond            U-B    Proper Dih.  Improper Dih.          LJ-14
    4.27716e+01    3.33391e+01    7.94778e+01    9.18674e-02    1.39990e+02
     Coulomb-14        LJ (SR)  Disper. corr.   Coulomb (SR)   Coul. recip.
   -2.30235e+03    3.29565e+04   -6.60846e-02   -1.96765e+05    3.15913e+02
      LJ recip.      Potential    Kinetic En.   Total Energy  Conserved En.
   -4.45313e+03   -1.69952e+05    2.96309e+04   -1.40321e+05   -1.87412e+05
    Temperature Pres. DC (bar) Pressure (bar)   Constr. rmsd
    2.92882e+02   -8.85408e-03    1.30594e+02    9.66012e-07

           Step           Time
         146000      146.00000

   Energies (kJ/mol)
           Bond            U-B    Proper Dih.  Improper Dih.          LJ-14
    2.12200e+01    5.94659e+01    7.64192e+01    1.23020e-01    1.31649e+02
     Coulomb-14        LJ (SR)  Disper. corr.   Coulomb (SR)   Coul. recip.
   -2.30819e+03    3.25447e+04   -6.59163e-02   -1.96539e+05    3.31036e+02
      LJ recip.      Potential    Kinetic En.   Total Energy  Conserved En.
   -4.44095e+03   -1.70123e+05    3.09129e+04   -1.39211e+05   -1.87393e+05
    Temperature Pres. DC (bar) Pressure (bar)   Constr. rmsd
    3.05553e+02   -8.80906e-03    1.22210e+01    9.04822e-07

           Step           Time
         148000      148.00000

   Energies (kJ/mol)
           Bond            U-B    Proper Dih.  Improper Dih.          LJ-14
    5.35911e+01    5.32537e+01    7.69270e+01    3.27158e-03    1.51631e+02
     Coulomb-14        LJ (SR)  Disper. corr.   Coulomb (SR)   Coul. recip.
   -2.35369e+03    3.24483e+04   -6.65276e-02   -1.96298e+05    3.38317e+02
      LJ recip.      Potential    Kinetic En.   Total Energy  Conserved En.
   -4.48022e+03   -1.70010e+05    3.01554e+04   -1.39854e+05   -1.87372e+05
    Temperature Pres. DC (bar) Pressure (bar)   Constr. rmsd
    2.98066e+02   -8.97315e-03    4.37041e+01    8.95173e-07

           Step           Time
         150000      150.00000

   Energies (kJ/mol)
           Bond            U-B    Proper Dih.  Improper Dih.          LJ-14
    4.43315e+01    5.87597e+01    8.37342e+01    7.10724e-02    1.28176e+02
     Coulomb-14        LJ (SR)  Disper. corr.   Coulomb (SR)   Coul. recip.
   -2.31050e+03    3.22836e+04   -6.60859e-02   -1.96340e+05    3.14923e+02
      LJ recip.      Potential    Kinetic En.   Total Energy  Conserved En.
   -4.45262e+03   -1.70190e+05    3.03087e+04   -1.39881e+05   -1.87390e+05
    Temperature Pres. DC (bar) Pressure (bar)   Constr. rmsd
    2.99581e+02   -8.85444e-03   -1.52446e+02    7.43666e-07

           Step           Time
         152000      152.00000

   Energies (kJ/mol)
           Bond            U-B    Proper Dih.  Improper Dih.          LJ-14
    2.54956e+01    4.22677e+01    8.70223e+01    4.00033e-03    1.36119e+02
     Coulomb-14        LJ (SR)  Disper. corr.   Coulomb (SR)   Coul. recip.
   -2.31055e+03    3.25158e+04   -6.59935e-02   -1.96627e+05    3.19180e+02
      LJ recip.      Potential    Kinetic En.   Total Energy  Conserved En.
   -4.44564e+03   -1.70257e+05    3.06672e+04   -1.39590e+05   -1.87367e+05
    Temperature Pres. DC (bar) Pressure (bar)   Constr. rmsd
    3.03124e+02   -8.82971e-03   -2.10160e+01    1.07930e-06

           Step           Time
         154000      154.00000

   Energies (kJ/mol)
           Bond            U-B    Proper Dih.  Improper Dih.          LJ-14
    4.14796e+01    4.06983e+01    8.77267e+01    1.44572e-01    1.34558e+02
     Coulomb-14        LJ (SR)  Disper. corr.   Coulomb (SR)   Coul. recip.
   -2.30408e+03    3.29242e+04   -6.60693e-02   -1.97159e+05    3.36702e+02
      LJ recip.      Potential    Kinetic En.   Total Energy  Conserved En.
   -4.45192e+03   -1.70349e+05    3.00187e+04   -1.40330e+05   -1.87321e+05
    Temperature Pres. DC (bar) Pressure (bar)   Constr. rmsd
    2.96714e+02   -8.85000e-03    3.14042e+01    6.84517e-07

           Step           Time
         156000      156.00000

   Energies (kJ/mol)
           Bond            U-B    Proper Dih.  Improper Dih.          LJ-14
    5.61625e+01    3.16304e+01    7.67032e+01    3.87320e-02    1.35037e+02
     Coulomb-14        LJ (SR)  Disper. corr.   Coulomb (SR)   Coul. recip.
   -2.30733e+03    3.21677e+04   -6.55417e-02   -1.96563e+05    3.29886e+02
      LJ recip.      Potential    Kinetic En.   Total Energy  Conserved En.
   -4.41691e+03   -1.70490e+05    3.07112e+04   -1.39779e+05   -1.87348e+05
    Temperature Pres. DC (bar) Pressure (bar)   Constr. rmsd
    3.03560e+02   -8.70926e-03   -3.52920e+02    9.38024e-07



Received the INT signal, stopping within 100 steps

           Step           Time
         156400      156.40000

Writing checkpoint, step 156400 at Tue Apr 18 16:11:15 2023


   Energies (kJ/mol)
           Bond            U-B    Proper Dih.  Improper Dih.          LJ-14
    5.46645e+01    4.63840e+01    7.65874e+01    3.45610e+00    1.45681e+02
     Coulomb-14        LJ (SR)  Disper. corr.   Coulomb (SR)   Coul. recip.
   -2.30351e+03    3.29365e+04   -6.55821e-02   -1.97922e+05    3.05009e+02
      LJ recip.      Potential    Kinetic En.   Total Energy  Conserved En.
   -4.41943e+03   -1.71077e+05    3.07720e+04   -1.40305e+05   -1.87311e+05
    Temperature Pres. DC (bar) Pressure (bar)   Constr. rmsd
    3.04160e+02   -8.72001e-03   -8.51875e+01    1.02432e-06


Energy conservation over simulation part #1 of length 156.4 ps, time 0 to 156.4 ps
  Conserved energy drift: 6.01e-03 kJ/mol/ps per atom


	<======  ###############  ==>
	<====  A V E R A G E S  ====>
	<==  ###############  ======>

	Statistics over 156401 steps using 1565 frames

   Energies (kJ/mol)
           Bond            U-B    Proper Dih.  Improper Dih.          LJ-14
    3.48668e+01    4.04327e+01    6.85425e+01    4.19121e-01    1.40812e+02
     Coulomb-14        LJ (SR)  Disper. corr.   Coulomb (SR)   Coul. recip.
   -2.31412e+03    3.26757e+04   -6.59294e-02   -1.96754e+05    3.25977e+02
      LJ recip.      Potential    Kinetic En.   Total Energy  Conserved En.
   -4.44244e+03   -1.70224e+05    3.03544e+04   -1.39870e+05   -1.87520e+05
    Temperature Pres. DC (bar) Pressure (bar)   Constr. rmsd
    3.00032e+02   -8.81313e-03   -9.74930e-01    0.00000e+00

          Box-X          Box-Y          Box-Z
    4.99052e+00    4.99052e+00    4.99052e+00

   Total Virial (kJ/mol)
    1.01132e+04    9.93458e+00    1.25492e+01
    1.00198e+01    1.01418e+04   -1.77799e+01
    1.26570e+01   -1.79099e+01    1.01214e+04

   Pressure (bar)
    1.96824e+00   -1.07547e+00   -1.38797e+00
   -1.09838e+00   -4.47853e+00    4.84613e+00
   -1.41692e+00    4.88090e+00   -4.14490e-01


	M E G A - F L O P S   A C C O U N T I N G

 NB=Group-cutoff nonbonded kernels    NxN=N-by-N cluster Verlet kernels
 RF=Reaction-Field  VdW=Van der Waals  QSTab=quadratic-spline table
 W3=SPC/TIP3p  W4=TIP4p (single or pairs)
 V&F=Potential and force  V=Potential only  F=Force only

 Computing:                               M-Number         M-Flops  % Flops
-----------------------------------------------------------------------------
 Pair Search distance check            9914.989686       89234.907     0.1
 NxN QSTab Elec. + LJ [F]           1014282.816624    78099776.880    64.2
 NxN QSTab Elec. + LJ [V&F]           10251.834688      943168.791     0.8
 NxN QSTab Elec. [F]                 991994.438160    33727810.897    27.7
 NxN QSTab Elec. [V&F]                10026.518384      411087.254     0.3
 1,4 nonbonded interactions               9.853263         886.794     0.0
 Calc Weights                          5705.039277      205381.414     0.2
 Spread Q Bspline                    243415.009152      486830.018     0.4
 Gather F Bspline                    243415.009152     1460490.055     1.2
 3D-FFT                              749797.654872     5998381.239     4.9
 Solve PME                              551.782728       35314.095     0.0
 Reset In Box                            19.028835          57.087     0.0
 CG-CoM                                  19.040994          57.123     0.0
 Bonds                                    3.440822         203.008     0.0
 Propers                                 12.512080        2865.266     0.0
 Impropers                                0.156401          32.531     0.0
 Virial                                 190.882764        3435.890     0.0
 Stop-CM                                 19.040994         190.410     0.0
 Calc-Ekin                              380.357838       10269.662     0.0
 Lincs                                    1.407627          84.458     0.0
 Constraint-V                          1899.815094       17098.336     0.0
 Constraint-Vir                         189.850458        4556.411     0.0
 Settle                                 632.337329      233964.812     0.2
 Urey-Bradley                             7.507248        1373.826     0.0
-----------------------------------------------------------------------------
 Total                                               121732551.164   100.0
-----------------------------------------------------------------------------


    D O M A I N   D E C O M P O S I T I O N   S T A T I S T I C S

 av. #atoms communicated per step for force:  2 x 0.0
 av. #atoms communicated per step for LINCS:  2 x 0.0


     R E A L   C Y C L E   A N D   T I M E   A C C O U N T I N G

On 1 MPI rank, each using 8 OpenMP threads

 Computing:          Num   Num      Call    Wall time         Giga-Cycles
                     Ranks Threads  Count      (s)         total sum    %
-----------------------------------------------------------------------------
 Domain decomp.         1    8       1565       2.525         46.546   0.1
 Neighbor search        1    8       1565      11.020        203.130   0.4
 Force                  1    8     156401    1914.435      35287.135  77.1
 PME mesh               1    8     156401     451.106       8314.840  18.2
 NB X/F buffer ops.     1    8     311237      44.496        820.154   1.8
 Write traj.            1    8         81       0.460          8.472   0.0
 Update                 1    8     156401      21.191        390.602   0.9
 Constraints            1    8     156403      29.167        537.613   1.2
 Rest                                           9.132        168.314   0.4
-----------------------------------------------------------------------------
 Total                                       2483.532      45776.805 100.0
-----------------------------------------------------------------------------
 Breakdown of PME mesh computation
-----------------------------------------------------------------------------
 PME spread             1    8     312802     113.417       2090.511   4.6
 PME gather             1    8     312802     125.004       2304.091   5.0
 PME 3D-FFT             1    8     625604     158.335       2918.461   6.4
 PME solve LJ           1    8     156401      23.705        436.928   1.0
 PME solve Elec         1    8     156401      12.518        230.733   0.5
-----------------------------------------------------------------------------

               Core t (s)   Wall t (s)        (%)
       Time:    19868.256     2483.532      800.0
                         41:23
                 (ns/day)    (hour/ns)
Performance:        5.441        4.411
Finished mdrun on rank 0 Tue Apr 18 16:11:15 2023

