              :-) GROMACS - gmx mdrun, 2020.1-Ubuntu-2020.1-1 (-:

                            GROMACS is written by:
     Emile Apol      Rossen Apostolov      Paul Bauer     Herman J.C. Berendsen
    Par Bjelkmar      Christian Blau   Viacheslav Bolnykh     Kevin Boyd    
 Aldert van Buuren   Rudi van Drunen     Anton Feenstra       Alan Gray     
  Gerrit Groenhof     Anca Hamuraru    Vincent Hindriksen  M. Eric Irrgang  
  Aleksei Iupinov   Christoph Junghans     Joe Jordan     Dimitrios Karkoulis
    Peter Kasson        Jiri Kraus      Carsten Kutzner      Per Larsson    
  Justin A. Lemkul    Viveca Lindahl    Magnus Lundborg     Erik Marklund   
    Pascal Merz     Pieter Meulenhoff    Teemu Murtola       Szilard Pall   
    Sander Pronk      Roland Schulz      Michael Shirts    Alexey Shvetsov  
   Alfons Sijbers     Peter Tieleman      Jon Vincent      Teemu Virolainen 
 Christian Wennberg    Maarten Wolf      Artem Zhmurov   
                           and the project leaders:
        Mark Abraham, Berk Hess, Erik Lindahl, and David van der Spoel

Copyright (c) 1991-2000, University of Groningen, The Netherlands.
Copyright (c) 2001-2019, The GROMACS development team at
Uppsala University, Stockholm University and
the Royal Institute of Technology, Sweden.
check out http://www.gromacs.org for more information.

GROMACS is free software; you can redistribute it and/or modify it
under the terms of the GNU Lesser General Public License
as published by the Free Software Foundation; either version 2.1
of the License, or (at your option) any later version.

GROMACS:      gmx mdrun, version 2020.1-Ubuntu-2020.1-1
Executable:   /usr/bin/gmx
Data prefix:  /usr
Working dir:  /media/hannahpollak/free/ResearchTechniques_MD/Session3/practical
Process ID:   219757
Command line:
  gmx mdrun -v -deffnm eq -s topol.tpr

GROMACS version:    2020.1-Ubuntu-2020.1-1
Precision:          single
Memory model:       64 bit
MPI library:        thread_mpi
OpenMP support:     enabled (GMX_OPENMP_MAX_THREADS = 64)
GPU support:        disabled
SIMD instructions:  SSE2
FFT library:        fftw-3.3.8-sse2-avx
RDTSCP usage:       disabled
TNG support:        enabled
Hwloc support:      hwloc-2.1.0
Tracing support:    disabled
C compiler:         /usr/bin/cc GNU 9.3.0
C compiler flags:   -msse2 -fexcess-precision=fast -funroll-all-loops
C++ compiler:       /usr/bin/c++ GNU 9.3.0
C++ compiler flags: -msse2 -fexcess-precision=fast -funroll-all-loops -fopenmp


Running on 1 node with total 8 cores, 16 logical cores
Hardware detected:
  CPU info:
    Vendor: Intel
    Brand:  Intel(R) Core(TM) i7-10875H CPU @ 2.30GHz
    Family: 6   Model: 165   Stepping: 2
    Features: aes apic avx avx2 clfsh cmov cx8 cx16 f16c fma htt intel lahf mmx msr nonstop_tsc pcid pclmuldq pdcm pdpe1gb popcnt pse rdrnd rdtscp sse2 sse3 sse4.1 sse4.2 ssse3 tdt x2apic
  Hardware topology: Full, with devices
    Sockets, cores, and logical processors:
      Socket  0: [   0   8] [   1   9] [   2  10] [   3  11] [   4  12] [   5  13] [   6  14] [   7  15]
    Numa nodes:
      Node  0 (33382113280 bytes mem):   0   8   1   9   2  10   3  11   4  12   5  13   6  14   7  15
      Latency:
               0
         0  1.00
    Caches:
      L1: 32768 bytes, linesize 64 bytes, assoc. 8, shared 2 ways
      L2: 262144 bytes, linesize 64 bytes, assoc. 4, shared 2 ways
      L3: 16777216 bytes, linesize 64 bytes, assoc. 16, shared 16 ways
    PCI devices:
      0000:01:00.0  Id: 10de:1fb8  Class: 0x0302  Numa: 0
      0000:00:02.0  Id: 8086:9bc4  Class: 0x0300  Numa: 0
      0000:00:14.3  Id: 8086:06f0  Class: 0x0280  Numa: 0
      0000:6d:00.0  Id: 144d:a80a  Class: 0x0108  Numa: 0

Highest SIMD level requested by all nodes in run: AVX2_256
SIMD instructions selected at compile time:       SSE2
This program was compiled for different hardware than you are running on,
which could influence performance.
The current CPU can measure timings more accurately than the code in
gmx mdrun was configured to use. This might affect your simulation
speed as accurate timings are needed for load-balancing.
Please consider rebuilding gmx mdrun with the GMX_USE_RDTSCP=ON CMake option.

++++ PLEASE READ AND CITE THE FOLLOWING REFERENCE ++++
M. J. Abraham, T. Murtola, R. Schulz, S. Páll, J. C. Smith, B. Hess, E.
Lindahl
GROMACS: High performance molecular simulations through multi-level
parallelism from laptops to supercomputers
SoftwareX 1 (2015) pp. 19-25
-------- -------- --- Thank You --- -------- --------


++++ PLEASE READ AND CITE THE FOLLOWING REFERENCE ++++
S. Páll, M. J. Abraham, C. Kutzner, B. Hess, E. Lindahl
Tackling Exascale Software Challenges in Molecular Dynamics Simulations with
GROMACS
In S. Markidis & E. Laure (Eds.), Solving Software Challenges for Exascale 8759 (2015) pp. 3-27
-------- -------- --- Thank You --- -------- --------


++++ PLEASE READ AND CITE THE FOLLOWING REFERENCE ++++
S. Pronk, S. Páll, R. Schulz, P. Larsson, P. Bjelkmar, R. Apostolov, M. R.
Shirts, J. C. Smith, P. M. Kasson, D. van der Spoel, B. Hess, and E. Lindahl
GROMACS 4.5: a high-throughput and highly parallel open source molecular
simulation toolkit
Bioinformatics 29 (2013) pp. 845-54
-------- -------- --- Thank You --- -------- --------


++++ PLEASE READ AND CITE THE FOLLOWING REFERENCE ++++
B. Hess and C. Kutzner and D. van der Spoel and E. Lindahl
GROMACS 4: Algorithms for highly efficient, load-balanced, and scalable
molecular simulation
J. Chem. Theory Comput. 4 (2008) pp. 435-447
-------- -------- --- Thank You --- -------- --------


++++ PLEASE READ AND CITE THE FOLLOWING REFERENCE ++++
D. van der Spoel, E. Lindahl, B. Hess, G. Groenhof, A. E. Mark and H. J. C.
Berendsen
GROMACS: Fast, Flexible and Free
J. Comp. Chem. 26 (2005) pp. 1701-1719
-------- -------- --- Thank You --- -------- --------


++++ PLEASE READ AND CITE THE FOLLOWING REFERENCE ++++
E. Lindahl and B. Hess and D. van der Spoel
GROMACS 3.0: A package for molecular simulation and trajectory analysis
J. Mol. Mod. 7 (2001) pp. 306-317
-------- -------- --- Thank You --- -------- --------


++++ PLEASE READ AND CITE THE FOLLOWING REFERENCE ++++
H. J. C. Berendsen, D. van der Spoel and R. van Drunen
GROMACS: A message-passing parallel molecular dynamics implementation
Comp. Phys. Comm. 91 (1995) pp. 43-56
-------- -------- --- Thank You --- -------- --------

Input Parameters:
   integrator                     = md
   tinit                          = 0
   dt                             = 0.002
   nsteps                         = 50000
   init-step                      = 0
   simulation-part                = 1
   comm-mode                      = Linear
   nstcomm                        = 100
   bd-fric                        = 0
   ld-seed                        = -1427658475
   emtol                          = 10
   emstep                         = 0.01
   niter                          = 20
   fcstep                         = 0
   nstcgsteep                     = 1000
   nbfgscorr                      = 10
   rtpi                           = 0.05
   nstxout                        = 0
   nstvout                        = 0
   nstfout                        = 0
   nstlog                         = 1000
   nstcalcenergy                  = 100
   nstenergy                      = 1000
   nstxout-compressed             = 2500
   compressed-x-precision         = 1000
   cutoff-scheme                  = Verlet
   nstlist                        = 10
   pbc                            = xyz
   periodic-molecules             = false
   verlet-buffer-tolerance        = 0.005
   rlist                          = 1.2
   coulombtype                    = PME
   coulomb-modifier               = Potential-shift
   rcoulomb-switch                = 0
   rcoulomb                       = 1.2
   epsilon-r                      = 1
   epsilon-rf                     = inf
   vdw-type                       = Cut-off
   vdw-modifier                   = Force-switch
   rvdw-switch                    = 1
   rvdw                           = 1.2
   DispCorr                       = No
   table-extension                = 1
   fourierspacing                 = 0.15
   fourier-nx                     = 24
   fourier-ny                     = 24
   fourier-nz                     = 36
   pme-order                      = 4
   ewald-rtol                     = 1e-05
   ewald-rtol-lj                  = 0.001
   lj-pme-comb-rule               = Geometric
   ewald-geometry                 = 0
   epsilon-surface                = 0
   tcoupl                         = V-rescale
   nsttcouple                     = 10
   nh-chain-length                = 0
   print-nose-hoover-chain-variables = false
   pcoupl                         = Berendsen
   pcoupltype                     = Isotropic
   nstpcouple                     = 10
   tau-p                          = 5
   compressibility (3x3):
      compressibility[    0]={ 4.50000e-05,  0.00000e+00,  0.00000e+00}
      compressibility[    1]={ 0.00000e+00,  4.50000e-05,  0.00000e+00}
      compressibility[    2]={ 0.00000e+00,  0.00000e+00,  4.50000e-05}
   ref-p (3x3):
      ref-p[    0]={ 5.00000e+00,  0.00000e+00,  0.00000e+00}
      ref-p[    1]={ 0.00000e+00,  5.00000e+00,  0.00000e+00}
      ref-p[    2]={ 0.00000e+00,  0.00000e+00,  5.00000e+00}
   refcoord-scaling               = COM
   posres-com (3):
      posres-com[0]= 0.00000e+00
      posres-com[1]= 0.00000e+00
      posres-com[2]= 0.00000e+00
   posres-comB (3):
      posres-comB[0]= 0.00000e+00
      posres-comB[1]= 0.00000e+00
      posres-comB[2]= 0.00000e+00
   QMMM                           = false
   QMconstraints                  = 0
   QMMMscheme                     = 0
   MMChargeScaleFactor            = 1
qm-opts:
   ngQM                           = 0
   constraint-algorithm           = Lincs
   continuation                   = false
   Shake-SOR                      = false
   shake-tol                      = 0.0001
   lincs-order                    = 4
   lincs-iter                     = 4
   lincs-warnangle                = 30
   nwall                          = 0
   wall-type                      = 9-3
   wall-r-linpot                  = -1
   wall-atomtype[0]               = -1
   wall-atomtype[1]               = -1
   wall-density[0]                = 0
   wall-density[1]                = 0
   wall-ewald-zfac                = 3
   pull                           = false
   awh                            = false
   rotation                       = false
   interactiveMD                  = false
   disre                          = No
   disre-weighting                = Conservative
   disre-mixed                    = false
   dr-fc                          = 1000
   dr-tau                         = 0
   nstdisreout                    = 100
   orire-fc                       = 0
   orire-tau                      = 0
   nstorireout                    = 100
   free-energy                    = no
   cos-acceleration               = 0
   deform (3x3):
      deform[    0]={ 0.00000e+00,  0.00000e+00,  0.00000e+00}
      deform[    1]={ 0.00000e+00,  0.00000e+00,  0.00000e+00}
      deform[    2]={ 0.00000e+00,  0.00000e+00,  0.00000e+00}
   simulated-tempering            = false
   swapcoords                     = no
   userint1                       = 0
   userint2                       = 0
   userint3                       = 0
   userint4                       = 0
   userreal1                      = 0
   userreal2                      = 0
   userreal3                      = 0
   userreal4                      = 0
   applied-forces:
     electric-field:
       x:
         E0                       = 0
         omega                    = 0
         t0                       = 0
         sigma                    = 0
       y:
         E0                       = 0
         omega                    = 0
         t0                       = 0
         sigma                    = 0
       z:
         E0                       = 0
         omega                    = 0
         t0                       = 0
         sigma                    = 0
     density-guided-simulation:
       active                     = false
       group                      = protein
       similarity-measure         = inner-product
       atom-spreading-weight      = unity
       force-constant             = 1e+09
       gaussian-transform-spreading-width = 0.2
       gaussian-transform-spreading-range-in-multiples-of-width = 4
       reference-density-filename = reference.mrc
       nst                        = 1
       normalize-densities        = true
       adaptive-force-scaling     = false
       adaptive-force-scaling-time-constant = 4
grpopts:
   nrdf:       11491
   ref-t:         300
   tau-t:         0.1
annealing:          No
annealing-npoints:           0
   acc:	           0           0           0
   nfreeze:           N           N           N
   energygrp-flags[  0]: 0

Changing nstlist from 10 to 80, rlist from 1.2 to 1.321


Using 1 MPI thread

Non-default thread affinity set, disabling internal thread affinity

Using 16 OpenMP threads 

System total charge: 0.000
Will do PME sum in reciprocal space for electrostatic interactions.

++++ PLEASE READ AND CITE THE FOLLOWING REFERENCE ++++
U. Essmann, L. Perera, M. L. Berkowitz, T. Darden, H. Lee and L. G. Pedersen 
A smooth particle mesh Ewald method
J. Chem. Phys. 103 (1995) pp. 8577-8592
-------- -------- --- Thank You --- -------- --------

Using a Gaussian width (1/beta) of 0.384195 nm for Ewald
Potential shift: LJ r^-12: -2.648e-01 r^-6: -5.349e-01, Ewald -8.333e-06
Initialized non-bonded Coulomb Ewald tables, spacing: 1.02e-03 size: 1176

Generated table with 1160 data points for 1-4 COUL.
Tabscale = 500 points/nm
Generated table with 1160 data points for 1-4 LJ6.
Tabscale = 500 points/nm
Generated table with 1160 data points for 1-4 LJ12.
Tabscale = 500 points/nm

Using SIMD 4x4 nonbonded short-range kernels

Using a dual 4x4 pair-list setup updated with dynamic pruning:
  outer list: updated every 80 steps, buffer 0.121 nm, rlist 1.321 nm
  inner list: updated every 13 steps, buffer 0.002 nm, rlist 1.202 nm
At tolerance 0.005 kJ/mol/ps per atom, equivalent classical 1x1 list would be:
  outer list: updated every 80 steps, buffer 0.263 nm, rlist 1.463 nm
  inner list: updated every 13 steps, buffer 0.048 nm, rlist 1.248 nm

Removing pbc first time

Initializing LINear Constraint Solver

++++ PLEASE READ AND CITE THE FOLLOWING REFERENCE ++++
B. Hess and H. Bekker and H. J. C. Berendsen and J. G. E. M. Fraaije
LINCS: A Linear Constraint Solver for molecular simulations
J. Comp. Chem. 18 (1997) pp. 1463-1472
-------- -------- --- Thank You --- -------- --------

The number of constraints is 296

++++ PLEASE READ AND CITE THE FOLLOWING REFERENCE ++++
S. Miyamoto and P. A. Kollman
SETTLE: An Analytical Version of the SHAKE and RATTLE Algorithms for Rigid
Water Models
J. Comp. Chem. 13 (1992) pp. 952-962
-------- -------- --- Thank You --- -------- --------


++++ PLEASE READ AND CITE THE FOLLOWING REFERENCE ++++
G. Bussi, D. Donadio and M. Parrinello
Canonical sampling through velocity rescaling
J. Chem. Phys. 126 (2007) pp. 014101
-------- -------- --- Thank You --- -------- --------

There are: 5243 Atoms

Constraining the starting coordinates (step 0)

Constraining the coordinates at t0-dt (step 0)
Center of mass motion removal mode is Linear
We have the following groups for center of mass motion removal:
  0:  rest
RMS relative constraint deviation after constraining: 4.34e-07
Initial temperature: 301.34 K

Started mdrun on rank 0 Thu Feb  1 01:03:21 2024

           Step           Time
              0        0.00000

   Energies (kJ/mol)
           Bond            U-B    Proper Dih.  Improper Dih.          LJ-14
    9.87184e+00    7.37717e+01    2.88036e+02    2.39897e+00   -8.69830e+00
     Coulomb-14        LJ (SR)   Coulomb (SR)   Coul. recip.      Potential
   -1.80010e+03    8.78383e+04   -1.14330e+06    1.01268e+03   -1.05588e+06
    Kinetic En.   Total Energy  Conserved En.    Temperature Pressure (bar)
    1.44010e+04   -1.04148e+06   -1.04147e+06    3.01460e+02   -3.40053e+03
   Constr. rmsd
    4.84156e-07

           Step           Time
           1000        2.00000

   Energies (kJ/mol)
           Bond            U-B    Proper Dih.  Improper Dih.          LJ-14
    1.18234e+02    5.45485e+02    3.84241e+02    6.89605e+00    1.83854e+01
     Coulomb-14        LJ (SR)   Coulomb (SR)   Coul. recip.      Potential
   -1.78846e+03    8.74790e+04   -1.13409e+06    4.61259e+02   -1.04687e+06
    Kinetic En.   Total Energy  Conserved En.    Temperature Pressure (bar)
    1.43530e+04   -1.03251e+06   -1.04131e+06    3.00455e+02   -1.40189e+02
   Constr. rmsd
    4.68905e-07

           Step           Time
           2000        4.00000

   Energies (kJ/mol)
           Bond            U-B    Proper Dih.  Improper Dih.          LJ-14
    9.70039e+01    5.72220e+02    3.57272e+02    7.68751e+00    1.05462e+01
     Coulomb-14        LJ (SR)   Coulomb (SR)   Coul. recip.      Potential
   -1.75589e+03    8.77685e+04   -1.13550e+06    4.70947e+02   -1.04798e+06
    Kinetic En.   Total Energy  Conserved En.    Temperature Pressure (bar)
    1.45136e+04   -1.03346e+06   -1.04131e+06    3.03818e+02   -4.82353e+02
   Constr. rmsd
    4.81396e-07

           Step           Time
           3000        6.00000

   Energies (kJ/mol)
           Bond            U-B    Proper Dih.  Improper Dih.          LJ-14
    8.36814e+01    5.56878e+02    3.63221e+02    1.28344e+01    2.27116e+01
     Coulomb-14        LJ (SR)   Coulomb (SR)   Coul. recip.      Potential
   -1.74219e+03    8.74124e+04   -1.13494e+06    4.42131e+02   -1.04779e+06
    Kinetic En.   Total Energy  Conserved En.    Temperature Pressure (bar)
    1.40623e+04   -1.03373e+06   -1.04131e+06    2.94371e+02   -5.42563e+02
   Constr. rmsd
    4.84354e-07

           Step           Time
           4000        8.00000

   Energies (kJ/mol)
           Bond            U-B    Proper Dih.  Improper Dih.          LJ-14
    1.07401e+02    6.21059e+02    3.82639e+02    1.70054e+01    2.52003e+01
     Coulomb-14        LJ (SR)   Coulomb (SR)   Coul. recip.      Potential
   -1.72944e+03    8.75525e+04   -1.13484e+06    4.08912e+02   -1.04746e+06
    Kinetic En.   Total Energy  Conserved En.    Temperature Pressure (bar)
    1.44955e+04   -1.03296e+06   -1.04130e+06    3.03439e+02   -2.02244e+02
   Constr. rmsd
    4.77780e-07

           Step           Time
           5000       10.00000

   Energies (kJ/mol)
           Bond            U-B    Proper Dih.  Improper Dih.          LJ-14
    1.17247e+02    6.18249e+02    3.71394e+02    1.12116e+01    1.43012e+01
     Coulomb-14        LJ (SR)   Coulomb (SR)   Coul. recip.      Potential
   -1.74552e+03    8.81766e+04   -1.13573e+06    4.44604e+02   -1.04772e+06
    Kinetic En.   Total Energy  Conserved En.    Temperature Pressure (bar)
    1.40466e+04   -1.03368e+06   -1.04129e+06    2.94043e+02    1.33855e+02
   Constr. rmsd
    4.91964e-07

           Step           Time
           6000       12.00000

   Energies (kJ/mol)
           Bond            U-B    Proper Dih.  Improper Dih.          LJ-14
    1.13971e+02    5.39879e+02    3.55819e+02    1.13827e+01    1.35894e+01
     Coulomb-14        LJ (SR)   Coulomb (SR)   Coul. recip.      Potential
   -1.72789e+03    8.80315e+04   -1.13586e+06    4.04107e+02   -1.04811e+06
    Kinetic En.   Total Energy  Conserved En.    Temperature Pressure (bar)
    1.43194e+04   -1.03380e+06   -1.04131e+06    2.99753e+02    2.92384e+02
   Constr. rmsd
    4.67277e-07

           Step           Time
           7000       14.00000

   Energies (kJ/mol)
           Bond            U-B    Proper Dih.  Improper Dih.          LJ-14
    8.80833e+01    7.06483e+02    3.46817e+02    1.06496e+01    1.31669e+01
     Coulomb-14        LJ (SR)   Coulomb (SR)   Coul. recip.      Potential
   -1.75813e+03    8.79635e+04   -1.13579e+06    4.26860e+02   -1.04799e+06
    Kinetic En.   Total Energy  Conserved En.    Temperature Pressure (bar)
    1.39841e+04   -1.03400e+06   -1.04129e+06    2.92733e+02   -1.29280e+01
   Constr. rmsd
    4.71763e-07

           Step           Time
           8000       16.00000

   Energies (kJ/mol)
           Bond            U-B    Proper Dih.  Improper Dih.          LJ-14
    1.34269e+02    6.80755e+02    3.61493e+02    1.23734e+01    1.14289e+01
     Coulomb-14        LJ (SR)   Coulomb (SR)   Coul. recip.      Potential
   -1.81131e+03    8.71279e+04   -1.13506e+06    4.10130e+02   -1.04813e+06
    Kinetic En.   Total Energy  Conserved En.    Temperature Pressure (bar)
    1.43512e+04   -1.03378e+06   -1.04129e+06    3.00418e+02   -8.25842e+02
   Constr. rmsd
    5.11003e-07

           Step           Time
           9000       18.00000

   Energies (kJ/mol)
           Bond            U-B    Proper Dih.  Improper Dih.          LJ-14
    1.34956e+02    6.52442e+02    3.85928e+02    2.24083e+01    1.39625e+01
     Coulomb-14        LJ (SR)   Coulomb (SR)   Coul. recip.      Potential
   -1.78042e+03    8.82357e+04   -1.13607e+06    4.52496e+02   -1.04795e+06
    Kinetic En.   Total Energy  Conserved En.    Temperature Pressure (bar)
    1.40174e+04   -1.03393e+06   -1.04129e+06    2.93431e+02   -6.46887e+01
   Constr. rmsd
    5.07113e-07

           Step           Time
          10000       20.00000

   Energies (kJ/mol)
           Bond            U-B    Proper Dih.  Improper Dih.          LJ-14
    1.02643e+02    7.31729e+02    3.58476e+02    1.36227e+01    1.92854e+01
     Coulomb-14        LJ (SR)   Coulomb (SR)   Coul. recip.      Potential
   -1.84503e+03    8.81681e+04   -1.13614e+06    4.13757e+02   -1.04817e+06
    Kinetic En.   Total Energy  Conserved En.    Temperature Pressure (bar)
    1.43048e+04   -1.03387e+06   -1.04129e+06    2.99446e+02    4.26675e+02
   Constr. rmsd
    4.59768e-07

           Step           Time
          11000       22.00000

   Energies (kJ/mol)
           Bond            U-B    Proper Dih.  Improper Dih.          LJ-14
    1.11026e+02    6.59884e+02    3.59099e+02    1.71042e+01    2.09995e+01
     Coulomb-14        LJ (SR)   Coulomb (SR)   Coul. recip.      Potential
   -1.79818e+03    8.82663e+04   -1.13604e+06    4.65903e+02   -1.04793e+06
    Kinetic En.   Total Energy  Conserved En.    Temperature Pressure (bar)
    1.43800e+04   -1.03355e+06   -1.04130e+06    3.01021e+02    2.92967e+02
   Constr. rmsd
    4.78107e-07

           Step           Time
          12000       24.00000

   Energies (kJ/mol)
           Bond            U-B    Proper Dih.  Improper Dih.          LJ-14
    1.15770e+02    7.12382e+02    3.75737e+02    1.24902e+01    2.54172e+01
     Coulomb-14        LJ (SR)   Coulomb (SR)   Coul. recip.      Potential
   -1.82397e+03    8.81201e+04   -1.13600e+06    4.76744e+02   -1.04798e+06
    Kinetic En.   Total Energy  Conserved En.    Temperature Pressure (bar)
    1.44029e+04   -1.03358e+06   -1.04129e+06    3.01500e+02    2.00985e+02
   Constr. rmsd
    4.93948e-07

           Step           Time
          13000       26.00000

   Energies (kJ/mol)
           Bond            U-B    Proper Dih.  Improper Dih.          LJ-14
    1.44447e+02    6.99807e+02    3.41795e+02    1.17442e+01    1.77403e+01
     Coulomb-14        LJ (SR)   Coulomb (SR)   Coul. recip.      Potential
   -1.81060e+03    8.77102e+04   -1.13529e+06    4.19929e+02   -1.04775e+06
    Kinetic En.   Total Energy  Conserved En.    Temperature Pressure (bar)
    1.42747e+04   -1.03348e+06   -1.04128e+06    2.98817e+02   -1.03122e+02
   Constr. rmsd
    4.91574e-07

           Step           Time
          14000       28.00000

   Energies (kJ/mol)
           Bond            U-B    Proper Dih.  Improper Dih.          LJ-14
    1.32454e+02    7.33393e+02    3.38674e+02    7.43346e+00    8.79091e+00
     Coulomb-14        LJ (SR)   Coulomb (SR)   Coul. recip.      Potential
   -1.81395e+03    8.77232e+04   -1.13521e+06    4.82933e+02   -1.04760e+06
    Kinetic En.   Total Energy  Conserved En.    Temperature Pressure (bar)
    1.42639e+04   -1.03334e+06   -1.04128e+06    2.98591e+02   -1.15564e+02
   Constr. rmsd
    5.00454e-07

           Step           Time
          15000       30.00000

   Energies (kJ/mol)
           Bond            U-B    Proper Dih.  Improper Dih.          LJ-14
    1.07035e+02    6.56070e+02    3.72584e+02    2.02585e+01    1.93219e+01
     Coulomb-14        LJ (SR)   Coulomb (SR)   Coul. recip.      Potential
   -1.85111e+03    8.88432e+04   -1.13658e+06    4.35118e+02   -1.04798e+06
    Kinetic En.   Total Energy  Conserved En.    Temperature Pressure (bar)
    1.41575e+04   -1.03382e+06   -1.04129e+06    2.96363e+02    1.08416e+03
   Constr. rmsd
    4.88573e-07

           Step           Time
          16000       32.00000

   Energies (kJ/mol)
           Bond            U-B    Proper Dih.  Improper Dih.          LJ-14
    1.06371e+02    7.25450e+02    3.63619e+02    1.99475e+01    1.64670e+01
     Coulomb-14        LJ (SR)   Coulomb (SR)   Coul. recip.      Potential
   -1.84191e+03    8.78509e+04   -1.13556e+06    4.57039e+02   -1.04786e+06
    Kinetic En.   Total Energy  Conserved En.    Temperature Pressure (bar)
    1.43993e+04   -1.03346e+06   -1.04128e+06    3.01425e+02    9.09878e+01
   Constr. rmsd
    5.11426e-07

           Step           Time
          17000       34.00000

   Energies (kJ/mol)
           Bond            U-B    Proper Dih.  Improper Dih.          LJ-14
    1.16220e+02    6.69747e+02    3.71229e+02    1.07407e+01    2.93544e+01
     Coulomb-14        LJ (SR)   Coulomb (SR)   Coul. recip.      Potential
   -1.87921e+03    8.79624e+04   -1.13579e+06    4.08003e+02   -1.04810e+06
    Kinetic En.   Total Energy  Conserved En.    Temperature Pressure (bar)
    1.43812e+04   -1.03372e+06   -1.04128e+06    3.01047e+02    2.62737e+01
   Constr. rmsd
    5.07503e-07

           Step           Time
          18000       36.00000

   Energies (kJ/mol)
           Bond            U-B    Proper Dih.  Improper Dih.          LJ-14
    1.10271e+02    6.16248e+02    3.31715e+02    1.59632e+01    5.30734e+00
     Coulomb-14        LJ (SR)   Coulomb (SR)   Coul. recip.      Potential
   -1.86332e+03    8.80966e+04   -1.13581e+06    4.40713e+02   -1.04806e+06
    Kinetic En.   Total Energy  Conserved En.    Temperature Pressure (bar)
    1.42653e+04   -1.03379e+06   -1.04129e+06    2.98620e+02    1.08460e+02
   Constr. rmsd
    4.79973e-07

           Step           Time
          19000       38.00000

   Energies (kJ/mol)
           Bond            U-B    Proper Dih.  Improper Dih.          LJ-14
    1.14023e+02    6.94334e+02    3.49806e+02    1.14796e+01    2.48402e+01
     Coulomb-14        LJ (SR)   Coulomb (SR)   Coul. recip.      Potential
   -1.83875e+03    8.78578e+04   -1.13509e+06    4.39123e+02   -1.04744e+06
    Kinetic En.   Total Energy  Conserved En.    Temperature Pressure (bar)
    1.41297e+04   -1.03331e+06   -1.04128e+06    2.95782e+02    5.79294e+01
   Constr. rmsd
    4.99181e-07

           Step           Time
          20000       40.00000

   Energies (kJ/mol)
           Bond            U-B    Proper Dih.  Improper Dih.          LJ-14
    1.17001e+02    6.69672e+02    3.62764e+02    1.63426e+01    2.17950e+01
     Coulomb-14        LJ (SR)   Coulomb (SR)   Coul. recip.      Potential
   -1.82677e+03    8.84450e+04   -1.13653e+06    4.57585e+02   -1.04827e+06
    Kinetic En.   Total Energy  Conserved En.    Temperature Pressure (bar)
    1.41155e+04   -1.03415e+06   -1.04127e+06    2.95485e+02    5.16933e+02
   Constr. rmsd
    4.97773e-07

           Step           Time
          21000       42.00000

   Energies (kJ/mol)
           Bond            U-B    Proper Dih.  Improper Dih.          LJ-14
    1.02385e+02    6.35198e+02    3.24573e+02    1.34739e+01    1.81054e+01
     Coulomb-14        LJ (SR)   Coulomb (SR)   Coul. recip.      Potential
   -1.84863e+03    8.68730e+04   -1.13453e+06    4.35194e+02   -1.04798e+06
    Kinetic En.   Total Energy  Conserved En.    Temperature Pressure (bar)
    1.45257e+04   -1.03345e+06   -1.04129e+06    3.04072e+02   -1.12710e+03
   Constr. rmsd
    4.78094e-07

           Step           Time
          22000       44.00000

   Energies (kJ/mol)
           Bond            U-B    Proper Dih.  Improper Dih.          LJ-14
    1.18064e+02    6.84218e+02    3.69302e+02    6.65627e+00    2.05001e+01
     Coulomb-14        LJ (SR)   Coulomb (SR)   Coul. recip.      Potential
   -1.76032e+03    8.86066e+04   -1.13642e+06    4.41199e+02   -1.04794e+06
    Kinetic En.   Total Energy  Conserved En.    Temperature Pressure (bar)
    1.42523e+04   -1.03368e+06   -1.04127e+06    2.98349e+02    8.46554e+02
   Constr. rmsd
    4.77818e-07

           Step           Time
          23000       46.00000

   Energies (kJ/mol)
           Bond            U-B    Proper Dih.  Improper Dih.          LJ-14
    1.08876e+02    7.08378e+02    3.64519e+02    5.56723e+00    1.83069e+01
     Coulomb-14        LJ (SR)   Coulomb (SR)   Coul. recip.      Potential
   -1.76873e+03    8.81284e+04   -1.13566e+06    4.50470e+02   -1.04764e+06
    Kinetic En.   Total Energy  Conserved En.    Temperature Pressure (bar)
    1.46910e+04   -1.03295e+06   -1.04127e+06    3.07532e+02    2.21984e+02
   Constr. rmsd
    4.89126e-07

           Step           Time
          24000       48.00000

   Energies (kJ/mol)
           Bond            U-B    Proper Dih.  Improper Dih.          LJ-14
    1.47997e+02    6.10384e+02    3.47792e+02    7.02322e+00    1.50826e+01
     Coulomb-14        LJ (SR)   Coulomb (SR)   Coul. recip.      Potential
   -1.76014e+03    8.65521e+04   -1.13450e+06    4.30875e+02   -1.04815e+06
    Kinetic En.   Total Energy  Conserved En.    Temperature Pressure (bar)
    1.42653e+04   -1.03388e+06   -1.04127e+06    2.98620e+02   -1.69977e+03
   Constr. rmsd
    4.89003e-07

           Step           Time
          25000       50.00000

   Energies (kJ/mol)
           Bond            U-B    Proper Dih.  Improper Dih.          LJ-14
    1.09210e+02    7.14093e+02    3.72581e+02    1.20869e+01    2.44137e+01
     Coulomb-14        LJ (SR)   Coulomb (SR)   Coul. recip.      Potential
   -1.76460e+03    8.81266e+04   -1.13602e+06    4.03323e+02   -1.04802e+06
    Kinetic En.   Total Energy  Conserved En.    Temperature Pressure (bar)
    1.40370e+04   -1.03398e+06   -1.04126e+06    2.93840e+02   -1.01118e+01
   Constr. rmsd
    4.52413e-07

           Step           Time
          26000       52.00000

   Energies (kJ/mol)
           Bond            U-B    Proper Dih.  Improper Dih.          LJ-14
    1.17003e+02    7.27185e+02    3.72926e+02    1.33212e+01    1.64599e+01
     Coulomb-14        LJ (SR)   Coulomb (SR)   Coul. recip.      Potential
   -1.77066e+03    8.80848e+04   -1.13574e+06    4.37992e+02   -1.04774e+06
    Kinetic En.   Total Energy  Conserved En.    Temperature Pressure (bar)
    1.41242e+04   -1.03362e+06   -1.04126e+06    2.95667e+02    1.11268e+02
   Constr. rmsd
    4.33333e-07

           Step           Time
          27000       54.00000

   Energies (kJ/mol)
           Bond            U-B    Proper Dih.  Improper Dih.          LJ-14
    1.19849e+02    6.82382e+02    3.74928e+02    8.68234e+00    2.53959e+01
     Coulomb-14        LJ (SR)   Coulomb (SR)   Coul. recip.      Potential
   -1.77984e+03    8.83393e+04   -1.13671e+06    4.21492e+02   -1.04852e+06
    Kinetic En.   Total Energy  Conserved En.    Temperature Pressure (bar)
    1.39381e+04   -1.03458e+06   -1.04126e+06    2.91770e+02   -3.13732e+01
   Constr. rmsd
    4.97520e-07

           Step           Time
          28000       56.00000

   Energies (kJ/mol)
           Bond            U-B    Proper Dih.  Improper Dih.          LJ-14
    1.25877e+02    7.15409e+02    3.73662e+02    1.16470e+01    2.31012e+01
     Coulomb-14        LJ (SR)   Coulomb (SR)   Coul. recip.      Potential
   -1.74142e+03    8.77589e+04   -1.13515e+06    4.37671e+02   -1.04745e+06
    Kinetic En.   Total Energy  Conserved En.    Temperature Pressure (bar)
    1.45133e+04   -1.03294e+06   -1.04126e+06    3.03812e+02   -7.57777e+01
   Constr. rmsd
    4.84738e-07

           Step           Time
          29000       58.00000

   Energies (kJ/mol)
           Bond            U-B    Proper Dih.  Improper Dih.          LJ-14
    1.46255e+02    6.75754e+02    3.62735e+02    1.18909e+01    1.64515e+01
     Coulomb-14        LJ (SR)   Coulomb (SR)   Coul. recip.      Potential
   -1.76123e+03    8.84005e+04   -1.13622e+06    4.52274e+02   -1.04792e+06
    Kinetic En.   Total Energy  Conserved En.    Temperature Pressure (bar)
    1.41001e+04   -1.03382e+06   -1.04125e+06    2.95162e+02    4.80641e+01
   Constr. rmsd
    4.63266e-07

           Step           Time
          30000       60.00000

   Energies (kJ/mol)
           Bond            U-B    Proper Dih.  Improper Dih.          LJ-14
    1.33208e+02    6.41937e+02    3.75494e+02    1.98530e+01    1.54254e+01
     Coulomb-14        LJ (SR)   Coulomb (SR)   Coul. recip.      Potential
   -1.72161e+03    8.80850e+04   -1.13629e+06    4.00872e+02   -1.04834e+06
    Kinetic En.   Total Energy  Conserved En.    Temperature Pressure (bar)
    1.40151e+04   -1.03433e+06   -1.04126e+06    2.93383e+02    1.62258e+02
   Constr. rmsd
    4.79335e-07

           Step           Time
          31000       62.00000

   Energies (kJ/mol)
           Bond            U-B    Proper Dih.  Improper Dih.          LJ-14
    1.47512e+02    6.69740e+02    3.69780e+02    7.51323e+00    1.29334e+01
     Coulomb-14        LJ (SR)   Coulomb (SR)   Coul. recip.      Potential
   -1.69846e+03    8.80840e+04   -1.13576e+06    3.92050e+02   -1.04778e+06
    Kinetic En.   Total Energy  Conserved En.    Temperature Pressure (bar)
    1.43036e+04   -1.03347e+06   -1.04127e+06    2.99421e+02    1.88155e+02
   Constr. rmsd
    4.67598e-07

           Step           Time
          32000       64.00000

   Energies (kJ/mol)
           Bond            U-B    Proper Dih.  Improper Dih.          LJ-14
    1.09547e+02    7.30453e+02    3.94727e+02    8.54332e+00    2.81980e+01
     Coulomb-14        LJ (SR)   Coulomb (SR)   Coul. recip.      Potential
   -1.71385e+03    8.73818e+04   -1.13543e+06    3.88433e+02   -1.04810e+06
    Kinetic En.   Total Energy  Conserved En.    Temperature Pressure (bar)
    1.45114e+04   -1.03359e+06   -1.04126e+06    3.03772e+02   -6.58169e+02
   Constr. rmsd
    4.44625e-07

           Step           Time
          33000       66.00000

   Energies (kJ/mol)
           Bond            U-B    Proper Dih.  Improper Dih.          LJ-14
    1.27924e+02    6.41211e+02    3.43561e+02    5.79917e+00    1.39178e+01
     Coulomb-14        LJ (SR)   Coulomb (SR)   Coul. recip.      Potential
   -1.74862e+03    8.77184e+04   -1.13601e+06    4.38443e+02   -1.04847e+06
    Kinetic En.   Total Energy  Conserved En.    Temperature Pressure (bar)
    1.44598e+04   -1.03401e+06   -1.04127e+06    3.02692e+02   -3.79931e+02
   Constr. rmsd
    4.49752e-07

           Step           Time
          34000       68.00000

   Energies (kJ/mol)
           Bond            U-B    Proper Dih.  Improper Dih.          LJ-14
    1.03128e+02    7.54202e+02    3.56082e+02    1.27094e+01    2.35043e+01
     Coulomb-14        LJ (SR)   Coulomb (SR)   Coul. recip.      Potential
   -1.75589e+03    8.91054e+04   -1.13659e+06    4.32428e+02   -1.04756e+06
    Kinetic En.   Total Energy  Conserved En.    Temperature Pressure (bar)
    1.43677e+04   -1.03319e+06   -1.04125e+06    3.00763e+02    1.41900e+03
   Constr. rmsd
    4.75930e-07

           Step           Time
          35000       70.00000

   Energies (kJ/mol)
           Bond            U-B    Proper Dih.  Improper Dih.          LJ-14
    1.27622e+02    6.41732e+02    3.51106e+02    2.08775e+01    2.14161e+01
     Coulomb-14        LJ (SR)   Coulomb (SR)   Coul. recip.      Potential
   -1.74135e+03    8.84866e+04   -1.13635e+06    4.33160e+02   -1.04801e+06
    Kinetic En.   Total Energy  Conserved En.    Temperature Pressure (bar)
    1.43269e+04   -1.03369e+06   -1.04126e+06    2.99909e+02    7.14231e+02
   Constr. rmsd
    4.78295e-07

           Step           Time
          36000       72.00000

   Energies (kJ/mol)
           Bond            U-B    Proper Dih.  Improper Dih.          LJ-14
    9.40766e+01    6.96715e+02    3.78736e+02    9.41129e+00    1.96967e+01
     Coulomb-14        LJ (SR)   Coulomb (SR)   Coul. recip.      Potential
   -1.74586e+03    8.80644e+04   -1.13598e+06    4.36723e+02   -1.04803e+06
    Kinetic En.   Total Energy  Conserved En.    Temperature Pressure (bar)
    1.41708e+04   -1.03386e+06   -1.04126e+06    2.96641e+02    5.97518e+01
   Constr. rmsd
    4.67521e-07

           Step           Time
          37000       74.00000

   Energies (kJ/mol)
           Bond            U-B    Proper Dih.  Improper Dih.          LJ-14
    1.10652e+02    6.84500e+02    3.51286e+02    1.53920e+01    2.59241e+01
     Coulomb-14        LJ (SR)   Coulomb (SR)   Coul. recip.      Potential
   -1.77895e+03    8.76292e+04   -1.13551e+06    4.32732e+02   -1.04804e+06
    Kinetic En.   Total Energy  Conserved En.    Temperature Pressure (bar)
    1.44637e+04   -1.03358e+06   -1.04126e+06    3.02773e+02   -2.93330e+02
   Constr. rmsd
    4.58173e-07

           Step           Time
          38000       76.00000

   Energies (kJ/mol)
           Bond            U-B    Proper Dih.  Improper Dih.          LJ-14
    1.30137e+02    6.09609e+02    3.55844e+02    1.74330e+01    6.47687e+00
     Coulomb-14        LJ (SR)   Coulomb (SR)   Coul. recip.      Potential
   -1.77041e+03    8.81668e+04   -1.13570e+06    4.46874e+02   -1.04774e+06
    Kinetic En.   Total Energy  Conserved En.    Temperature Pressure (bar)
    1.43605e+04   -1.03338e+06   -1.04125e+06    3.00612e+02    3.08903e+01
   Constr. rmsd
    4.51762e-07

           Step           Time
          39000       78.00000

   Energies (kJ/mol)
           Bond            U-B    Proper Dih.  Improper Dih.          LJ-14
    1.24869e+02    6.87953e+02    3.53414e+02    9.77863e+00    1.55862e+01
     Coulomb-14        LJ (SR)   Coulomb (SR)   Coul. recip.      Potential
   -1.75177e+03    8.80951e+04   -1.13622e+06    4.06113e+02   -1.04828e+06
    Kinetic En.   Total Energy  Conserved En.    Temperature Pressure (bar)
    1.44112e+04   -1.03387e+06   -1.04125e+06    3.01673e+02   -9.28372e+01
   Constr. rmsd
    4.33984e-07

           Step           Time
          40000       80.00000

   Energies (kJ/mol)
           Bond            U-B    Proper Dih.  Improper Dih.          LJ-14
    1.17225e+02    6.56579e+02    3.45666e+02    1.90853e+01    1.35047e+01
     Coulomb-14        LJ (SR)   Coulomb (SR)   Coul. recip.      Potential
   -1.76294e+03    8.78159e+04   -1.13544e+06    4.39111e+02   -1.04779e+06
    Kinetic En.   Total Energy  Conserved En.    Temperature Pressure (bar)
    1.44056e+04   -1.03339e+06   -1.04124e+06    3.01556e+02   -6.33521e+01
   Constr. rmsd
    4.42881e-07

           Step           Time
          41000       82.00000

   Energies (kJ/mol)
           Bond            U-B    Proper Dih.  Improper Dih.          LJ-14
    1.19139e+02    6.79521e+02    3.48968e+02    4.76311e+00    1.29553e+01
     Coulomb-14        LJ (SR)   Coulomb (SR)   Coul. recip.      Potential
   -1.71460e+03    8.79029e+04   -1.13577e+06    4.19406e+02   -1.04800e+06
    Kinetic En.   Total Energy  Conserved En.    Temperature Pressure (bar)
    1.44488e+04   -1.03355e+06   -1.04124e+06    3.02461e+02   -2.49079e+02
   Constr. rmsd
    4.71789e-07

           Step           Time
          42000       84.00000

   Energies (kJ/mol)
           Bond            U-B    Proper Dih.  Improper Dih.          LJ-14
    1.10518e+02    6.40253e+02    3.54053e+02    7.58287e+00    1.85025e+01
     Coulomb-14        LJ (SR)   Coulomb (SR)   Coul. recip.      Potential
   -1.75632e+03    8.78409e+04   -1.13539e+06    4.16720e+02   -1.04776e+06
    Kinetic En.   Total Energy  Conserved En.    Temperature Pressure (bar)
    1.39585e+04   -1.03380e+06   -1.04124e+06    2.92197e+02    1.14140e+02
   Constr. rmsd
    4.72729e-07

           Step           Time
          43000       86.00000

   Energies (kJ/mol)
           Bond            U-B    Proper Dih.  Improper Dih.          LJ-14
    1.16756e+02    6.40380e+02    3.52656e+02    1.12932e+01    1.14783e+01
     Coulomb-14        LJ (SR)   Coulomb (SR)   Coul. recip.      Potential
   -1.77420e+03    8.81523e+04   -1.13560e+06    4.25598e+02   -1.04766e+06
    Kinetic En.   Total Energy  Conserved En.    Temperature Pressure (bar)
    1.41088e+04   -1.03355e+06   -1.04124e+06    2.95343e+02    2.51531e+02
   Constr. rmsd
    4.83759e-07

           Step           Time
          44000       88.00000

   Energies (kJ/mol)
           Bond            U-B    Proper Dih.  Improper Dih.          LJ-14
    1.42663e+02    6.64942e+02    3.15891e+02    1.28786e+01    1.83888e+01
     Coulomb-14        LJ (SR)   Coulomb (SR)   Coul. recip.      Potential
   -1.76037e+03    8.84764e+04   -1.13619e+06    4.02665e+02   -1.04792e+06
    Kinetic En.   Total Energy  Conserved En.    Temperature Pressure (bar)
    1.43076e+04   -1.03361e+06   -1.04124e+06    2.99505e+02    5.39831e+02
   Constr. rmsd
    5.07456e-07

           Step           Time
          45000       90.00000

   Energies (kJ/mol)
           Bond            U-B    Proper Dih.  Improper Dih.          LJ-14
    1.34390e+02    6.71963e+02    3.29322e+02    2.03782e+01    5.31893e+00
     Coulomb-14        LJ (SR)   Coulomb (SR)   Coul. recip.      Potential
   -1.78673e+03    8.79821e+04   -1.13596e+06    4.46746e+02   -1.04815e+06
    Kinetic En.   Total Energy  Conserved En.    Temperature Pressure (bar)
    1.43294e+04   -1.03382e+06   -1.04124e+06    2.99963e+02    9.46472e+01
   Constr. rmsd
    5.05359e-07

           Step           Time
          46000       92.00000

   Energies (kJ/mol)
           Bond            U-B    Proper Dih.  Improper Dih.          LJ-14
    1.47605e+02    7.15096e+02    3.81932e+02    5.93539e+00    1.71654e+01
     Coulomb-14        LJ (SR)   Coulomb (SR)   Coul. recip.      Potential
   -1.81222e+03    8.83709e+04   -1.13643e+06    4.72001e+02   -1.04813e+06
    Kinetic En.   Total Energy  Conserved En.    Temperature Pressure (bar)
    1.44360e+04   -1.03369e+06   -1.04123e+06    3.02193e+02    3.76086e+02
   Constr. rmsd
    5.29336e-07

           Step           Time
          47000       94.00000

   Energies (kJ/mol)
           Bond            U-B    Proper Dih.  Improper Dih.          LJ-14
    1.01094e+02    6.53197e+02    3.40785e+02    6.61771e+00    1.44986e+01
     Coulomb-14        LJ (SR)   Coulomb (SR)   Coul. recip.      Potential
   -1.83069e+03    8.74443e+04   -1.13503e+06    4.29868e+02   -1.04787e+06
    Kinetic En.   Total Energy  Conserved En.    Temperature Pressure (bar)
    1.46460e+04   -1.03323e+06   -1.04124e+06    3.06589e+02   -4.57634e+02
   Constr. rmsd
    5.36263e-07

           Step           Time
          48000       96.00000

   Energies (kJ/mol)
           Bond            U-B    Proper Dih.  Improper Dih.          LJ-14
    1.09681e+02    6.22021e+02    3.31307e+02    6.17111e+00    1.55795e+01
     Coulomb-14        LJ (SR)   Coulomb (SR)   Coul. recip.      Potential
   -1.82159e+03    8.80199e+04   -1.13596e+06    3.97803e+02   -1.04828e+06
    Kinetic En.   Total Energy  Conserved En.    Temperature Pressure (bar)
    1.39467e+04   -1.03433e+06   -1.04123e+06    2.91951e+02    1.29576e+02
   Constr. rmsd
    5.05596e-07

           Step           Time
          49000       98.00000

   Energies (kJ/mol)
           Bond            U-B    Proper Dih.  Improper Dih.          LJ-14
    1.26418e+02    7.64646e+02    3.24369e+02    4.95410e+00    1.82549e+01
     Coulomb-14        LJ (SR)   Coulomb (SR)   Coul. recip.      Potential
   -1.85046e+03    8.84161e+04   -1.13630e+06    4.63054e+02   -1.04803e+06
    Kinetic En.   Total Energy  Conserved En.    Temperature Pressure (bar)
    1.39642e+04   -1.03406e+06   -1.04122e+06    2.92316e+02    8.09412e+02
   Constr. rmsd
    5.17955e-07

           Step           Time
          50000      100.00000

Writing checkpoint, step 50000 at Thu Feb  1 01:04:50 2024


   Energies (kJ/mol)
           Bond            U-B    Proper Dih.  Improper Dih.          LJ-14
    1.07815e+02    6.48579e+02    3.73878e+02    6.60921e+00    1.97917e+01
     Coulomb-14        LJ (SR)   Coulomb (SR)   Coul. recip.      Potential
   -1.85545e+03    8.81468e+04   -1.13582e+06    4.25237e+02   -1.04794e+06
    Kinetic En.   Total Energy  Conserved En.    Temperature Pressure (bar)
    1.42007e+04   -1.03374e+06   -1.04122e+06    2.97269e+02    1.77468e+02
   Constr. rmsd
    4.67431e-07


	<======  ###############  ==>
	<====  A V E R A G E S  ====>
	<==  ###############  ======>

	Statistics over 50001 steps using 501 frames

   Energies (kJ/mol)
           Bond            U-B    Proper Dih.  Improper Dih.          LJ-14
    1.17968e+02    6.54476e+02    3.56519e+02    1.25439e+01    1.66931e+01
     Coulomb-14        LJ (SR)   Coulomb (SR)   Coul. recip.      Potential
   -1.77875e+03    8.79372e+04   -1.13572e+06    4.30670e+02   -1.04797e+06
    Kinetic En.   Total Energy  Conserved En.    Temperature Pressure (bar)
    1.43068e+04   -1.03366e+06   -1.04127e+06    2.99488e+02   -9.52722e+00
   Constr. rmsd
    0.00000e+00

          Box-X          Box-Y          Box-Z
    3.10248e+00    3.59390e+00    5.01046e+00

   Total Virial (kJ/mol)
    3.29412e+03   -1.21596e+02    3.96202e+01
   -1.21508e+02    4.49272e+03    1.92673e+01
    3.97777e+01    1.92488e+01    6.56812e+03

   Pressure (bar)
    9.08912e+02    5.01075e+01   -2.08687e+01
    5.00550e+01    1.72893e+02   -1.64480e+01
   -2.09624e+01   -1.64370e+01   -1.11039e+03


	M E G A - F L O P S   A C C O U N T I N G

 NB=Group-cutoff nonbonded kernels    NxN=N-by-N cluster Verlet kernels
 RF=Reaction-Field  VdW=Van der Waals  QSTab=quadratic-spline table
 W3=SPC/TIP3p  W4=TIP4p (single or pairs)
 V&F=Potential and force  V=Potential only  F=Force only

 Computing:                               M-Number         M-Flops  % Flops
-----------------------------------------------------------------------------
 Pair Search distance check            1425.084764       12825.763     0.1
 NxN QSTab Elec. + LJ [F]            116796.049264     6190190.611    65.7
 NxN QSTab Elec. + LJ [V&F]            1182.151568       95754.277     1.0
 NxN QSTab Elec. [F]                  77657.149376     2640343.079    28.0
 NxN QSTab Elec. [V&F]                  785.817328       32218.510     0.3
 1,4 nonbonded interactions              40.000800        3600.072     0.0
 Calc Weights                           786.465729       28312.766     0.3
 Spread Q Bspline                     16777.935552       33555.871     0.4
 Gather F Bspline                     16777.935552      100667.613     1.1
 3D-FFT                               29735.694702      237885.558     2.5
 Solve PME                               28.800576        1843.237     0.0
 Shift-X                                  3.282118          19.693     0.0
 Bonds                                    5.500110         324.506     0.0
 Propers                                 48.500970       11106.722     0.1
 Impropers                                0.500010         104.002     0.0
 Virial                                  26.445288         476.015     0.0
 Stop-CM                                  2.631986          26.320     0.0
 P-Coupling                              26.220243         157.321     0.0
 Calc-Ekin                               52.440486        1415.893     0.0
 Lincs                                   14.800888         888.053     0.0
 Lincs-Mat                               66.003960         264.016     0.0
 Constraint-V                           226.559062        1812.472     0.0
 Constraint-Vir                          21.179235         508.302     0.0
 Settle                                  65.653939       21206.222     0.2
 Urey-Bradley                            29.000580        5307.106     0.1
-----------------------------------------------------------------------------
 Total                                                 9420814.002   100.0
-----------------------------------------------------------------------------


     R E A L   C Y C L E   A N D   T I M E   A C C O U N T I N G

On 1 MPI rank, each using 16 OpenMP threads

 Computing:          Num   Num      Call    Wall time         Giga-Cycles
                     Ranks Threads  Count      (s)         total sum    %
-----------------------------------------------------------------------------
 Neighbor search        1   16        626       1.105         40.745   1.2
 Force                  1   16      50001      72.191       2661.255  80.6
 PME mesh               1   16      50001      11.357        418.667  12.7
 NB X/F buffer ops.     1   16      99376       2.254         83.089   2.5
 Write traj.            1   16         21       0.058          2.137   0.1
 Update                 1   16      50001       0.718         26.471   0.8
 Constraints            1   16      50003       1.498         55.241   1.7
 Rest                                           0.426         15.690   0.5
-----------------------------------------------------------------------------
 Total                                         89.607       3303.294 100.0
-----------------------------------------------------------------------------
 Breakdown of PME mesh computation
-----------------------------------------------------------------------------
 PME spread             1   16      50001       4.409        162.519   4.9
 PME gather             1   16      50001       3.895        143.595   4.3
 PME 3D-FFT             1   16     100002       2.452         90.383   2.7
 PME solve Elec         1   16      50001       0.345         12.723   0.4
-----------------------------------------------------------------------------

               Core t (s)   Wall t (s)        (%)
       Time:     1433.716       89.607     1600.0
                 (ns/day)    (hour/ns)
Performance:       96.423        0.249
Finished mdrun on rank 0 Thu Feb  1 01:04:50 2024

